<?xml version="1.0" encoding="UTF-8"?>
<coverage generated="1686571798213" clover="3.2.0">
  <project timestamp="1686571798214" name="All files">
    <metrics statements="1243" coveredstatements="1110" conditionals="612" coveredconditionals="517" methods="287" coveredmethods="233" elements="2142" coveredelements="1860" complexity="0" loc="1243" ncloc="1243" packages="65" files="65" classes="65"/>
    <package name="components.atoms.Avatar">
      <metrics statements="2" coveredstatements="2" conditionals="0" coveredconditionals="0" methods="1" coveredmethods="1"/>
      <file name="index.tsx" path="/home/shaks/Desktop/final/frontend/src/components/atoms/Avatar/index.tsx">
        <metrics statements="2" coveredstatements="2" conditionals="0" coveredconditionals="0" methods="1" coveredmethods="1"/>
        <line num="13" count="3" type="stmt"/>
        <line num="14" count="11" type="stmt"/>
      </file>
    </package>
    <package name="components.atoms.Button">
      <metrics statements="2" coveredstatements="2" conditionals="0" coveredconditionals="0" methods="1" coveredmethods="1"/>
      <file name="index.tsx" path="/home/shaks/Desktop/final/frontend/src/components/atoms/Button/index.tsx">
        <metrics statements="2" coveredstatements="2" conditionals="0" coveredconditionals="0" methods="1" coveredmethods="1"/>
        <line num="23" count="23" type="stmt"/>
        <line num="24" count="263" type="stmt"/>
      </file>
    </package>
    <package name="components.atoms.CheckBox">
      <metrics statements="2" coveredstatements="2" conditionals="0" coveredconditionals="0" methods="1" coveredmethods="1"/>
      <file name="index.tsx" path="/home/shaks/Desktop/final/frontend/src/components/atoms/CheckBox/index.tsx">
        <metrics statements="2" coveredstatements="2" conditionals="0" coveredconditionals="0" methods="1" coveredmethods="1"/>
        <line num="15" count="7" type="stmt"/>
        <line num="16" count="39" type="stmt"/>
      </file>
    </package>
    <package name="components.atoms.Chip">
      <metrics statements="2" coveredstatements="2" conditionals="0" coveredconditionals="0" methods="1" coveredmethods="1"/>
      <file name="index.tsx" path="/home/shaks/Desktop/final/frontend/src/components/atoms/Chip/index.tsx">
        <metrics statements="2" coveredstatements="2" conditionals="0" coveredconditionals="0" methods="1" coveredmethods="1"/>
        <line num="14" count="5" type="stmt"/>
        <line num="15" count="13" type="stmt"/>
      </file>
    </package>
    <package name="components.atoms.Image">
      <metrics statements="2" coveredstatements="2" conditionals="0" coveredconditionals="0" methods="1" coveredmethods="1"/>
      <file name="index.tsx" path="/home/shaks/Desktop/final/frontend/src/components/atoms/Image/index.tsx">
        <metrics statements="2" coveredstatements="2" conditionals="0" coveredconditionals="0" methods="1" coveredmethods="1"/>
        <line num="16" count="44" type="stmt"/>
        <line num="17" count="1140" type="stmt"/>
      </file>
    </package>
    <package name="components.atoms.InputField">
      <metrics statements="2" coveredstatements="2" conditionals="6" coveredconditionals="6" methods="1" coveredmethods="1"/>
      <file name="index.tsx" path="/home/shaks/Desktop/final/frontend/src/components/atoms/InputField/index.tsx">
        <metrics statements="2" coveredstatements="2" conditionals="6" coveredconditionals="6" methods="1" coveredmethods="1"/>
        <line num="34" count="29" type="stmt"/>
        <line num="35" count="538" type="stmt"/>
      </file>
    </package>
    <package name="components.atoms.Radio">
      <metrics statements="2" coveredstatements="2" conditionals="0" coveredconditionals="0" methods="1" coveredmethods="1"/>
      <file name="index.tsx" path="/home/shaks/Desktop/final/frontend/src/components/atoms/Radio/index.tsx">
        <metrics statements="2" coveredstatements="2" conditionals="0" coveredconditionals="0" methods="1" coveredmethods="1"/>
        <line num="17" count="11" type="stmt"/>
        <line num="18" count="43" type="stmt"/>
      </file>
    </package>
    <package name="components.atoms.Stepper">
      <metrics statements="14" coveredstatements="14" conditionals="6" coveredconditionals="6" methods="5" coveredmethods="5"/>
      <file name="index.tsx" path="/home/shaks/Desktop/final/frontend/src/components/atoms/Stepper/index.tsx">
        <metrics statements="14" coveredstatements="14" conditionals="6" coveredconditionals="6" methods="5" coveredmethods="5"/>
        <line num="25" count="355" type="stmt"/>
        <line num="48" count="4" type="stmt"/>
        <line num="49" count="444" type="stmt"/>
        <line num="60" count="4" type="stmt"/>
        <line num="68" count="4" type="stmt"/>
        <line num="69" count="444" type="stmt"/>
        <line num="70" count="444" type="stmt"/>
        <line num="71" count="444" type="cond" truecount="2" falsecount="0"/>
        <line num="72" count="255" type="cond" truecount="2" falsecount="0"/>
        <line num="73" count="89" type="stmt"/>
        <line num="77" count="444" type="stmt"/>
        <line num="86" count="4" type="stmt"/>
        <line num="87" count="93" type="stmt"/>
        <line num="91" count="444" type="stmt"/>
      </file>
    </package>
    <package name="components.atoms.Typography">
      <metrics statements="8" coveredstatements="8" conditionals="0" coveredconditionals="0" methods="1" coveredmethods="1"/>
      <file name="index.tsx" path="/home/shaks/Desktop/final/frontend/src/components/atoms/Typography/index.tsx">
        <metrics statements="8" coveredstatements="8" conditionals="0" coveredconditionals="0" methods="1" coveredmethods="1"/>
        <line num="11" count="50" type="stmt"/>
        <line num="12" count="3185" type="stmt"/>
        <line num="35" count="3185" type="stmt"/>
        <line num="59" count="3185" type="stmt"/>
        <line num="83" count="3185" type="stmt"/>
        <line num="109" count="3185" type="stmt"/>
        <line num="133" count="3185" type="stmt"/>
        <line num="155" count="3185" type="stmt"/>
      </file>
    </package>
    <package name="components.molecules.ButtonImage">
      <metrics statements="2" coveredstatements="2" conditionals="0" coveredconditionals="0" methods="1" coveredmethods="1"/>
      <file name="index.tsx" path="/home/shaks/Desktop/final/frontend/src/components/molecules/ButtonImage/index.tsx">
        <metrics statements="2" coveredstatements="2" conditionals="0" coveredconditionals="0" methods="1" coveredmethods="1"/>
        <line num="13" count="3" type="stmt"/>
        <line num="14" count="7" type="stmt"/>
      </file>
    </package>
    <package name="components.molecules.CalenderInput">
      <metrics statements="2" coveredstatements="2" conditionals="0" coveredconditionals="0" methods="1" coveredmethods="1"/>
      <file name="index.tsx" path="/home/shaks/Desktop/final/frontend/src/components/molecules/CalenderInput/index.tsx">
        <metrics statements="2" coveredstatements="2" conditionals="0" coveredconditionals="0" methods="1" coveredmethods="1"/>
        <line num="17" count="5" type="stmt"/>
        <line num="18" count="54" type="stmt"/>
      </file>
    </package>
    <package name="components.molecules.CheckBoxText">
      <metrics statements="2" coveredstatements="2" conditionals="0" coveredconditionals="0" methods="1" coveredmethods="1"/>
      <file name="index.tsx" path="/home/shaks/Desktop/final/frontend/src/components/molecules/CheckBoxText/index.tsx">
        <metrics statements="2" coveredstatements="2" conditionals="0" coveredconditionals="0" methods="1" coveredmethods="1"/>
        <line num="14" count="3" type="stmt"/>
        <line num="15" count="21" type="stmt"/>
      </file>
    </package>
    <package name="components.molecules.CurrencySelect">
      <metrics statements="3" coveredstatements="3" conditionals="10" coveredconditionals="10" methods="2" coveredmethods="2"/>
      <file name="index.tsx" path="/home/shaks/Desktop/final/frontend/src/components/molecules/CurrencySelect/index.tsx">
        <metrics statements="3" coveredstatements="3" conditionals="10" coveredconditionals="10" methods="2" coveredmethods="2"/>
        <line num="23" count="3" type="stmt"/>
        <line num="24" count="34" type="stmt"/>
        <line num="86" count="8" type="stmt"/>
      </file>
    </package>
    <package name="components.molecules.HomeBackground">
      <metrics statements="2" coveredstatements="2" conditionals="0" coveredconditionals="0" methods="1" coveredmethods="1"/>
      <file name="index.tsx" path="/home/shaks/Desktop/final/frontend/src/components/molecules/HomeBackground/index.tsx">
        <metrics statements="2" coveredstatements="2" conditionals="0" coveredconditionals="0" methods="1" coveredmethods="1"/>
        <line num="18" count="2" type="stmt"/>
        <line num="19" count="9" type="stmt"/>
      </file>
    </package>
    <package name="components.molecules.HomeMainHeading">
      <metrics statements="2" coveredstatements="2" conditionals="8" coveredconditionals="8" methods="1" coveredmethods="1"/>
      <file name="index.tsx" path="/home/shaks/Desktop/final/frontend/src/components/molecules/HomeMainHeading/index.tsx">
        <metrics statements="2" coveredstatements="2" conditionals="8" coveredconditionals="8" methods="1" coveredmethods="1"/>
        <line num="18" count="2" type="stmt"/>
        <line num="19" count="2" type="stmt"/>
      </file>
    </package>
    <package name="components.molecules.IconTextRadio">
      <metrics statements="2" coveredstatements="2" conditionals="14" coveredconditionals="14" methods="1" coveredmethods="1"/>
      <file name="index.tsx" path="/home/shaks/Desktop/final/frontend/src/components/molecules/IconTextRadio/index.tsx">
        <metrics statements="2" coveredstatements="2" conditionals="14" coveredconditionals="14" methods="1" coveredmethods="1"/>
        <line num="38" count="6" type="stmt"/>
        <line num="39" count="90" type="stmt"/>
      </file>
    </package>
    <package name="components.molecules.NavItem">
      <metrics statements="2" coveredstatements="2" conditionals="2" coveredconditionals="2" methods="1" coveredmethods="1"/>
      <file name="index.tsx" path="/home/shaks/Desktop/final/frontend/src/components/molecules/NavItem/index.tsx">
        <metrics statements="2" coveredstatements="2" conditionals="2" coveredconditionals="2" methods="1" coveredmethods="1"/>
        <line num="22" count="4" type="stmt"/>
        <line num="23" count="78" type="stmt"/>
      </file>
    </package>
    <package name="components.molecules.RadioText">
      <metrics statements="2" coveredstatements="2" conditionals="0" coveredconditionals="0" methods="1" coveredmethods="1"/>
      <file name="index.tsx" path="/home/shaks/Desktop/final/frontend/src/components/molecules/RadioText/index.tsx">
        <metrics statements="2" coveredstatements="2" conditionals="0" coveredconditionals="0" methods="1" coveredmethods="1"/>
        <line num="25" count="5" type="stmt"/>
        <line num="26" count="12" type="stmt"/>
      </file>
    </package>
    <package name="components.molecules.SelectInput">
      <metrics statements="3" coveredstatements="3" conditionals="6" coveredconditionals="5" methods="2" coveredmethods="2"/>
      <file name="index.tsx" path="/home/shaks/Desktop/final/frontend/src/components/molecules/SelectInput/index.tsx">
        <metrics statements="3" coveredstatements="3" conditionals="6" coveredconditionals="5" methods="2" coveredmethods="2"/>
        <line num="30" count="1" type="stmt"/>
        <line num="31" count="3" type="stmt"/>
        <line num="42" count="3" type="stmt"/>
      </file>
    </package>
    <package name="components.molecules.TextButton">
      <metrics statements="2" coveredstatements="2" conditionals="0" coveredconditionals="0" methods="1" coveredmethods="1"/>
      <file name="index.tsx" path="/home/shaks/Desktop/final/frontend/src/components/molecules/TextButton/index.tsx">
        <metrics statements="2" coveredstatements="2" conditionals="0" coveredconditionals="0" methods="1" coveredmethods="1"/>
        <line num="14" count="4" type="stmt"/>
        <line num="15" count="19" type="stmt"/>
      </file>
    </package>
    <package name="components.molecules.TextDividerIcon">
      <metrics statements="2" coveredstatements="2" conditionals="2" coveredconditionals="2" methods="1" coveredmethods="1"/>
      <file name="index.tsx" path="/home/shaks/Desktop/final/frontend/src/components/molecules/TextDividerIcon/index.tsx">
        <metrics statements="2" coveredstatements="2" conditionals="2" coveredconditionals="2" methods="1" coveredmethods="1"/>
        <line num="21" count="3" type="stmt"/>
        <line num="22" count="43" type="stmt"/>
      </file>
    </package>
    <package name="components.organisms.AccountType">
      <metrics statements="5" coveredstatements="5" conditionals="0" coveredconditionals="0" methods="3" coveredmethods="3"/>
      <file name="index.tsx" path="/home/shaks/Desktop/final/frontend/src/components/organisms/AccountType/index.tsx">
        <metrics statements="5" coveredstatements="5" conditionals="0" coveredconditionals="0" methods="3" coveredmethods="3"/>
        <line num="14" count="3" type="stmt"/>
        <line num="16" count="15" type="stmt"/>
        <line num="28" count="30" type="stmt"/>
        <line num="29" count="30" type="stmt"/>
        <line num="45" count="16" type="stmt"/>
      </file>
    </package>
    <package name="components.organisms.Amount">
      <metrics statements="26" coveredstatements="26" conditionals="8" coveredconditionals="7" methods="8" coveredmethods="7"/>
      <file name="index.tsx" path="/home/shaks/Desktop/final/frontend/src/components/organisms/Amount/index.tsx">
        <metrics statements="26" coveredstatements="26" conditionals="8" coveredconditionals="7" methods="8" coveredmethods="7"/>
        <line num="15" count="2" type="stmt"/>
        <line num="16" count="17" type="stmt"/>
        <line num="17" count="15" type="stmt"/>
        <line num="18" count="15" type="stmt"/>
        <line num="19" count="15" type="stmt"/>
        <line num="21" count="15" type="stmt"/>
        <line num="24" count="2" type="stmt"/>
        <line num="25" count="2" type="stmt"/>
        <line num="26" count="2" type="stmt"/>
        <line num="27" count="2" type="cond" truecount="2" falsecount="0"/>
        <line num="28" count="1" type="stmt"/>
        <line num="29" count="1" type="stmt"/>
        <line num="30" count="1" type="cond" truecount="1" falsecount="1"/>
        <line num="31" count="1" type="stmt"/>
        <line num="32" count="1" type="stmt"/>
        <line num="39" count="1" type="stmt"/>
        <line num="42" count="15" type="stmt"/>
        <line num="43" count="1" type="stmt"/>
        <line num="45" count="15" type="stmt"/>
        <line num="49" count="1" type="stmt"/>
        <line num="51" count="15" type="stmt"/>
        <line num="52" count="1" type="stmt"/>
        <line num="54" count="15" type="stmt"/>
        <line num="56" count="15" type="stmt"/>
        <line num="84" count="1" type="stmt"/>
        <line num="85" count="1" type="stmt"/>
      </file>
    </package>
    <package name="components.organisms.AmountVerification">
      <metrics statements="9" coveredstatements="9" conditionals="2" coveredconditionals="2" methods="4" coveredmethods="4"/>
      <file name="index.tsx" path="/home/shaks/Desktop/final/frontend/src/components/organisms/AmountVerification/index.tsx">
        <metrics statements="9" coveredstatements="9" conditionals="2" coveredconditionals="2" methods="4" coveredmethods="4"/>
        <line num="17" count="2" type="stmt"/>
        <line num="18" count="17" type="stmt"/>
        <line num="21" count="2" type="stmt"/>
        <line num="22" count="8" type="stmt"/>
        <line num="23" count="8" type="stmt"/>
        <line num="24" count="1" type="stmt"/>
        <line num="25" count="1" type="stmt"/>
        <line num="28" count="8" type="stmt"/>
        <line num="59" count="32" type="stmt"/>
      </file>
    </package>
    <package name="components.organisms.BusinessActivity">
      <metrics statements="28" coveredstatements="28" conditionals="17" coveredconditionals="16" methods="6" coveredmethods="6"/>
      <file name="index.tsx" path="/home/shaks/Desktop/final/frontend/src/components/organisms/BusinessActivity/index.tsx">
        <metrics statements="28" coveredstatements="28" conditionals="17" coveredconditionals="16" methods="6" coveredmethods="6"/>
        <line num="22" count="2" type="stmt"/>
        <line num="23" count="12" type="stmt"/>
        <line num="31" count="12" type="stmt"/>
        <line num="39" count="12" type="stmt"/>
        <line num="41" count="12" type="stmt"/>
        <line num="42" count="12" type="stmt"/>
        <line num="43" count="12" type="stmt"/>
        <line num="44" count="10" type="stmt"/>
        <line num="45" count="10" type="stmt"/>
        <line num="46" count="10" type="stmt"/>
        <line num="47" count="10" type="stmt"/>
        <line num="49" count="10" type="stmt"/>
        <line num="50" count="6" type="stmt"/>
        <line num="51" count="6" type="stmt"/>
        <line num="52" count="6" type="cond" truecount="2" falsecount="0"/>
        <line num="53" count="2" type="stmt"/>
        <line num="57" count="4" type="cond" truecount="2" falsecount="0"/>
        <line num="58" count="2" type="stmt"/>
        <line num="62" count="2" type="cond" truecount="1" falsecount="1"/>
        <line num="63" count="2" type="stmt"/>
        <line num="70" count="10" type="cond" truecount="5" falsecount="0"/>
        <line num="71" count="3" type="stmt"/>
        <line num="74" count="10" type="stmt"/>
        <line num="75" count="54" type="stmt"/>
        <line num="78" count="10" type="stmt"/>
        <line num="101" count="30" type="stmt"/>
        <line num="116" count="6" type="stmt"/>
        <line num="124" count="150" type="stmt"/>
      </file>
    </package>
    <package name="components.organisms.BusinessSearch">
      <metrics statements="14" coveredstatements="14" conditionals="8" coveredconditionals="7" methods="6" coveredmethods="6"/>
      <file name="index.tsx" path="/home/shaks/Desktop/final/frontend/src/components/organisms/BusinessSearch/index.tsx">
        <metrics statements="14" coveredstatements="14" conditionals="8" coveredconditionals="7" methods="6" coveredmethods="6"/>
        <line num="16" count="2" type="stmt"/>
        <line num="17" count="14" type="stmt"/>
        <line num="18" count="12" type="stmt"/>
        <line num="19" count="12" type="stmt"/>
        <line num="25" count="12" type="stmt"/>
        <line num="26" count="1" type="stmt"/>
        <line num="27" count="1" type="stmt"/>
        <line num="28" count="1" type="cond" truecount="3" falsecount="1"/>
        <line num="29" count="1" type="stmt"/>
        <line num="32" count="12" type="stmt"/>
        <line num="60" count="4" type="stmt"/>
        <line num="80" count="1" type="stmt"/>
        <line num="91" count="20" type="stmt"/>
        <line num="102" count="9" type="stmt"/>
      </file>
    </package>
    <package name="components.organisms.CancelModal">
      <metrics statements="24" coveredstatements="14" conditionals="24" coveredconditionals="19" methods="11" coveredmethods="5"/>
      <file name="index.tsx" path="/home/shaks/Desktop/final/frontend/src/components/organisms/CancelModal/index.tsx">
        <metrics statements="24" coveredstatements="14" conditionals="24" coveredconditionals="19" methods="11" coveredmethods="5"/>
        <line num="27" count="3" type="stmt"/>
        <line num="28" count="5" type="stmt"/>
        <line num="29" count="5" type="stmt"/>
        <line num="43" count="5" type="stmt"/>
        <line num="45" count="4" type="stmt"/>
        <line num="46" count="0" type="stmt"/>
        <line num="47" count="0" type="stmt"/>
        <line num="48" count="0" type="stmt"/>
        <line num="49" count="0" type="cond" truecount="0" falsecount="2"/>
        <line num="50" count="0" type="stmt"/>
        <line num="51" count="0" type="stmt"/>
        <line num="56" count="4" type="stmt"/>
        <line num="57" count="0" type="stmt"/>
        <line num="58" count="0" type="stmt"/>
        <line num="61" count="0" type="cond" truecount="0" falsecount="2"/>
        <line num="75" count="4" type="stmt"/>
        <line num="76" count="4" type="stmt"/>
        <line num="78" count="4" type="stmt"/>
        <line num="79" count="4" type="stmt"/>
        <line num="133" count="1" type="stmt"/>
        <line num="151" count="2" type="stmt"/>
        <line num="181" count="4" type="stmt"/>
        <line num="190" count="0" type="stmt"/>
        <line num="196" count="3" type="stmt"/>
      </file>
    </package>
    <package name="components.organisms.CardType">
      <metrics statements="18" coveredstatements="14" conditionals="14" coveredconditionals="3" methods="3" coveredmethods="2"/>
      <file name="index.tsx" path="/home/shaks/Desktop/final/frontend/src/components/organisms/CardType/index.tsx">
        <metrics statements="18" coveredstatements="14" conditionals="14" coveredconditionals="3" methods="3" coveredmethods="2"/>
        <line num="23" count="2" type="stmt"/>
        <line num="25" count="2" type="stmt"/>
        <line num="27" count="3" type="stmt"/>
        <line num="28" count="3" type="stmt"/>
        <line num="29" count="3" type="stmt"/>
        <line num="30" count="3" type="stmt"/>
        <line num="31" count="2" type="stmt"/>
        <line num="32" count="2" type="stmt"/>
        <line num="33" count="2" type="cond" truecount="2" falsecount="0"/>
        <line num="34" count="1" type="stmt"/>
        <line num="35" count="1" type="cond" truecount="1" falsecount="1"/>
        <line num="36" count="1" type="stmt"/>
        <line num="40" count="3" type="stmt"/>
        <line num="41" count="0" type="cond" truecount="0" falsecount="5"/>
        <line num="42" count="0" type="stmt"/>
        <line num="44" count="0" type="cond" truecount="0" falsecount="5"/>
        <line num="45" count="0" type="stmt"/>
        <line num="49" count="3" type="stmt"/>
      </file>
    </package>
    <package name="components.organisms.ConfirmAddress">
      <metrics statements="33" coveredstatements="15" conditionals="24" coveredconditionals="8" methods="9" coveredmethods="2"/>
      <file name="index.tsx" path="/home/shaks/Desktop/final/frontend/src/components/organisms/ConfirmAddress/index.tsx">
        <metrics statements="33" coveredstatements="15" conditionals="24" coveredconditionals="8" methods="9" coveredmethods="2"/>
        <line num="29" count="2" type="stmt"/>
        <line num="31" count="7" type="stmt"/>
        <line num="32" count="5" type="stmt"/>
        <line num="33" count="5" type="stmt"/>
        <line num="34" count="5" type="stmt"/>
        <line num="35" count="5" type="stmt"/>
        <line num="36" count="5" type="stmt"/>
        <line num="38" count="5" type="stmt"/>
        <line num="39" count="0" type="stmt"/>
        <line num="41" count="5" type="stmt"/>
        <line num="43" count="5" type="stmt"/>
        <line num="44" count="0" type="cond" truecount="0" falsecount="2"/>
        <line num="45" count="0" type="stmt"/>
        <line num="46" count="0" type="stmt"/>
        <line num="50" count="0" type="cond" truecount="0" falsecount="2"/>
        <line num="51" count="0" type="stmt"/>
        <line num="57" count="5" type="stmt"/>
        <line num="58" count="5" type="cond" truecount="2" falsecount="0"/>
        <line num="59" count="2" type="stmt"/>
        <line num="65" count="2" type="stmt"/>
        <line num="68" count="5" type="stmt"/>
        <line num="113" count="0" type="cond" truecount="0" falsecount="2"/>
        <line num="114" count="0" type="stmt"/>
        <line num="115" count="0" type="cond" truecount="0" falsecount="2"/>
        <line num="116" count="0" type="stmt"/>
        <line num="117" count="0" type="stmt"/>
        <line num="184" count="0" type="stmt"/>
        <line num="185" count="0" type="stmt"/>
        <line num="262" count="0" type="cond" truecount="0" falsecount="2"/>
        <line num="263" count="0" type="stmt"/>
        <line num="265" count="0" type="stmt"/>
        <line num="329" count="0" type="stmt"/>
        <line num="330" count="0" type="stmt"/>
      </file>
    </package>
    <package name="components.organisms.ConfirmBusiness">
      <metrics statements="16" coveredstatements="16" conditionals="18" coveredconditionals="17" methods="4" coveredmethods="4"/>
      <file name="index.tsx" path="/home/shaks/Desktop/final/frontend/src/components/organisms/ConfirmBusiness/index.tsx">
        <metrics statements="16" coveredstatements="16" conditionals="18" coveredconditionals="17" methods="4" coveredmethods="4"/>
        <line num="24" count="2" type="stmt"/>
        <line num="25" count="12" type="stmt"/>
        <line num="27" count="10" type="stmt"/>
        <line num="28" count="3" type="cond" truecount="2" falsecount="0"/>
        <line num="29" count="1" type="stmt"/>
        <line num="33" count="2" type="cond" truecount="2" falsecount="0"/>
        <line num="34" count="1" type="stmt"/>
        <line num="38" count="1" type="cond" truecount="1" falsecount="1"/>
        <line num="39" count="1" type="stmt"/>
        <line num="46" count="10" type="cond" truecount="2" falsecount="0"/>
        <line num="47" count="2" type="stmt"/>
        <line num="52" count="10" type="cond" truecount="2" falsecount="0"/>
        <line num="53" count="1" type="stmt"/>
        <line num="59" count="10" type="stmt"/>
        <line num="95" count="1" type="stmt"/>
        <line num="199" count="1" type="stmt"/>
      </file>
    </package>
    <package name="components.organisms.ConfirmPurchase">
      <metrics statements="26" coveredstatements="17" conditionals="0" coveredconditionals="0" methods="12" coveredmethods="8"/>
      <file name="index.tsx" path="/home/shaks/Desktop/final/frontend/src/components/organisms/ConfirmPurchase/index.tsx">
        <metrics statements="26" coveredstatements="17" conditionals="0" coveredconditionals="0" methods="12" coveredmethods="8"/>
        <line num="12" count="2" type="stmt"/>
        <line num="14" count="2" type="stmt"/>
        <line num="16" count="2" type="stmt"/>
        <line num="18" count="2" type="stmt"/>
        <line num="19" count="2" type="stmt"/>
        <line num="20" count="2" type="stmt"/>
        <line num="21" count="2" type="stmt"/>
        <line num="22" count="2" type="stmt"/>
        <line num="23" count="2" type="stmt"/>
        <line num="24" count="2" type="stmt"/>
        <line num="25" count="2" type="stmt"/>
        <line num="26" count="2" type="stmt"/>
        <line num="27" count="2" type="stmt"/>
        <line num="73" count="1" type="stmt"/>
        <line num="74" count="1" type="stmt"/>
        <line num="78" count="1" type="stmt"/>
        <line num="107" count="1" type="stmt"/>
        <line num="110" count="0" type="stmt"/>
        <line num="111" count="0" type="stmt"/>
        <line num="113" count="0" type="stmt"/>
        <line num="121" count="0" type="stmt"/>
        <line num="122" count="0" type="stmt"/>
        <line num="131" count="0" type="stmt"/>
        <line num="133" count="0" type="stmt"/>
        <line num="137" count="0" type="stmt"/>
        <line num="138" count="0" type="stmt"/>
      </file>
    </package>
    <package name="components.organisms.ConfirmVerification">
      <metrics statements="46" coveredstatements="43" conditionals="54" coveredconditionals="50" methods="13" coveredmethods="12"/>
      <file name="index.tsx" path="/home/shaks/Desktop/final/frontend/src/components/organisms/ConfirmVerification/index.tsx">
        <metrics statements="46" coveredstatements="43" conditionals="54" coveredconditionals="50" methods="13" coveredmethods="12"/>
        <line num="18" count="2" type="stmt"/>
        <line num="19" count="49" type="stmt"/>
        <line num="34" count="2" type="stmt"/>
        <line num="36" count="2" type="stmt"/>
        <line num="37" count="24" type="stmt"/>
        <line num="39" count="24" type="stmt"/>
        <line num="40" count="0" type="stmt"/>
        <line num="41" count="0" type="cond" truecount="0" falsecount="2"/>
        <line num="42" count="0" type="stmt"/>
        <line num="44" count="24" type="stmt"/>
        <line num="45" count="24" type="stmt"/>
        <line num="46" count="24" type="stmt"/>
        <line num="47" count="24" type="stmt"/>
        <line num="48" count="24" type="stmt"/>
        <line num="49" count="24" type="stmt"/>
        <line num="50" count="24" type="stmt"/>
        <line num="51" count="24" type="stmt"/>
        <line num="52" count="1" type="stmt"/>
        <line num="53" count="1" type="stmt"/>
        <line num="54" count="1" type="stmt"/>
        <line num="57" count="24" type="stmt"/>
        <line num="62" count="4" type="stmt"/>
        <line num="64" count="4" type="stmt"/>
        <line num="70" count="4" type="stmt"/>
        <line num="73" count="24" type="stmt"/>
        <line num="74" count="2" type="stmt"/>
        <line num="76" count="24" type="stmt"/>
        <line num="114" count="2" type="cond" truecount="2" falsecount="0"/>
        <line num="115" count="1" type="stmt"/>
        <line num="116" count="1" type="cond" truecount="3" falsecount="1"/>
        <line num="117" count="1" type="stmt"/>
        <line num="118" count="1" type="stmt"/>
        <line num="145" count="2" type="cond" truecount="3" falsecount="1"/>
        <line num="146" count="2" type="stmt"/>
        <line num="147" count="2" type="stmt"/>
        <line num="148" count="2" type="cond" truecount="2" falsecount="0"/>
        <line num="149" count="1" type="stmt"/>
        <line num="194" count="96" type="stmt"/>
        <line num="232" count="1" type="stmt"/>
        <line num="252" count="2" type="cond" truecount="2" falsecount="0"/>
        <line num="253" count="1" type="stmt"/>
        <line num="255" count="1" type="stmt"/>
        <line num="278" count="2" type="cond" truecount="2" falsecount="0"/>
        <line num="279" count="1" type="stmt"/>
        <line num="281" count="1" type="stmt"/>
        <line num="325" count="24" type="stmt"/>
      </file>
    </package>
    <package name="components.organisms.ConformationModal">
      <metrics statements="2" coveredstatements="2" conditionals="0" coveredconditionals="0" methods="1" coveredmethods="1"/>
      <file name="index.tsx" path="/home/shaks/Desktop/final/frontend/src/components/organisms/ConformationModal/index.tsx">
        <metrics statements="2" coveredstatements="2" conditionals="0" coveredconditionals="0" methods="1" coveredmethods="1"/>
        <line num="10" count="3" type="stmt"/>
        <line num="12" count="3" type="stmt"/>
      </file>
    </package>
    <package name="components.organisms.Country">
      <metrics statements="10" coveredstatements="10" conditionals="4" coveredconditionals="4" methods="4" coveredmethods="4"/>
      <file name="index.tsx" path="/home/shaks/Desktop/final/frontend/src/components/organisms/Country/index.tsx">
        <metrics statements="10" coveredstatements="10" conditionals="4" coveredconditionals="4" methods="4" coveredmethods="4"/>
        <line num="12" count="2" type="stmt"/>
        <line num="35" count="2" type="stmt"/>
        <line num="36" count="12" type="stmt"/>
        <line num="38" count="2" type="stmt"/>
        <line num="39" count="5" type="stmt"/>
        <line num="40" count="5" type="stmt"/>
        <line num="41" count="1" type="stmt"/>
        <line num="42" count="1" type="stmt"/>
        <line num="44" count="5" type="stmt"/>
        <line num="72" count="20" type="stmt"/>
      </file>
    </package>
    <package name="components.organisms.DetailsFilling">
      <metrics statements="45" coveredstatements="45" conditionals="36" coveredconditionals="34" methods="6" coveredmethods="6"/>
      <file name="index.tsx" path="/home/shaks/Desktop/final/frontend/src/components/organisms/DetailsFilling/index.tsx">
        <metrics statements="45" coveredstatements="45" conditionals="36" coveredconditionals="34" methods="6" coveredmethods="6"/>
        <line num="22" count="2" type="stmt"/>
        <line num="23" count="26" type="stmt"/>
        <line num="26" count="2" type="stmt"/>
        <line num="27" count="21" type="stmt"/>
        <line num="34" count="21" type="stmt"/>
        <line num="43" count="21" type="stmt"/>
        <line num="52" count="21" type="stmt"/>
        <line num="53" count="19" type="stmt"/>
        <line num="54" count="19" type="stmt"/>
        <line num="55" count="19" type="stmt"/>
        <line num="56" count="19" type="stmt"/>
        <line num="57" count="19" type="stmt"/>
        <line num="58" count="19" type="stmt"/>
        <line num="59" count="19" type="stmt"/>
        <line num="60" count="19" type="stmt"/>
        <line num="70" count="19" type="stmt"/>
        <line num="71" count="2" type="stmt"/>
        <line num="72" count="2" type="stmt"/>
        <line num="73" count="2" type="stmt"/>
        <line num="80" count="19" type="stmt"/>
        <line num="81" count="12" type="cond" truecount="2" falsecount="0"/>
        <line num="82" count="2" type="stmt"/>
        <line num="83" count="10" type="cond" truecount="2" falsecount="0"/>
        <line num="84" count="2" type="stmt"/>
        <line num="85" count="8" type="cond" truecount="2" falsecount="0"/>
        <line num="86" count="2" type="stmt"/>
        <line num="87" count="2" type="stmt"/>
        <line num="94" count="6" type="cond" truecount="2" falsecount="0"/>
        <line num="95" count="2" type="stmt"/>
        <line num="96" count="2" type="stmt"/>
        <line num="103" count="4" type="cond" truecount="2" falsecount="0"/>
        <line num="104" count="2" type="stmt"/>
        <line num="105" count="2" type="stmt"/>
        <line num="112" count="2" type="cond" truecount="1" falsecount="1"/>
        <line num="113" count="2" type="cond" truecount="1" falsecount="1"/>
        <line num="114" count="2" type="stmt"/>
        <line num="115" count="2" type="stmt"/>
        <line num="126" count="19" type="cond" truecount="9" falsecount="0"/>
        <line num="127" count="4" type="stmt"/>
        <line num="129" count="15" type="stmt"/>
        <line num="132" count="19" type="stmt"/>
        <line num="133" count="19" type="stmt"/>
        <line num="134" count="19" type="stmt"/>
        <line num="162" count="133" type="stmt"/>
        <line num="192" count="570" type="stmt"/>
      </file>
    </package>
    <package name="components.organisms.HomeHeader">
      <metrics statements="3" coveredstatements="3" conditionals="10" coveredconditionals="7" methods="1" coveredmethods="1"/>
      <file name="index.tsx" path="/home/shaks/Desktop/final/frontend/src/components/organisms/HomeHeader/index.tsx">
        <metrics statements="3" coveredstatements="3" conditionals="10" coveredconditionals="7" methods="1" coveredmethods="1"/>
        <line num="14" count="2" type="stmt"/>
        <line num="17" count="10" type="stmt"/>
        <line num="19" count="10" type="stmt"/>
      </file>
    </package>
    <package name="components.organisms.HomeMain">
      <metrics statements="17" coveredstatements="13" conditionals="12" coveredconditionals="11" methods="6" coveredmethods="5"/>
      <file name="index.tsx" path="/home/shaks/Desktop/final/frontend/src/components/organisms/HomeMain/index.tsx">
        <metrics statements="17" coveredstatements="13" conditionals="12" coveredconditionals="11" methods="6" coveredmethods="5"/>
        <line num="26" count="2" type="stmt"/>
        <line num="27" count="5" type="stmt"/>
        <line num="28" count="5" type="stmt"/>
        <line num="29" count="4" type="stmt"/>
        <line num="30" count="4" type="stmt"/>
        <line num="32" count="4" type="stmt"/>
        <line num="33" count="0" type="stmt"/>
        <line num="34" count="0" type="stmt"/>
        <line num="35" count="0" type="stmt"/>
        <line num="38" count="0" type="stmt"/>
        <line num="42" count="4" type="stmt"/>
        <line num="43" count="1" type="stmt"/>
        <line num="46" count="4" type="stmt"/>
        <line num="47" count="1" type="stmt"/>
        <line num="49" count="4" type="stmt"/>
        <line num="128" count="8" type="stmt"/>
        <line num="135" count="8" type="stmt"/>
      </file>
    </package>
    <package name="components.organisms.LloydsPayment">
      <metrics statements="2" coveredstatements="2" conditionals="0" coveredconditionals="0" methods="1" coveredmethods="1"/>
      <file name="index.tsx" path="/home/shaks/Desktop/final/frontend/src/components/organisms/LloydsPayment/index.tsx">
        <metrics statements="2" coveredstatements="2" conditionals="0" coveredconditionals="0" methods="1" coveredmethods="1"/>
        <line num="21" count="3" type="stmt"/>
        <line num="22" count="6" type="stmt"/>
      </file>
    </package>
    <package name="components.organisms.LloydsPaymentDetails">
      <metrics statements="24" coveredstatements="15" conditionals="0" coveredconditionals="0" methods="13" coveredmethods="9"/>
      <file name="index.tsx" path="/home/shaks/Desktop/final/frontend/src/components/organisms/LloydsPaymentDetails/index.tsx">
        <metrics statements="24" coveredstatements="15" conditionals="0" coveredconditionals="0" methods="13" coveredmethods="9"/>
        <line num="21" count="2" type="stmt"/>
        <line num="22" count="3" type="stmt"/>
        <line num="23" count="3" type="stmt"/>
        <line num="24" count="3" type="stmt"/>
        <line num="25" count="3" type="stmt"/>
        <line num="26" count="3" type="stmt"/>
        <line num="28" count="3" type="stmt"/>
        <line num="29" count="3" type="stmt"/>
        <line num="30" count="3" type="stmt"/>
        <line num="31" count="3" type="stmt"/>
        <line num="150" count="1" type="stmt"/>
        <line num="151" count="1" type="stmt"/>
        <line num="155" count="1" type="stmt"/>
        <line num="184" count="1" type="stmt"/>
        <line num="187" count="0" type="stmt"/>
        <line num="188" count="0" type="stmt"/>
        <line num="190" count="0" type="stmt"/>
        <line num="198" count="0" type="stmt"/>
        <line num="199" count="0" type="stmt"/>
        <line num="208" count="0" type="stmt"/>
        <line num="210" count="0" type="stmt"/>
        <line num="214" count="0" type="stmt"/>
        <line num="215" count="0" type="stmt"/>
        <line num="231" count="1" type="stmt"/>
      </file>
    </package>
    <package name="components.organisms.Login">
      <metrics statements="56" coveredstatements="49" conditionals="24" coveredconditionals="19" methods="12" coveredmethods="10"/>
      <file name="index.tsx" path="/home/shaks/Desktop/final/frontend/src/components/organisms/Login/index.tsx">
        <metrics statements="56" coveredstatements="49" conditionals="24" coveredconditionals="19" methods="12" coveredmethods="10"/>
        <line num="25" count="3" type="stmt"/>
        <line num="26" count="3" type="stmt"/>
        <line num="27" count="3" type="stmt"/>
        <line num="28" count="3" type="stmt"/>
        <line num="29" count="3" type="stmt"/>
        <line num="31" count="3" type="stmt"/>
        <line num="32" count="19" type="stmt"/>
        <line num="33" count="16" type="stmt"/>
        <line num="34" count="16" type="stmt"/>
        <line num="35" count="16" type="stmt"/>
        <line num="36" count="16" type="stmt"/>
        <line num="37" count="16" type="stmt"/>
        <line num="38" count="16" type="stmt"/>
        <line num="39" count="16" type="stmt"/>
        <line num="40" count="16" type="stmt"/>
        <line num="41" count="16" type="stmt"/>
        <line num="42" count="16" type="stmt"/>
        <line num="43" count="1" type="stmt"/>
        <line num="46" count="16" type="stmt"/>
        <line num="47" count="2" type="stmt"/>
        <line num="48" count="2" type="stmt"/>
        <line num="50" count="16" type="stmt"/>
        <line num="51" count="2" type="stmt"/>
        <line num="53" count="16" type="stmt"/>
        <line num="54" count="2" type="stmt"/>
        <line num="55" count="2" type="stmt"/>
        <line num="56" count="2" type="stmt"/>
        <line num="58" count="2" type="cond" truecount="2" falsecount="0"/>
        <line num="59" count="1" type="stmt"/>
        <line num="61" count="1" type="stmt"/>
        <line num="64" count="16" type="stmt"/>
        <line num="65" count="2" type="stmt"/>
        <line num="66" count="2" type="stmt"/>
        <line num="68" count="2" type="cond" truecount="2" falsecount="0"/>
        <line num="69" count="1" type="stmt"/>
        <line num="71" count="1" type="stmt"/>
        <line num="74" count="16" type="stmt"/>
        <line num="97" count="3" type="cond" truecount="2" falsecount="0"/>
        <line num="98" count="2" type="stmt"/>
        <line num="99" count="2" type="stmt"/>
        <line num="101" count="1" type="stmt"/>
        <line num="124" count="3" type="cond" truecount="2" falsecount="0"/>
        <line num="125" count="2" type="stmt"/>
        <line num="126" count="2" type="stmt"/>
        <line num="128" count="1" type="stmt"/>
        <line num="161" count="1" type="stmt"/>
        <line num="162" count="1" type="stmt"/>
        <line num="163" count="1" type="stmt"/>
        <line num="166" count="0" type="cond" truecount="0" falsecount="2"/>
        <line num="170" count="0" type="stmt"/>
        <line num="171" count="0" type="stmt"/>
        <line num="179" count="0" type="stmt"/>
        <line num="183" count="0" type="stmt"/>
        <line num="187" count="0" type="stmt"/>
        <line num="188" count="0" type="stmt"/>
        <line num="245" count="1" type="stmt"/>
      </file>
    </package>
    <package name="components.organisms.Logout">
      <metrics statements="3" coveredstatements="2" conditionals="0" coveredconditionals="0" methods="2" coveredmethods="1"/>
      <file name="index.tsx" path="/home/shaks/Desktop/final/frontend/src/components/organisms/Logout/index.tsx">
        <metrics statements="3" coveredstatements="2" conditionals="0" coveredconditionals="0" methods="2" coveredmethods="1"/>
        <line num="17" count="2" type="stmt"/>
        <line num="18" count="11" type="stmt"/>
        <line num="24" count="0" type="stmt"/>
      </file>
    </package>
    <package name="components.organisms.NavBar">
      <metrics statements="6" coveredstatements="5" conditionals="6" coveredconditionals="5" methods="4" coveredmethods="3"/>
      <file name="index.tsx" path="/home/shaks/Desktop/final/frontend/src/components/organisms/NavBar/index.tsx">
        <metrics statements="6" coveredstatements="5" conditionals="6" coveredconditionals="5" methods="4" coveredmethods="3"/>
        <line num="17" count="2" type="stmt"/>
        <line num="18" count="11" type="stmt"/>
        <line num="19" count="9" type="stmt"/>
        <line num="37" count="54" type="stmt"/>
        <line num="87" count="18" type="stmt"/>
        <line num="115" count="0" type="stmt"/>
      </file>
    </package>
    <package name="components.organisms.PaymentDetails">
      <metrics statements="17" coveredstatements="16" conditionals="12" coveredconditionals="10" methods="5" coveredmethods="5"/>
      <file name="index.tsx" path="/home/shaks/Desktop/final/frontend/src/components/organisms/PaymentDetails/index.tsx">
        <metrics statements="17" coveredstatements="16" conditionals="12" coveredconditionals="10" methods="5" coveredmethods="5"/>
        <line num="14" count="2" type="stmt"/>
        <line num="15" count="7" type="stmt"/>
        <line num="16" count="6" type="stmt"/>
        <line num="18" count="6" type="stmt"/>
        <line num="58" count="18" type="stmt"/>
        <line num="59" count="18" type="stmt"/>
        <line num="80" count="24" type="stmt"/>
        <line num="82" count="24" type="cond" truecount="2" falsecount="0"/>
        <line num="83" count="6" type="stmt"/>
        <line num="84" count="18" type="cond" truecount="2" falsecount="0"/>
        <line num="85" count="6" type="stmt"/>
        <line num="86" count="12" type="cond" truecount="2" falsecount="0"/>
        <line num="87" count="6" type="stmt"/>
        <line num="88" count="6" type="cond" truecount="1" falsecount="1"/>
        <line num="89" count="6" type="stmt"/>
        <line num="91" count="0" type="stmt"/>
        <line num="93" count="24" type="stmt"/>
      </file>
    </package>
    <package name="components.organisms.PaymentOptions">
      <metrics statements="6" coveredstatements="4" conditionals="0" coveredconditionals="0" methods="2" coveredmethods="1"/>
      <file name="index.tsx" path="/home/shaks/Desktop/final/frontend/src/components/organisms/PaymentOptions/index.tsx">
        <metrics statements="6" coveredstatements="4" conditionals="0" coveredconditionals="0" methods="2" coveredmethods="1"/>
        <line num="10" count="2" type="stmt"/>
        <line num="12" count="7" type="stmt"/>
        <line num="14" count="7" type="stmt"/>
        <line num="15" count="0" type="stmt"/>
        <line num="16" count="0" type="stmt"/>
        <line num="19" count="7" type="stmt"/>
      </file>
    </package>
    <package name="components.organisms.Recipient">
      <metrics statements="3" coveredstatements="3" conditionals="0" coveredconditionals="0" methods="2" coveredmethods="2"/>
      <file name="index.tsx" path="/home/shaks/Desktop/final/frontend/src/components/organisms/Recipient/index.tsx">
        <metrics statements="3" coveredstatements="3" conditionals="0" coveredconditionals="0" methods="2" coveredmethods="2"/>
        <line num="14" count="2" type="stmt"/>
        <line num="15" count="10" type="stmt"/>
        <line num="31" count="30" type="stmt"/>
      </file>
    </package>
    <package name="components.organisms.Review">
      <metrics statements="54" coveredstatements="50" conditionals="22" coveredconditionals="18" methods="14" coveredmethods="12"/>
      <file name="index.tsx" path="/home/shaks/Desktop/final/frontend/src/components/organisms/Review/index.tsx">
        <metrics statements="54" coveredstatements="50" conditionals="22" coveredconditionals="18" methods="14" coveredmethods="12"/>
        <line num="25" count="2" type="stmt"/>
        <line num="26" count="23" type="stmt"/>
        <line num="28" count="23" type="stmt"/>
        <line num="29" count="23" type="stmt"/>
        <line num="30" count="23" type="stmt"/>
        <line num="32" count="23" type="stmt"/>
        <line num="33" count="3" type="stmt"/>
        <line num="34" count="3" type="stmt"/>
        <line num="37" count="23" type="stmt"/>
        <line num="38" count="3" type="stmt"/>
        <line num="39" count="3" type="stmt"/>
        <line num="41" count="23" type="stmt"/>
        <line num="42" count="0" type="cond" truecount="0" falsecount="2"/>
        <line num="43" count="0" type="stmt"/>
        <line num="50" count="23" type="stmt"/>
        <line num="51" count="0" type="stmt"/>
        <line num="56" count="23" type="stmt"/>
        <line num="104" count="51" type="stmt"/>
        <line num="105" count="51" type="stmt"/>
        <line num="140" count="68" type="stmt"/>
        <line num="141" count="68" type="stmt"/>
        <line num="143" count="68" type="cond" truecount="2" falsecount="0"/>
        <line num="144" count="17" type="stmt"/>
        <line num="145" count="51" type="cond" truecount="2" falsecount="0"/>
        <line num="146" count="17" type="stmt"/>
        <line num="147" count="34" type="cond" truecount="2" falsecount="0"/>
        <line num="148" count="17" type="stmt"/>
        <line num="149" count="17" type="cond" truecount="1" falsecount="1"/>
        <line num="150" count="17" type="stmt"/>
        <line num="153" count="68" type="stmt"/>
        <line num="186" count="51" type="stmt"/>
        <line num="187" count="51" type="stmt"/>
        <line num="245" count="9" type="stmt"/>
        <line num="246" count="9" type="stmt"/>
        <line num="291" count="1" type="stmt"/>
        <line num="315" count="12" type="stmt"/>
        <line num="316" count="12" type="stmt"/>
        <line num="317" count="12" type="stmt"/>
        <line num="319" count="12" type="cond" truecount="4" falsecount="1"/>
        <line num="321" count="3" type="stmt"/>
        <line num="322" count="3" type="stmt"/>
        <line num="323" count="3" type="stmt"/>
        <line num="325" count="3" type="stmt"/>
        <line num="326" count="3" type="stmt"/>
        <line num="327" count="3" type="stmt"/>
        <line num="329" count="3" type="stmt"/>
        <line num="330" count="3" type="stmt"/>
        <line num="331" count="3" type="stmt"/>
        <line num="333" count="3" type="stmt"/>
        <line num="334" count="3" type="stmt"/>
        <line num="335" count="3" type="stmt"/>
        <line num="337" count="0" type="stmt"/>
        <line num="340" count="12" type="stmt"/>
        <line num="387" count="1" type="stmt"/>
      </file>
    </package>
    <package name="components.organisms.SelectingBank">
      <metrics statements="14" coveredstatements="14" conditionals="6" coveredconditionals="5" methods="6" coveredmethods="6"/>
      <file name="index.tsx" path="/home/shaks/Desktop/final/frontend/src/components/organisms/SelectingBank/index.tsx">
        <metrics statements="14" coveredstatements="14" conditionals="6" coveredconditionals="5" methods="6" coveredmethods="6"/>
        <line num="18" count="2" type="stmt"/>
        <line num="19" count="6" type="stmt"/>
        <line num="20" count="6" type="stmt"/>
        <line num="21" count="6" type="stmt"/>
        <line num="22" count="1" type="stmt"/>
        <line num="24" count="6" type="stmt"/>
        <line num="25" count="1" type="stmt"/>
        <line num="27" count="6" type="stmt"/>
        <line num="28" count="1" type="cond" truecount="1" falsecount="1"/>
        <line num="29" count="1" type="stmt"/>
        <line num="30" count="1" type="stmt"/>
        <line num="33" count="6" type="stmt"/>
        <line num="68" count="30" type="stmt"/>
        <line num="78" count="1" type="stmt"/>
      </file>
    </package>
    <package name="components.organisms.SendToSomeone">
      <metrics statements="54" coveredstatements="53" conditionals="32" coveredconditionals="30" methods="11" coveredmethods="11"/>
      <file name="index.tsx" path="/home/shaks/Desktop/final/frontend/src/components/organisms/SendToSomeone/index.tsx">
        <metrics statements="54" coveredstatements="53" conditionals="32" coveredconditionals="30" methods="11" coveredmethods="11"/>
        <line num="15" count="2" type="stmt"/>
        <line num="16" count="30" type="stmt"/>
        <line num="19" count="2" type="stmt"/>
        <line num="20" count="20" type="stmt"/>
        <line num="30" count="20" type="stmt"/>
        <line num="31" count="80" type="stmt"/>
        <line num="33" count="18" type="stmt"/>
        <line num="34" count="18" type="stmt"/>
        <line num="35" count="18" type="stmt"/>
        <line num="36" count="18" type="stmt"/>
        <line num="37" count="18" type="stmt"/>
        <line num="38" count="18" type="stmt"/>
        <line num="39" count="18" type="stmt"/>
        <line num="41" count="18" type="stmt"/>
        <line num="42" count="1" type="stmt"/>
        <line num="43" count="1" type="stmt"/>
        <line num="49" count="18" type="stmt"/>
        <line num="50" count="1" type="stmt"/>
        <line num="52" count="18" type="stmt"/>
        <line num="53" count="2" type="cond" truecount="2" falsecount="0"/>
        <line num="54" count="1" type="stmt"/>
        <line num="56" count="18" type="stmt"/>
        <line num="57" count="2" type="cond" truecount="1" falsecount="1"/>
        <line num="58" count="0" type="stmt"/>
        <line num="60" count="2" type="stmt"/>
        <line num="61" count="2" type="cond" truecount="2" falsecount="0"/>
        <line num="62" count="1" type="stmt"/>
        <line num="64" count="1" type="stmt"/>
        <line num="65" count="1" type="stmt"/>
        <line num="73" count="18" type="stmt"/>
        <line num="74" count="5" type="stmt"/>
        <line num="75" count="5" type="cond" truecount="2" falsecount="0"/>
        <line num="76" count="4" type="stmt"/>
        <line num="77" count="5" type="stmt"/>
        <line num="78" count="5" type="cond" truecount="2" falsecount="0"/>
        <line num="79" count="2" type="cond" truecount="4" falsecount="0"/>
        <line num="80" count="1" type="stmt"/>
        <line num="82" count="1" type="stmt"/>
        <line num="87" count="2" type="cond" truecount="2" falsecount="0"/>
        <line num="88" count="3" type="cond" truecount="2" falsecount="0"/>
        <line num="89" count="1" type="stmt"/>
        <line num="90" count="1" type="stmt"/>
        <line num="94" count="2" type="cond" truecount="2" falsecount="0"/>
        <line num="95" count="1" type="stmt"/>
        <line num="96" count="1" type="stmt"/>
        <line num="101" count="1" type="cond" truecount="1" falsecount="1"/>
        <line num="102" count="1" type="stmt"/>
        <line num="103" count="1" type="stmt"/>
        <line num="110" count="18" type="stmt"/>
        <line num="117" count="18" type="stmt"/>
        <line num="170" count="72" type="stmt"/>
        <line num="171" count="72" type="stmt"/>
        <line num="191" count="5" type="stmt"/>
        <line num="218" count="36" type="stmt"/>
      </file>
    </package>
    <package name="components.organisms.SetPassword">
      <metrics statements="7" coveredstatements="7" conditionals="4" coveredconditionals="4" methods="2" coveredmethods="2"/>
      <file name="index.tsx" path="/home/shaks/Desktop/final/frontend/src/components/organisms/SetPassword/index.tsx">
        <metrics statements="7" coveredstatements="7" conditionals="4" coveredconditionals="4" methods="2" coveredmethods="2"/>
        <line num="8" count="2" type="stmt"/>
        <line num="9" count="2" type="stmt"/>
        <line num="17" count="2" type="stmt"/>
        <line num="18" count="10" type="stmt"/>
        <line num="19" count="10" type="stmt"/>
        <line num="20" count="2" type="stmt"/>
        <line num="23" count="10" type="stmt"/>
      </file>
    </package>
    <package name="components.organisms.SharingModal">
      <metrics statements="7" coveredstatements="7" conditionals="0" coveredconditionals="0" methods="2" coveredmethods="2"/>
      <file name="index.tsx" path="/home/shaks/Desktop/final/frontend/src/components/organisms/SharingModal/index.tsx">
        <metrics statements="7" coveredstatements="7" conditionals="0" coveredconditionals="0" methods="2" coveredmethods="2"/>
        <line num="9" count="3" type="stmt"/>
        <line num="10" count="3" type="stmt"/>
        <line num="11" count="3" type="stmt"/>
        <line num="13" count="3" type="stmt"/>
        <line num="14" count="6" type="stmt"/>
        <line num="15" count="6" type="stmt"/>
        <line num="16" count="6" type="stmt"/>
      </file>
    </package>
    <package name="components.organisms.SignUp">
      <metrics statements="31" coveredstatements="30" conditionals="4" coveredconditionals="4" methods="8" coveredmethods="7"/>
      <file name="index.tsx" path="/home/shaks/Desktop/final/frontend/src/components/organisms/SignUp/index.tsx">
        <metrics statements="31" coveredstatements="30" conditionals="4" coveredconditionals="4" methods="8" coveredmethods="7"/>
        <line num="21" count="2" type="stmt"/>
        <line num="22" count="12" type="stmt"/>
        <line num="23" count="10" type="stmt"/>
        <line num="24" count="10" type="stmt"/>
        <line num="34" count="10" type="stmt"/>
        <line num="35" count="10" type="stmt"/>
        <line num="36" count="10" type="stmt"/>
        <line num="37" count="10" type="stmt"/>
        <line num="38" count="10" type="stmt"/>
        <line num="39" count="10" type="stmt"/>
        <line num="40" count="2" type="stmt"/>
        <line num="41" count="2" type="stmt"/>
        <line num="43" count="10" type="stmt"/>
        <line num="44" count="2" type="stmt"/>
        <line num="45" count="2" type="stmt"/>
        <line num="46" count="2" type="stmt"/>
        <line num="47" count="2" type="stmt"/>
        <line num="48" count="2" type="stmt"/>
        <line num="53" count="2" type="cond" truecount="2" falsecount="0"/>
        <line num="54" count="1" type="stmt"/>
        <line num="55" count="1" type="stmt"/>
        <line num="57" count="1" type="stmt"/>
        <line num="60" count="10" type="stmt"/>
        <line num="61" count="8" type="stmt"/>
        <line num="64" count="10" type="stmt"/>
        <line num="78" count="3" type="cond" truecount="2" falsecount="0"/>
        <line num="79" count="2" type="stmt"/>
        <line num="80" count="2" type="stmt"/>
        <line num="82" count="1" type="stmt"/>
        <line num="105" count="0" type="stmt"/>
        <line num="160" count="1" type="stmt"/>
      </file>
    </package>
    <package name="components.organisms.SureModal">
      <metrics statements="4" coveredstatements="4" conditionals="0" coveredconditionals="0" methods="2" coveredmethods="2"/>
      <file name="index.tsx" path="/home/shaks/Desktop/final/frontend/src/components/organisms/SureModal/index.tsx">
        <metrics statements="4" coveredstatements="4" conditionals="0" coveredconditionals="0" methods="2" coveredmethods="2"/>
        <line num="15" count="3" type="stmt"/>
        <line num="16" count="8" type="stmt"/>
        <line num="17" count="8" type="stmt"/>
        <line num="58" count="1" type="stmt"/>
      </file>
    </package>
    <package name="components.organisms.TwoFactorAuth">
      <metrics statements="34" coveredstatements="34" conditionals="29" coveredconditionals="29" methods="7" coveredmethods="7"/>
      <file name="index.tsx" path="/home/shaks/Desktop/final/frontend/src/components/organisms/TwoFactorAuth/index.tsx">
        <metrics statements="34" coveredstatements="34" conditionals="29" coveredconditionals="29" methods="7" coveredmethods="7"/>
        <line num="25" count="2" type="stmt"/>
        <line num="26" count="27" type="stmt"/>
        <line num="27" count="27" type="stmt"/>
        <line num="29" count="27" type="stmt"/>
        <line num="30" count="2" type="stmt"/>
        <line num="31" count="2" type="stmt"/>
        <line num="33" count="27" type="stmt"/>
        <line num="34" count="3" type="stmt"/>
        <line num="36" count="27" type="stmt"/>
        <line num="37" count="7" type="stmt"/>
        <line num="38" count="7" type="stmt"/>
        <line num="39" count="7" type="cond" truecount="2" falsecount="0"/>
        <line num="40" count="4" type="stmt"/>
        <line num="42" count="3" type="stmt"/>
        <line num="43" count="3" type="stmt"/>
        <line num="48" count="7" type="cond" truecount="2" falsecount="0"/>
        <line num="49" count="4" type="cond" truecount="2" falsecount="0"/>
        <line num="50" count="1" type="stmt"/>
        <line num="51" count="1" type="stmt"/>
        <line num="56" count="3" type="stmt"/>
        <line num="57" count="3" type="stmt"/>
        <line num="64" count="27" type="stmt"/>
        <line num="65" count="5" type="stmt"/>
        <line num="66" count="5" type="stmt"/>
        <line num="67" count="5" type="cond" truecount="2" falsecount="0"/>
        <line num="68" count="4" type="stmt"/>
        <line num="69" count="4" type="stmt"/>
        <line num="70" count="4" type="cond" truecount="2" falsecount="0"/>
        <line num="71" count="2" type="stmt"/>
        <line num="76" count="27" type="stmt"/>
        <line num="102" count="12" type="cond" truecount="2" falsecount="0"/>
        <line num="103" count="7" type="stmt"/>
        <line num="105" count="5" type="stmt"/>
        <line num="166" count="8" type="stmt"/>
      </file>
    </package>
    <package name="components.templates.Landing">
      <metrics statements="2" coveredstatements="2" conditionals="0" coveredconditionals="0" methods="1" coveredmethods="1"/>
      <file name="index.tsx" path="/home/shaks/Desktop/final/frontend/src/components/templates/Landing/index.tsx">
        <metrics statements="2" coveredstatements="2" conditionals="0" coveredconditionals="0" methods="1" coveredmethods="1"/>
        <line num="15" count="8" type="stmt"/>
        <line num="16" count="120" type="stmt"/>
      </file>
    </package>
    <package name="components.templates.LoginTemplate">
      <metrics statements="2" coveredstatements="2" conditionals="0" coveredconditionals="0" methods="1" coveredmethods="1"/>
      <file name="index.tsx" path="/home/shaks/Desktop/final/frontend/src/components/templates/LoginTemplate/index.tsx">
        <metrics statements="2" coveredstatements="2" conditionals="0" coveredconditionals="0" methods="1" coveredmethods="1"/>
        <line num="10" count="3" type="stmt"/>
        <line num="11" count="9" type="stmt"/>
      </file>
    </package>
    <package name="pages.AccountSetupPage">
      <metrics statements="105" coveredstatements="105" conditionals="32" coveredconditionals="32" methods="9" coveredmethods="9"/>
      <file name="index.tsx" path="/home/shaks/Desktop/final/frontend/src/pages/AccountSetupPage/index.tsx">
        <metrics statements="105" coveredstatements="105" conditionals="32" coveredconditionals="32" methods="9" coveredmethods="9"/>
        <line num="22" count="1" type="stmt"/>
        <line num="23" count="22" type="stmt"/>
        <line num="24" count="21" type="stmt"/>
        <line num="25" count="21" type="stmt"/>
        <line num="26" count="21" type="stmt"/>
        <line num="27" count="21" type="stmt"/>
        <line num="28" count="21" type="stmt"/>
        <line num="29" count="21" type="stmt"/>
        <line num="31" count="21" type="stmt"/>
        <line num="32" count="21" type="stmt"/>
        <line num="33" count="21" type="stmt"/>
        <line num="35" count="21" type="stmt"/>
        <line num="39" count="21" type="stmt"/>
        <line num="40" count="21" type="stmt"/>
        <line num="41" count="21" type="stmt"/>
        <line num="43" count="21" type="stmt"/>
        <line num="45" count="21" type="stmt"/>
        <line num="47" count="21" type="stmt"/>
        <line num="48" count="6" type="stmt"/>
        <line num="51" count="21" type="stmt"/>
        <line num="53" count="21" type="stmt"/>
        <line num="54" count="7" type="cond" truecount="4" falsecount="0"/>
        <line num="56" count="1" type="stmt"/>
        <line num="57" count="1" type="stmt"/>
        <line num="58" count="1" type="stmt"/>
        <line num="59" count="1" type="stmt"/>
        <line num="60" count="1" type="stmt"/>
        <line num="61" count="1" type="stmt"/>
        <line num="62" count="1" type="stmt"/>
        <line num="63" count="1" type="stmt"/>
        <line num="66" count="4" type="cond" truecount="2" falsecount="0"/>
        <line num="67" count="2" type="stmt"/>
        <line num="68" count="2" type="cond" truecount="2" falsecount="0"/>
        <line num="69" count="1" type="stmt"/>
        <line num="70" count="1" type="stmt"/>
        <line num="72" count="1" type="stmt"/>
        <line num="73" count="1" type="stmt"/>
        <line num="74" count="1" type="stmt"/>
        <line num="75" count="1" type="stmt"/>
        <line num="76" count="1" type="stmt"/>
        <line num="77" count="1" type="stmt"/>
        <line num="78" count="1" type="stmt"/>
        <line num="80" count="4" type="stmt"/>
        <line num="83" count="1" type="stmt"/>
        <line num="84" count="1" type="stmt"/>
        <line num="85" count="1" type="stmt"/>
        <line num="86" count="1" type="stmt"/>
        <line num="87" count="1" type="stmt"/>
        <line num="88" count="1" type="stmt"/>
        <line num="92" count="1" type="stmt"/>
        <line num="93" count="1" type="stmt"/>
        <line num="94" count="1" type="stmt"/>
        <line num="95" count="1" type="stmt"/>
        <line num="97" count="1" type="stmt"/>
        <line num="101" count="1" type="stmt"/>
        <line num="102" count="1" type="stmt"/>
        <line num="107" count="21" type="stmt"/>
        <line num="108" count="1" type="stmt"/>
        <line num="110" count="21" type="stmt"/>
        <line num="111" count="5" type="cond" truecount="3" falsecount="0"/>
        <line num="113" count="1" type="stmt"/>
        <line num="114" count="1" type="stmt"/>
        <line num="115" count="1" type="stmt"/>
        <line num="116" count="1" type="stmt"/>
        <line num="117" count="1" type="stmt"/>
        <line num="118" count="1" type="stmt"/>
        <line num="119" count="1" type="stmt"/>
        <line num="120" count="1" type="stmt"/>
        <line num="121" count="1" type="stmt"/>
        <line num="122" count="1" type="stmt"/>
        <line num="125" count="3" type="cond" truecount="2" falsecount="0"/>
        <line num="126" count="2" type="stmt"/>
        <line num="127" count="2" type="stmt"/>
        <line num="128" count="2" type="stmt"/>
        <line num="130" count="1" type="stmt"/>
        <line num="131" count="1" type="stmt"/>
        <line num="132" count="1" type="stmt"/>
        <line num="133" count="1" type="stmt"/>
        <line num="134" count="1" type="stmt"/>
        <line num="135" count="1" type="stmt"/>
        <line num="136" count="1" type="stmt"/>
        <line num="138" count="3" type="stmt"/>
        <line num="141" count="1" type="stmt"/>
        <line num="142" count="1" type="stmt"/>
        <line num="147" count="21" type="stmt"/>
        <line num="148" count="2" type="cond" truecount="2" falsecount="0"/>
        <line num="149" count="1" type="stmt"/>
        <line num="150" count="1" type="stmt"/>
        <line num="151" count="1" type="stmt"/>
        <line num="152" count="1" type="stmt"/>
        <line num="153" count="1" type="stmt"/>
        <line num="154" count="1" type="stmt"/>
        <line num="155" count="1" type="stmt"/>
        <line num="162" count="21" type="stmt"/>
        <line num="163" count="2" type="stmt"/>
        <line num="166" count="21" type="stmt"/>
        <line num="167" count="2" type="cond" truecount="2" falsecount="0"/>
        <line num="168" count="1" type="stmt"/>
        <line num="169" count="1" type="stmt"/>
        <line num="170" count="1" type="stmt"/>
        <line num="172" count="1" type="stmt"/>
        <line num="173" count="1" type="stmt"/>
        <line num="174" count="1" type="stmt"/>
        <line num="178" count="1" type="stmt"/>
        <line num="182" count="21" type="stmt"/>
      </file>
    </package>
    <package name="pages.BusinessPage">
      <metrics statements="73" coveredstatements="64" conditionals="29" coveredconditionals="27" methods="15" coveredmethods="11"/>
      <file name="index.tsx" path="/home/shaks/Desktop/final/frontend/src/pages/BusinessPage/index.tsx">
        <metrics statements="73" coveredstatements="64" conditionals="29" coveredconditionals="27" methods="15" coveredmethods="11"/>
        <line num="20" count="1" type="stmt"/>
        <line num="21" count="30" type="stmt"/>
        <line num="22" count="29" type="stmt"/>
        <line num="23" count="29" type="stmt"/>
        <line num="24" count="29" type="stmt"/>
        <line num="25" count="29" type="stmt"/>
        <line num="26" count="29" type="stmt"/>
        <line num="27" count="29" type="stmt"/>
        <line num="28" count="29" type="stmt"/>
        <line num="29" count="29" type="stmt"/>
        <line num="30" count="29" type="stmt"/>
        <line num="31" count="29" type="stmt"/>
        <line num="32" count="29" type="stmt"/>
        <line num="34" count="29" type="stmt"/>
        <line num="37" count="29" type="stmt"/>
        <line num="45" count="29" type="stmt"/>
        <line num="46" count="29" type="stmt"/>
        <line num="48" count="29" type="stmt"/>
        <line num="49" count="14" type="stmt"/>
        <line num="50" count="14" type="stmt"/>
        <line num="51" count="14" type="stmt"/>
        <line num="54" count="29" type="stmt"/>
        <line num="95" count="4" type="cond" truecount="2" falsecount="0"/>
        <line num="96" count="1" type="stmt"/>
        <line num="97" count="1" type="stmt"/>
        <line num="98" count="3" type="cond" truecount="2" falsecount="0"/>
        <line num="99" count="1" type="stmt"/>
        <line num="100" count="1" type="stmt"/>
        <line num="101" count="1" type="stmt"/>
        <line num="102" count="2" type="cond" truecount="2" falsecount="0"/>
        <line num="103" count="1" type="stmt"/>
        <line num="104" count="1" type="stmt"/>
        <line num="105" count="1" type="stmt"/>
        <line num="106" count="1" type="stmt"/>
        <line num="107" count="1" type="cond" truecount="1" falsecount="1"/>
        <line num="108" count="1" type="stmt"/>
        <line num="109" count="1" type="stmt"/>
        <line num="110" count="1" type="stmt"/>
        <line num="111" count="1" type="stmt"/>
        <line num="112" count="1" type="stmt"/>
        <line num="134" count="1" type="stmt"/>
        <line num="154" count="1" type="stmt"/>
        <line num="155" count="1" type="stmt"/>
        <line num="156" count="1" type="stmt"/>
        <line num="157" count="1" type="stmt"/>
        <line num="171" count="1" type="stmt"/>
        <line num="172" count="1" type="stmt"/>
        <line num="182" count="1" type="stmt"/>
        <line num="183" count="1" type="stmt"/>
        <line num="184" count="1" type="stmt"/>
        <line num="185" count="1" type="stmt"/>
        <line num="213" count="2" type="cond" truecount="2" falsecount="0"/>
        <line num="214" count="1" type="stmt"/>
        <line num="215" count="1" type="stmt"/>
        <line num="216" count="1" type="stmt"/>
        <line num="217" count="1" type="stmt"/>
        <line num="218" count="1" type="stmt"/>
        <line num="219" count="1" type="stmt"/>
        <line num="220" count="1" type="stmt"/>
        <line num="221" count="1" type="cond" truecount="1" falsecount="1"/>
        <line num="222" count="1" type="stmt"/>
        <line num="229" count="1" type="stmt"/>
        <line num="230" count="1" type="stmt"/>
        <line num="231" count="1" type="stmt"/>
        <line num="236" count="0" type="stmt"/>
        <line num="237" count="0" type="stmt"/>
        <line num="238" count="0" type="stmt"/>
        <line num="241" count="0" type="stmt"/>
        <line num="242" count="0" type="stmt"/>
        <line num="245" count="0" type="stmt"/>
        <line num="249" count="0" type="stmt"/>
        <line num="251" count="0" type="stmt"/>
        <line num="257" count="0" type="stmt"/>
      </file>
    </package>
    <package name="pages.HomePage">
      <metrics statements="40" coveredstatements="33" conditionals="20" coveredconditionals="5" methods="17" coveredmethods="11"/>
      <file name="index.tsx" path="/home/shaks/Desktop/final/frontend/src/pages/HomePage/index.tsx">
        <metrics statements="40" coveredstatements="33" conditionals="20" coveredconditionals="5" methods="17" coveredmethods="11"/>
        <line num="24" count="1" type="stmt"/>
        <line num="25" count="10" type="stmt"/>
        <line num="26" count="9" type="stmt"/>
        <line num="28" count="9" type="stmt"/>
        <line num="29" count="9" type="stmt"/>
        <line num="30" count="9" type="stmt"/>
        <line num="31" count="9" type="stmt"/>
        <line num="32" count="9" type="stmt"/>
        <line num="33" count="4" type="stmt"/>
        <line num="34" count="4" type="stmt"/>
        <line num="37" count="1" type="stmt"/>
        <line num="38" count="1" type="stmt"/>
        <line num="39" count="1" type="cond" truecount="1" falsecount="1"/>
        <line num="40" count="1" type="stmt"/>
        <line num="43" count="1" type="stmt"/>
        <line num="45" count="3" type="stmt"/>
        <line num="48" count="9" type="stmt"/>
        <line num="49" count="4" type="stmt"/>
        <line num="50" count="4" type="stmt"/>
        <line num="51" count="4" type="stmt"/>
        <line num="53" count="0" type="stmt"/>
        <line num="57" count="4" type="stmt"/>
        <line num="59" count="4" type="stmt"/>
        <line num="61" count="0" type="stmt"/>
        <line num="63" count="4" type="stmt"/>
        <line num="65" count="9" type="stmt"/>
        <line num="66" count="9" type="stmt"/>
        <line num="67" count="9" type="stmt"/>
        <line num="68" count="2" type="stmt"/>
        <line num="69" count="2" type="stmt"/>
        <line num="70" count="2" type="stmt"/>
        <line num="72" count="9" type="stmt"/>
        <line num="73" count="1" type="stmt"/>
        <line num="75" count="9" type="stmt"/>
        <line num="129" count="1" type="stmt"/>
        <line num="151" count="0" type="cond" truecount="0" falsecount="4"/>
        <line num="153" count="0" type="stmt"/>
        <line num="162" count="0" type="stmt"/>
        <line num="163" count="0" type="cond" truecount="0" falsecount="2"/>
        <line num="164" count="0" type="stmt"/>
      </file>
    </package>
    <package name="pages.LoginPage">
      <metrics statements="2" coveredstatements="2" conditionals="0" coveredconditionals="0" methods="1" coveredmethods="1"/>
      <file name="index.tsx" path="/home/shaks/Desktop/final/frontend/src/pages/LoginPage/index.tsx">
        <metrics statements="2" coveredstatements="2" conditionals="0" coveredconditionals="0" methods="1" coveredmethods="1"/>
        <line num="5" count="2" type="stmt"/>
        <line num="6" count="5" type="stmt"/>
      </file>
    </package>
    <package name="pages.SendMoneyPage">
      <metrics statements="195" coveredstatements="161" conditionals="107" coveredconditionals="91" methods="17" coveredmethods="14"/>
      <file name="index.tsx" path="/home/shaks/Desktop/final/frontend/src/pages/SendMoneyPage/index.tsx">
        <metrics statements="195" coveredstatements="161" conditionals="107" coveredconditionals="91" methods="17" coveredmethods="14"/>
        <line num="47" count="1" type="stmt"/>
        <line num="48" count="56" type="stmt"/>
        <line num="50" count="56" type="stmt"/>
        <line num="58" count="55" type="stmt"/>
        <line num="59" count="55" type="stmt"/>
        <line num="60" count="55" type="stmt"/>
        <line num="61" count="55" type="stmt"/>
        <line num="63" count="55" type="stmt"/>
        <line num="64" count="55" type="stmt"/>
        <line num="65" count="55" type="stmt"/>
        <line num="66" count="55" type="stmt"/>
        <line num="67" count="55" type="stmt"/>
        <line num="68" count="55" type="stmt"/>
        <line num="70" count="55" type="stmt"/>
        <line num="71" count="15" type="stmt"/>
        <line num="72" count="15" type="stmt"/>
        <line num="73" count="15" type="stmt"/>
        <line num="74" count="15" type="stmt"/>
        <line num="75" count="15" type="stmt"/>
        <line num="78" count="55" type="stmt"/>
        <line num="79" count="55" type="stmt"/>
        <line num="80" count="55" type="stmt"/>
        <line num="81" count="55" type="stmt"/>
        <line num="82" count="55" type="stmt"/>
        <line num="83" count="55" type="stmt"/>
        <line num="84" count="55" type="stmt"/>
        <line num="85" count="55" type="stmt"/>
        <line num="86" count="55" type="stmt"/>
        <line num="87" count="55" type="stmt"/>
        <line num="89" count="55" type="stmt"/>
        <line num="90" count="55" type="stmt"/>
        <line num="91" count="55" type="stmt"/>
        <line num="92" count="55" type="stmt"/>
        <line num="93" count="55" type="stmt"/>
        <line num="94" count="55" type="stmt"/>
        <line num="95" count="55" type="stmt"/>
        <line num="96" count="55" type="stmt"/>
        <line num="97" count="55" type="stmt"/>
        <line num="98" count="55" type="stmt"/>
        <line num="99" count="55" type="stmt"/>
        <line num="108" count="55" type="stmt"/>
        <line num="109" count="0" type="stmt"/>
        <line num="111" count="55" type="stmt"/>
        <line num="112" count="0" type="stmt"/>
        <line num="113" count="0" type="stmt"/>
        <line num="115" count="55" type="stmt"/>
        <line num="116" count="10" type="cond" truecount="9" falsecount="5"/>
        <line num="118" count="1" type="stmt"/>
        <line num="119" count="1" type="stmt"/>
        <line num="122" count="1" type="stmt"/>
        <line num="123" count="1" type="stmt"/>
        <line num="124" count="1" type="stmt"/>
        <line num="127" count="1" type="stmt"/>
        <line num="128" count="1" type="stmt"/>
        <line num="129" count="1" type="stmt"/>
        <line num="130" count="1" type="stmt"/>
        <line num="131" count="1" type="stmt"/>
        <line num="132" count="1" type="stmt"/>
        <line num="133" count="1" type="stmt"/>
        <line num="134" count="1" type="stmt"/>
        <line num="136" count="1" type="stmt"/>
        <line num="139" count="1" type="stmt"/>
        <line num="147" count="1" type="stmt"/>
        <line num="148" count="1" type="stmt"/>
        <line num="149" count="1" type="stmt"/>
        <line num="152" count="1" type="stmt"/>
        <line num="160" count="1" type="stmt"/>
        <line num="161" count="1" type="stmt"/>
        <line num="162" count="1" type="stmt"/>
        <line num="163" count="1" type="stmt"/>
        <line num="164" count="1" type="stmt"/>
        <line num="166" count="1" type="stmt"/>
        <line num="167" count="1" type="stmt"/>
        <line num="168" count="1" type="stmt"/>
        <line num="171" count="1" type="stmt"/>
        <line num="172" count="1" type="stmt"/>
        <line num="173" count="1" type="stmt"/>
        <line num="174" count="1" type="stmt"/>
        <line num="175" count="1" type="stmt"/>
        <line num="176" count="1" type="stmt"/>
        <line num="177" count="1" type="stmt"/>
        <line num="180" count="1" type="stmt"/>
        <line num="181" count="1" type="stmt"/>
        <line num="182" count="1" type="stmt"/>
        <line num="183" count="1" type="stmt"/>
        <line num="184" count="1" type="stmt"/>
        <line num="185" count="1" type="stmt"/>
        <line num="186" count="1" type="stmt"/>
        <line num="187" count="1" type="stmt"/>
        <line num="188" count="1" type="stmt"/>
        <line num="191" count="1" type="stmt"/>
        <line num="192" count="1" type="stmt"/>
        <line num="193" count="1" type="stmt"/>
        <line num="194" count="1" type="stmt"/>
        <line num="195" count="1" type="stmt"/>
        <line num="196" count="1" type="stmt"/>
        <line num="197" count="1" type="stmt"/>
        <line num="198" count="1" type="stmt"/>
        <line num="200" count="1" type="stmt"/>
        <line num="201" count="1" type="stmt"/>
        <line num="204" count="2" type="stmt"/>
        <line num="205" count="2" type="stmt"/>
        <line num="206" count="2" type="stmt"/>
        <line num="207" count="2" type="stmt"/>
        <line num="208" count="2" type="stmt"/>
        <line num="209" count="2" type="stmt"/>
        <line num="210" count="2" type="stmt"/>
        <line num="211" count="2" type="stmt"/>
        <line num="212" count="2" type="stmt"/>
        <line num="213" count="2" type="stmt"/>
        <line num="216" count="0" type="stmt"/>
        <line num="217" count="0" type="stmt"/>
        <line num="218" count="0" type="stmt"/>
        <line num="219" count="0" type="stmt"/>
        <line num="222" count="0" type="stmt"/>
        <line num="223" count="0" type="stmt"/>
        <line num="224" count="0" type="stmt"/>
        <line num="227" count="0" type="cond" truecount="0" falsecount="2"/>
        <line num="228" count="0" type="stmt"/>
        <line num="230" count="0" type="stmt"/>
        <line num="231" count="0" type="stmt"/>
        <line num="232" count="0" type="stmt"/>
        <line num="233" count="0" type="stmt"/>
        <line num="234" count="0" type="stmt"/>
        <line num="236" count="0" type="stmt"/>
        <line num="239" count="0" type="stmt"/>
        <line num="240" count="0" type="stmt"/>
        <line num="241" count="0" type="stmt"/>
        <line num="242" count="0" type="stmt"/>
        <line num="245" count="0" type="stmt"/>
        <line num="249" count="55" type="stmt"/>
        <line num="250" count="2" type="stmt"/>
        <line num="251" count="2" type="cond" truecount="1" falsecount="1"/>
        <line num="252" count="0" type="stmt"/>
        <line num="253" count="0" type="stmt"/>
        <line num="254" count="0" type="stmt"/>
        <line num="255" count="2" type="cond" truecount="1" falsecount="1"/>
        <line num="256" count="0" type="stmt"/>
        <line num="257" count="0" type="stmt"/>
        <line num="258" count="2" type="cond" truecount="1" falsecount="1"/>
        <line num="259" count="0" type="stmt"/>
        <line num="260" count="0" type="stmt"/>
        <line num="261" count="0" type="stmt"/>
        <line num="262" count="0" type="stmt"/>
        <line num="265" count="55" type="stmt"/>
        <line num="266" count="5" type="stmt"/>
        <line num="267" count="5" type="stmt"/>
        <line num="270" count="55" type="stmt"/>
        <line num="271" count="3" type="stmt"/>
        <line num="272" count="3" type="stmt"/>
        <line num="273" count="3" type="stmt"/>
        <line num="274" count="3" type="stmt"/>
        <line num="275" count="3" type="stmt"/>
        <line num="276" count="3" type="stmt"/>
        <line num="277" count="3" type="stmt"/>
        <line num="278" count="3" type="stmt"/>
        <line num="281" count="55" type="stmt"/>
        <line num="282" count="14" type="cond" truecount="2" falsecount="0"/>
        <line num="283" count="7" type="stmt"/>
        <line num="284" count="7" type="stmt"/>
        <line num="285" count="7" type="stmt"/>
        <line num="289" count="55" type="stmt"/>
        <line num="290" count="0" type="stmt"/>
        <line num="291" count="0" type="stmt"/>
        <line num="294" count="55" type="stmt"/>
        <line num="365" count="1" type="stmt"/>
        <line num="544" count="22" type="cond" truecount="2" falsecount="0"/>
        <line num="549" count="6" type="stmt"/>
        <line num="550" count="6" type="stmt"/>
        <line num="551" count="6" type="stmt"/>
        <line num="552" count="6" type="stmt"/>
        <line num="553" count="6" type="stmt"/>
        <line num="554" count="6" type="stmt"/>
        <line num="555" count="6" type="stmt"/>
        <line num="556" count="16" type="cond" truecount="2" falsecount="0"/>
        <line num="565" count="4" type="stmt"/>
        <line num="566" count="4" type="stmt"/>
        <line num="567" count="4" type="stmt"/>
        <line num="568" count="4" type="stmt"/>
        <line num="569" count="4" type="stmt"/>
        <line num="570" count="4" type="stmt"/>
        <line num="571" count="12" type="cond" truecount="4" falsecount="0"/>
        <line num="572" count="4" type="stmt"/>
        <line num="573" count="4" type="stmt"/>
        <line num="574" count="8" type="cond" truecount="2" falsecount="0"/>
        <line num="582" count="4" type="stmt"/>
        <line num="583" count="4" type="stmt"/>
        <line num="584" count="4" type="stmt"/>
        <line num="585" count="4" type="cond" truecount="1" falsecount="1"/>
        <line num="593" count="4" type="stmt"/>
        <line num="594" count="4" type="stmt"/>
        <line num="595" count="4" type="stmt"/>
        <line num="596" count="4" type="stmt"/>
        <line num="597" count="4" type="stmt"/>
        <line num="598" count="4" type="stmt"/>
      </file>
    </package>
    <package name="pages.SignupPage">
      <metrics statements="2" coveredstatements="2" conditionals="0" coveredconditionals="0" methods="1" coveredmethods="1"/>
      <file name="index.tsx" path="/home/shaks/Desktop/final/frontend/src/pages/SignupPage/index.tsx">
        <metrics statements="2" coveredstatements="2" conditionals="0" coveredconditionals="0" methods="1" coveredmethods="1"/>
        <line num="5" count="1" type="stmt"/>
        <line num="6" count="3" type="stmt"/>
      </file>
    </package>
    <package name="state.reducers">
      <metrics statements="11" coveredstatements="3" conditionals="0" coveredconditionals="0" methods="8" coveredmethods="0"/>
      <file name="index.tsx" path="/home/shaks/Desktop/final/frontend/src/state/reducers/index.tsx">
        <metrics statements="11" coveredstatements="3" conditionals="0" coveredconditionals="0" methods="8" coveredmethods="0"/>
        <line num="3" count="9" type="stmt"/>
        <line num="18" count="9" type="stmt"/>
        <line num="23" count="0" type="stmt"/>
        <line num="26" count="0" type="stmt"/>
        <line num="29" count="0" type="stmt"/>
        <line num="32" count="0" type="stmt"/>
        <line num="35" count="0" type="stmt"/>
        <line num="38" count="0" type="stmt"/>
        <line num="41" count="0" type="stmt"/>
        <line num="44" count="0" type="stmt"/>
        <line num="49" count="9" type="stmt"/>
      </file>
    </package>
    <package name="state.store">
      <metrics statements="4" coveredstatements="4" conditionals="0" coveredconditionals="0" methods="0" coveredmethods="0"/>
      <file name="index.tsx" path="/home/shaks/Desktop/final/frontend/src/state/store/index.tsx">
        <metrics statements="4" coveredstatements="4" conditionals="0" coveredconditionals="0" methods="0" coveredmethods="0"/>
        <line num="7" count="1" type="stmt"/>
        <line num="12" count="1" type="stmt"/>
        <line num="14" count="1" type="stmt"/>
        <line num="18" count="1" type="stmt"/>
      </file>
    </package>
    <package name="themes">
      <metrics statements="1" coveredstatements="1" conditionals="0" coveredconditionals="0" methods="0" coveredmethods="0"/>
      <file name="index.tsx" path="/home/shaks/Desktop/final/frontend/src/themes/index.tsx">
        <metrics statements="1" coveredstatements="1" conditionals="0" coveredconditionals="0" methods="0" coveredmethods="0"/>
        <line num="63" count="61" type="stmt"/>
      </file>
    </package>
    <package name="utils">
      <metrics statements="100" coveredstatements="100" conditionals="0" coveredconditionals="0" methods="0" coveredmethods="0"/>
      <file name="constants.ts" path="/home/shaks/Desktop/final/frontend/src/utils/constants.ts">
        <metrics statements="100" coveredstatements="100" conditionals="0" coveredconditionals="0" methods="0" coveredmethods="0"/>
        <line num="1" count="33" type="stmt"/>
        <line num="2" count="33" type="stmt"/>
        <line num="3" count="33" type="stmt"/>
        <line num="4" count="33" type="stmt"/>
        <line num="5" count="33" type="stmt"/>
        <line num="10" count="33" type="stmt"/>
        <line num="11" count="33" type="stmt"/>
        <line num="17" count="33" type="stmt"/>
        <line num="18" count="33" type="stmt"/>
        <line num="23" count="33" type="stmt"/>
        <line num="30" count="33" type="stmt"/>
        <line num="36" count="33" type="stmt"/>
        <line num="41" count="33" type="stmt"/>
        <line num="43" count="33" type="stmt"/>
        <line num="45" count="33" type="stmt"/>
        <line num="47" count="33" type="stmt"/>
        <line num="48" count="33" type="stmt"/>
        <line num="49" count="33" type="stmt"/>
        <line num="50" count="33" type="stmt"/>
        <line num="52" count="33" type="stmt"/>
        <line num="54" count="33" type="stmt"/>
        <line num="55" count="33" type="stmt"/>
        <line num="56" count="33" type="stmt"/>
        <line num="57" count="33" type="stmt"/>
        <line num="60" count="33" type="stmt"/>
        <line num="61" count="33" type="stmt"/>
        <line num="62" count="33" type="stmt"/>
        <line num="74" count="33" type="stmt"/>
        <line num="75" count="33" type="stmt"/>
        <line num="89" count="33" type="stmt"/>
        <line num="95" count="33" type="stmt"/>
        <line num="103" count="33" type="stmt"/>
        <line num="105" count="33" type="stmt"/>
        <line num="111" count="33" type="stmt"/>
        <line num="139" count="33" type="stmt"/>
        <line num="251" count="33" type="stmt"/>
        <line num="256" count="33" type="stmt"/>
        <line num="258" count="33" type="stmt"/>
        <line num="260" count="33" type="stmt"/>
        <line num="261" count="33" type="stmt"/>
        <line num="263" count="33" type="stmt"/>
        <line num="265" count="33" type="stmt"/>
        <line num="266" count="33" type="stmt"/>
        <line num="267" count="33" type="stmt"/>
        <line num="268" count="33" type="stmt"/>
        <line num="269" count="33" type="stmt"/>
        <line num="270" count="33" type="stmt"/>
        <line num="272" count="33" type="stmt"/>
        <line num="273" count="33" type="stmt"/>
        <line num="274" count="33" type="stmt"/>
        <line num="275" count="33" type="stmt"/>
        <line num="276" count="33" type="stmt"/>
        <line num="277" count="33" type="stmt"/>
        <line num="278" count="33" type="stmt"/>
        <line num="280" count="33" type="stmt"/>
        <line num="282" count="33" type="stmt"/>
        <line num="284" count="33" type="stmt"/>
        <line num="286" count="33" type="stmt"/>
        <line num="287" count="33" type="stmt"/>
        <line num="288" count="33" type="stmt"/>
        <line num="289" count="33" type="stmt"/>
        <line num="290" count="33" type="stmt"/>
        <line num="291" count="33" type="stmt"/>
        <line num="292" count="33" type="stmt"/>
        <line num="293" count="33" type="stmt"/>
        <line num="296" count="33" type="stmt"/>
        <line num="297" count="33" type="stmt"/>
        <line num="299" count="33" type="stmt"/>
        <line num="300" count="33" type="stmt"/>
        <line num="301" count="33" type="stmt"/>
        <line num="302" count="33" type="stmt"/>
        <line num="303" count="33" type="stmt"/>
        <line num="304" count="33" type="stmt"/>
        <line num="305" count="33" type="stmt"/>
        <line num="307" count="33" type="stmt"/>
        <line num="309" count="33" type="stmt"/>
        <line num="310" count="33" type="stmt"/>
        <line num="311" count="33" type="stmt"/>
        <line num="312" count="33" type="stmt"/>
        <line num="314" count="33" type="stmt"/>
        <line num="315" count="33" type="stmt"/>
        <line num="316" count="33" type="stmt"/>
        <line num="343" count="33" type="stmt"/>
        <line num="362" count="33" type="stmt"/>
        <line num="381" count="33" type="stmt"/>
        <line num="382" count="33" type="stmt"/>
        <line num="383" count="33" type="stmt"/>
        <line num="384" count="33" type="stmt"/>
        <line num="385" count="33" type="stmt"/>
        <line num="388" count="33" type="stmt"/>
        <line num="390" count="33" type="stmt"/>
        <line num="391" count="33" type="stmt"/>
        <line num="392" count="33" type="stmt"/>
        <line num="394" count="33" type="stmt"/>
        <line num="400" count="33" type="stmt"/>
        <line num="402" count="33" type="stmt"/>
        <line num="408" count="33" type="stmt"/>
        <line num="410" count="33" type="stmt"/>
        <line num="436" count="33" type="stmt"/>
        <line num="438" count="33" type="stmt"/>
      </file>
    </package>
  </project>
</coverage>
