{"/home/shaks/Desktop/final/frontend/src/components/atoms/Avatar/index.tsx": {"path":"/home/shaks/Desktop/final/frontend/src/components/atoms/Avatar/index.tsx","statementMap":{"0":{"start":{"line":13,"column":15},"end":{"line":19,"column":1}},"1":{"start":{"line":14,"column":2},"end":{"line":18,"column":4}}},"fnMap":{"0":{"name":"(anonymous_0)","decl":{"start":{"line":13,"column":15},"end":{"line":13,"column":16}},"loc":{"start":{"line":13,"column":39},"end":{"line":19,"column":1}},"line":13}},"branchMap":{},"s":{"0":3,"1":11},"f":{"0":11},"b":{},"_coverageSchema":"1a1c01bbd47fc00a2c39e90264f33305004495a9","hash":"eeaa64ca9b56d6a9e82ff50dc8e91c58da7e533e"}
,"/home/shaks/Desktop/final/frontend/src/components/atoms/Button/index.tsx": {"path":"/home/shaks/Desktop/final/frontend/src/components/atoms/Button/index.tsx","statementMap":{"0":{"start":{"line":23,"column":15},"end":{"line":33,"column":1}},"1":{"start":{"line":24,"column":2},"end":{"line":32,"column":3}}},"fnMap":{"0":{"name":"(anonymous_0)","decl":{"start":{"line":23,"column":15},"end":{"line":23,"column":16}},"loc":{"start":{"line":23,"column":38},"end":{"line":33,"column":1}},"line":23}},"branchMap":{},"s":{"0":23,"1":263},"f":{"0":263},"b":{},"_coverageSchema":"1a1c01bbd47fc00a2c39e90264f33305004495a9","hash":"bcec8b40291f16c32f363027288e439604b4a536"}
,"/home/shaks/Desktop/final/frontend/src/components/atoms/CheckBox/index.tsx": {"path":"/home/shaks/Desktop/final/frontend/src/components/atoms/CheckBox/index.tsx","statementMap":{"0":{"start":{"line":15,"column":17},"end":{"line":23,"column":1}},"1":{"start":{"line":16,"column":2},"end":{"line":22,"column":3}}},"fnMap":{"0":{"name":"(anonymous_0)","decl":{"start":{"line":15,"column":17},"end":{"line":15,"column":18}},"loc":{"start":{"line":15,"column":42},"end":{"line":23,"column":1}},"line":15}},"branchMap":{},"s":{"0":7,"1":39},"f":{"0":39},"b":{},"_coverageSchema":"1a1c01bbd47fc00a2c39e90264f33305004495a9","hash":"5574b3146cb8c78a45adc3615fbba9cb88015a0b"}
,"/home/shaks/Desktop/final/frontend/src/components/atoms/Chip/index.tsx": {"path":"/home/shaks/Desktop/final/frontend/src/components/atoms/Chip/index.tsx","statementMap":{"0":{"start":{"line":14,"column":27},"end":{"line":28,"column":1}},"1":{"start":{"line":15,"column":4},"end":{"line":27,"column":5}}},"fnMap":{"0":{"name":"(anonymous_0)","decl":{"start":{"line":14,"column":27},"end":{"line":14,"column":28}},"loc":{"start":{"line":14,"column":47},"end":{"line":28,"column":1}},"line":14}},"branchMap":{},"s":{"0":5,"1":13},"f":{"0":13},"b":{},"_coverageSchema":"1a1c01bbd47fc00a2c39e90264f33305004495a9","hash":"4c3dcc0aa88b95344005a437a7cbaceeb29461a9"}
,"/home/shaks/Desktop/final/frontend/src/components/atoms/Image/index.tsx": {"path":"/home/shaks/Desktop/final/frontend/src/components/atoms/Image/index.tsx","statementMap":{"0":{"start":{"line":16,"column":14},"end":{"line":22,"column":1}},"1":{"start":{"line":17,"column":2},"end":{"line":21,"column":4}}},"fnMap":{"0":{"name":"(anonymous_0)","decl":{"start":{"line":16,"column":14},"end":{"line":16,"column":15}},"loc":{"start":{"line":16,"column":37},"end":{"line":22,"column":1}},"line":16}},"branchMap":{},"s":{"0":44,"1":1140},"f":{"0":1140},"b":{},"_coverageSchema":"1a1c01bbd47fc00a2c39e90264f33305004495a9","hash":"729d966531f587eacde5619bec6c6e8c3652ac85"}
,"/home/shaks/Desktop/final/frontend/src/components/atoms/InputField/index.tsx": {"path":"/home/shaks/Desktop/final/frontend/src/components/atoms/InputField/index.tsx","statementMap":{"0":{"start":{"line":34,"column":26},"end":{"line":79,"column":1}},"1":{"start":{"line":35,"column":2},"end":{"line":78,"column":4}}},"fnMap":{"0":{"name":"(anonymous_0)","decl":{"start":{"line":34,"column":26},"end":{"line":34,"column":27}},"loc":{"start":{"line":34,"column":54},"end":{"line":79,"column":1}},"line":34}},"branchMap":{"0":{"loc":{"start":{"line":56,"column":14},"end":{"line":58,"column":14}},"type":"cond-expr","locations":[{"start":{"line":57,"column":12},"end":{"line":57,"column":82}},{"start":{"line":58,"column":12},"end":{"line":58,"column":14}}],"line":56},"1":{"loc":{"start":{"line":60,"column":19},"end":{"line":60,"column":57}},"type":"cond-expr","locations":[{"start":{"line":60,"column":34},"end":{"line":60,"column":43}},{"start":{"line":60,"column":46},"end":{"line":60,"column":57}}],"line":60},"2":{"loc":{"start":{"line":68,"column":17},"end":{"line":68,"column":55}},"type":"cond-expr","locations":[{"start":{"line":68,"column":32},"end":{"line":68,"column":41}},{"start":{"line":68,"column":44},"end":{"line":68,"column":55}}],"line":68}},"s":{"0":29,"1":538},"f":{"0":538},"b":{"0":[1,524],"1":[517,8],"2":[517,8]},"_coverageSchema":"1a1c01bbd47fc00a2c39e90264f33305004495a9","hash":"dd7680d82ed441a295a4fd731de6ef3e3880ec19"}
,"/home/shaks/Desktop/final/frontend/src/components/atoms/Radio/index.tsx": {"path":"/home/shaks/Desktop/final/frontend/src/components/atoms/Radio/index.tsx","statementMap":{"0":{"start":{"line":17,"column":27},"end":{"line":23,"column":1}},"1":{"start":{"line":18,"column":2},"end":{"line":22,"column":4}}},"fnMap":{"0":{"name":"(anonymous_0)","decl":{"start":{"line":17,"column":27},"end":{"line":17,"column":28}},"loc":{"start":{"line":17,"column":56},"end":{"line":23,"column":1}},"line":17}},"branchMap":{},"s":{"0":11,"1":43},"f":{"0":43},"b":{},"_coverageSchema":"1a1c01bbd47fc00a2c39e90264f33305004495a9","hash":"2339e0f17fc961c5858d462abfd55c1bef366281"}
,"/home/shaks/Desktop/final/frontend/src/components/atoms/Stepper/index.tsx": {"path":"/home/shaks/Desktop/final/frontend/src/components/atoms/Stepper/index.tsx","statementMap":{"0":{"start":{"line":25,"column":28},"end":{"line":46,"column":3}},"1":{"start":{"line":25,"column":66},"end":{"line":46,"column":1}},"2":{"start":{"line":48,"column":27},"end":{"line":57,"column":1}},"3":{"start":{"line":49,"column":30},"end":{"line":56,"column":3}},"4":{"start":{"line":60,"column":2},"end":{"line":65,"column":4}},"5":{"start":{"line":68,"column":23},"end":{"line":84,"column":1}},"6":{"start":{"line":69,"column":43},"end":{"line":69,"column":48}},"7":{"start":{"line":70,"column":19},"end":{"line":70,"column":23}},"8":{"start":{"line":71,"column":2},"end":{"line":75,"column":3}},"9":{"start":{"line":72,"column":4},"end":{"line":74,"column":5}},"10":{"start":{"line":73,"column":6},"end":{"line":73,"column":29}},"11":{"start":{"line":77,"column":2},"end":{"line":83,"column":4}},"12":{"start":{"line":86,"column":22},"end":{"line":102,"column":1}},"13":{"start":{"line":87,"column":2},"end":{"line":101,"column":4}},"14":{"start":{"line":91,"column":10},"end":{"line":97,"column":17}}},"fnMap":{"0":{"name":"(anonymous_0)","decl":{"start":{"line":25,"column":50},"end":{"line":25,"column":51}},"loc":{"start":{"line":25,"column":66},"end":{"line":46,"column":1}},"line":25},"1":{"name":"(anonymous_1)","decl":{"start":{"line":49,"column":2},"end":{"line":49,"column":3}},"loc":{"start":{"line":49,"column":30},"end":{"line":56,"column":3}},"line":49},"2":{"name":"(anonymous_2)","decl":{"start":{"line":68,"column":23},"end":{"line":68,"column":24}},"loc":{"start":{"line":68,"column":49},"end":{"line":84,"column":1}},"line":68},"3":{"name":"(anonymous_3)","decl":{"start":{"line":86,"column":22},"end":{"line":86,"column":23}},"loc":{"start":{"line":86,"column":53},"end":{"line":102,"column":1}},"line":86},"4":{"name":"(anonymous_4)","decl":{"start":{"line":90,"column":25},"end":{"line":90,"column":26}},"loc":{"start":{"line":91,"column":10},"end":{"line":97,"column":17}},"line":91}},"branchMap":{"0":{"loc":{"start":{"line":71,"column":2},"end":{"line":75,"column":3}},"type":"if","locations":[{"start":{"line":71,"column":2},"end":{"line":75,"column":3}},{"start":{},"end":{}}],"line":71},"1":{"loc":{"start":{"line":72,"column":4},"end":{"line":74,"column":5}},"type":"if","locations":[{"start":{"line":72,"column":4},"end":{"line":74,"column":5}},{"start":{},"end":{}}],"line":72},"2":{"loc":{"start":{"line":95,"column":44},"end":{"line":95,"column":125}},"type":"cond-expr","locations":[{"start":{"line":95,"column":68},"end":{"line":95,"column":94}},{"start":{"line":95,"column":95},"end":{"line":95,"column":125}}],"line":95}},"s":{"0":4,"1":355,"2":4,"3":444,"4":4,"5":4,"6":444,"7":444,"8":444,"9":255,"10":89,"11":444,"12":4,"13":93,"14":444},"f":{"0":355,"1":444,"2":444,"3":93,"4":444},"b":{"0":[255,189],"1":[89,166],"2":[276,168]},"_coverageSchema":"1a1c01bbd47fc00a2c39e90264f33305004495a9","hash":"65c1bde6f0ccabddee3a840ee4dca62aeba9bcea"}
,"/home/shaks/Desktop/final/frontend/src/components/atoms/Typography/index.tsx": {"path":"/home/shaks/Desktop/final/frontend/src/components/atoms/Typography/index.tsx","statementMap":{"0":{"start":{"line":11,"column":15},"end":{"line":162,"column":1}},"1":{"start":{"line":12,"column":2},"end":{"line":33,"column":4}},"2":{"start":{"line":35,"column":2},"end":{"line":56,"column":4}},"3":{"start":{"line":59,"column":2},"end":{"line":80,"column":4}},"4":{"start":{"line":83,"column":2},"end":{"line":106,"column":4}},"5":{"start":{"line":109,"column":2},"end":{"line":130,"column":4}},"6":{"start":{"line":133,"column":2},"end":{"line":154,"column":4}},"7":{"start":{"line":155,"column":2},"end":{"line":161,"column":4}}},"fnMap":{"0":{"name":"(anonymous_0)","decl":{"start":{"line":11,"column":15},"end":{"line":11,"column":16}},"loc":{"start":{"line":11,"column":39},"end":{"line":162,"column":1}},"line":11}},"branchMap":{},"s":{"0":50,"1":3185,"2":3185,"3":3185,"4":3185,"5":3185,"6":3185,"7":3185},"f":{"0":3185},"b":{},"_coverageSchema":"1a1c01bbd47fc00a2c39e90264f33305004495a9","hash":"d8042e6cea805bedd5adcbed43ca1c92fb698196"}
,"/home/shaks/Desktop/final/frontend/src/components/molecules/ButtonImage/index.tsx": {"path":"/home/shaks/Desktop/final/frontend/src/components/molecules/ButtonImage/index.tsx","statementMap":{"0":{"start":{"line":13,"column":20},"end":{"line":18,"column":1}},"1":{"start":{"line":14,"column":2},"end":{"line":17,"column":4}}},"fnMap":{"0":{"name":"(anonymous_0)","decl":{"start":{"line":13,"column":20},"end":{"line":13,"column":21}},"loc":{"start":{"line":13,"column":48},"end":{"line":18,"column":1}},"line":13}},"branchMap":{},"s":{"0":3,"1":7},"f":{"0":7},"b":{},"_coverageSchema":"1a1c01bbd47fc00a2c39e90264f33305004495a9","hash":"c3aa41a6977afe03358467a06f2b78e2e8d2b41d"}
,"/home/shaks/Desktop/final/frontend/src/components/molecules/CalenderInput/index.tsx": {"path":"/home/shaks/Desktop/final/frontend/src/components/molecules/CalenderInput/index.tsx","statementMap":{"0":{"start":{"line":17,"column":29},"end":{"line":48,"column":1}},"1":{"start":{"line":18,"column":2},"end":{"line":47,"column":4}}},"fnMap":{"0":{"name":"(anonymous_0)","decl":{"start":{"line":17,"column":29},"end":{"line":17,"column":30}},"loc":{"start":{"line":17,"column":55},"end":{"line":48,"column":1}},"line":17}},"branchMap":{},"s":{"0":5,"1":54},"f":{"0":54},"b":{},"_coverageSchema":"1a1c01bbd47fc00a2c39e90264f33305004495a9","hash":"5d91789d0ddd6b4b696189d619b3a6291352ea03"}
,"/home/shaks/Desktop/final/frontend/src/components/molecules/CheckBoxText/index.tsx": {"path":"/home/shaks/Desktop/final/frontend/src/components/molecules/CheckBoxText/index.tsx","statementMap":{"0":{"start":{"line":14,"column":21},"end":{"line":23,"column":1}},"1":{"start":{"line":15,"column":2},"end":{"line":22,"column":4}}},"fnMap":{"0":{"name":"(anonymous_0)","decl":{"start":{"line":14,"column":21},"end":{"line":14,"column":22}},"loc":{"start":{"line":14,"column":51},"end":{"line":23,"column":1}},"line":14}},"branchMap":{},"s":{"0":3,"1":21},"f":{"0":21},"b":{},"_coverageSchema":"1a1c01bbd47fc00a2c39e90264f33305004495a9","hash":"4a5a6e0c7d718ab322fa7d3bf1c9c072a0191f36"}
,"/home/shaks/Desktop/final/frontend/src/components/molecules/CurrencySelect/index.tsx": {"path":"/home/shaks/Desktop/final/frontend/src/components/molecules/CurrencySelect/index.tsx","statementMap":{"0":{"start":{"line":23,"column":23},"end":{"line":141,"column":1}},"1":{"start":{"line":24,"column":2},"end":{"line":140,"column":4}},"2":{"start":{"line":86,"column":14},"end":{"line":117,"column":16}}},"fnMap":{"0":{"name":"(anonymous_0)","decl":{"start":{"line":23,"column":23},"end":{"line":23,"column":24}},"loc":{"start":{"line":23,"column":54},"end":{"line":141,"column":1}},"line":23},"1":{"name":"(anonymous_1)","decl":{"start":{"line":85,"column":33},"end":{"line":85,"column":34}},"loc":{"start":{"line":85,"column":51},"end":{"line":118,"column":13}},"line":85}},"branchMap":{"0":{"loc":{"start":{"line":26,"column":7},"end":{"line":63,"column":12}},"type":"binary-expr","locations":[{"start":{"line":26,"column":7},"end":{"line":26,"column":20}},{"start":{"line":26,"column":24},"end":{"line":63,"column":12}}],"line":26},"1":{"loc":{"start":{"line":48,"column":18},"end":{"line":50,"column":45}},"type":"cond-expr","locations":[{"start":{"line":49,"column":22},"end":{"line":49,"column":45}},{"start":{"line":50,"column":22},"end":{"line":50,"column":45}}],"line":48},"2":{"loc":{"start":{"line":57,"column":17},"end":{"line":57,"column":44}},"type":"cond-expr","locations":[{"start":{"line":57,"column":31},"end":{"line":57,"column":36}},{"start":{"line":57,"column":39},"end":{"line":57,"column":44}}],"line":57},"3":{"loc":{"start":{"line":64,"column":8},"end":{"line":138,"column":12}},"type":"binary-expr","locations":[{"start":{"line":64,"column":8},"end":{"line":64,"column":20}},{"start":{"line":64,"column":24},"end":{"line":138,"column":12}}],"line":64},"4":{"loc":{"start":{"line":97,"column":27},"end":{"line":97,"column":76}},"type":"cond-expr","locations":[{"start":{"line":97,"column":52},"end":{"line":97,"column":69}},{"start":{"line":97,"column":72},"end":{"line":97,"column":76}}],"line":97}},"s":{"0":3,"1":34,"2":8},"f":{"0":34,"1":8},"b":{"0":[34,29],"1":[14,15],"2":[14,15],"3":[31,2],"4":[2,6]},"_coverageSchema":"1a1c01bbd47fc00a2c39e90264f33305004495a9","hash":"1469f9ba2ad24379dcacdc75d567d696a72c59ba"}
,"/home/shaks/Desktop/final/frontend/src/components/molecules/HomeBackground/index.tsx": {"path":"/home/shaks/Desktop/final/frontend/src/components/molecules/HomeBackground/index.tsx","statementMap":{"0":{"start":{"line":18,"column":23},"end":{"line":25,"column":1}},"1":{"start":{"line":19,"column":2},"end":{"line":24,"column":3}}},"fnMap":{"0":{"name":"(anonymous_0)","decl":{"start":{"line":18,"column":23},"end":{"line":18,"column":24}},"loc":{"start":{"line":18,"column":54},"end":{"line":25,"column":1}},"line":18}},"branchMap":{},"s":{"0":2,"1":9},"f":{"0":9},"b":{},"_coverageSchema":"1a1c01bbd47fc00a2c39e90264f33305004495a9","hash":"b68cae51ece507e1c8e6b4dc941f8722797334dc"}
,"/home/shaks/Desktop/final/frontend/src/components/molecules/HomeMainHeading/index.tsx": {"path":"/home/shaks/Desktop/final/frontend/src/components/molecules/HomeMainHeading/index.tsx","statementMap":{"0":{"start":{"line":18,"column":31},"end":{"line":75,"column":1}},"1":{"start":{"line":19,"column":2},"end":{"line":74,"column":4}}},"fnMap":{"0":{"name":"(anonymous_0)","decl":{"start":{"line":18,"column":31},"end":{"line":18,"column":32}},"loc":{"start":{"line":18,"column":64},"end":{"line":75,"column":1}},"line":18}},"branchMap":{"0":{"loc":{"start":{"line":50,"column":11},"end":{"line":50,"column":58}},"type":"cond-expr","locations":[{"start":{"line":50,"column":24},"end":{"line":50,"column":34}},{"start":{"line":50,"column":37},"end":{"line":50,"column":58}}],"line":50},"1":{"loc":{"start":{"line":53,"column":11},"end":{"line":53,"column":50}},"type":"cond-expr","locations":[{"start":{"line":53,"column":26},"end":{"line":53,"column":38}},{"start":{"line":53,"column":41},"end":{"line":53,"column":50}}],"line":53},"2":{"loc":{"start":{"line":58,"column":11},"end":{"line":58,"column":64}},"type":"cond-expr","locations":[{"start":{"line":58,"column":33},"end":{"line":58,"column":52}},{"start":{"line":58,"column":55},"end":{"line":58,"column":64}}],"line":58},"3":{"loc":{"start":{"line":61,"column":11},"end":{"line":61,"column":71}},"type":"cond-expr","locations":[{"start":{"line":61,"column":35},"end":{"line":61,"column":56}},{"start":{"line":61,"column":59},"end":{"line":61,"column":71}}],"line":61}},"s":{"0":2,"1":2},"f":{"0":2},"b":{"0":[1,1],"1":[1,1],"2":[1,1],"3":[1,1]},"_coverageSchema":"1a1c01bbd47fc00a2c39e90264f33305004495a9","hash":"36224f6500824acc5fbfe5ebac58361a06bc25d1"}
,"/home/shaks/Desktop/final/frontend/src/components/molecules/IconTextRadio/index.tsx": {"path":"/home/shaks/Desktop/final/frontend/src/components/molecules/IconTextRadio/index.tsx","statementMap":{"0":{"start":{"line":38,"column":22},"end":{"line":91,"column":1}},"1":{"start":{"line":39,"column":2},"end":{"line":90,"column":4}}},"fnMap":{"0":{"name":"(anonymous_0)","decl":{"start":{"line":38,"column":22},"end":{"line":38,"column":23}},"loc":{"start":{"line":38,"column":53},"end":{"line":91,"column":1}},"line":38}},"branchMap":{"0":{"loc":{"start":{"line":54,"column":27},"end":{"line":54,"column":62}},"type":"cond-expr","locations":[{"start":{"line":54,"column":37},"end":{"line":54,"column":39}},{"start":{"line":54,"column":40},"end":{"line":54,"column":62}}],"line":54},"1":{"loc":{"start":{"line":55,"column":18},"end":{"line":55,"column":45}},"type":"cond-expr","locations":[{"start":{"line":55,"column":32},"end":{"line":55,"column":41}},{"start":{"line":55,"column":43},"end":{"line":55,"column":45}}],"line":55},"2":{"loc":{"start":{"line":66,"column":20},"end":{"line":66,"column":69}},"type":"cond-expr","locations":[{"start":{"line":66,"column":36},"end":{"line":66,"column":51}},{"start":{"line":66,"column":52},"end":{"line":66,"column":69}}],"line":66},"3":{"loc":{"start":{"line":67,"column":19},"end":{"line":67,"column":55}},"type":"cond-expr","locations":[{"start":{"line":67,"column":35},"end":{"line":67,"column":37}},{"start":{"line":67,"column":38},"end":{"line":67,"column":55}}],"line":67},"4":{"loc":{"start":{"line":73,"column":13},"end":{"line":77,"column":13}},"type":"binary-expr","locations":[{"start":{"line":73,"column":13},"end":{"line":73,"column":30}},{"start":{"line":74,"column":14},"end":{"line":76,"column":27}}],"line":73},"5":{"loc":{"start":{"line":78,"column":13},"end":{"line":78,"column":48}},"type":"binary-expr","locations":[{"start":{"line":78,"column":13},"end":{"line":78,"column":29}},{"start":{"line":78,"column":33},"end":{"line":78,"column":48}}],"line":78},"6":{"loc":{"start":{"line":81,"column":9},"end":{"line":87,"column":9}},"type":"binary-expr","locations":[{"start":{"line":81,"column":9},"end":{"line":81,"column":27}},{"start":{"line":82,"column":10},"end":{"line":86,"column":40}}],"line":81}},"s":{"0":6,"1":90},"f":{"0":90},"b":{"0":[15,75],"1":[45,45],"2":[60,30],"3":[60,30],"4":[90,62],"5":[90,28],"6":[90,30]},"_coverageSchema":"1a1c01bbd47fc00a2c39e90264f33305004495a9","hash":"bd2b4b74de77ecca1ddc61094c1e052899eb3426"}
,"/home/shaks/Desktop/final/frontend/src/components/molecules/NavItem/index.tsx": {"path":"/home/shaks/Desktop/final/frontend/src/components/molecules/NavItem/index.tsx","statementMap":{"0":{"start":{"line":22,"column":23},"end":{"line":63,"column":1}},"1":{"start":{"line":23,"column":2},"end":{"line":62,"column":4}}},"fnMap":{"0":{"name":"(anonymous_0)","decl":{"start":{"line":22,"column":23},"end":{"line":22,"column":24}},"loc":{"start":{"line":22,"column":48},"end":{"line":63,"column":1}},"line":22}},"branchMap":{"0":{"loc":{"start":{"line":45,"column":9},"end":{"line":58,"column":9}},"type":"binary-expr","locations":[{"start":{"line":45,"column":9},"end":{"line":45,"column":19}},{"start":{"line":46,"column":12},"end":{"line":56,"column":14}}],"line":45}},"s":{"0":4,"1":78},"f":{"0":78},"b":{"0":[75,9]},"_coverageSchema":"1a1c01bbd47fc00a2c39e90264f33305004495a9","hash":"c8aaf6e0bed59c11d9b72c9ecc37750086fb722e"}
,"/home/shaks/Desktop/final/frontend/src/components/molecules/RadioText/index.tsx": {"path":"/home/shaks/Desktop/final/frontend/src/components/molecules/RadioText/index.tsx","statementMap":{"0":{"start":{"line":25,"column":18},"end":{"line":52,"column":1}},"1":{"start":{"line":26,"column":2},"end":{"line":51,"column":4}}},"fnMap":{"0":{"name":"(anonymous_0)","decl":{"start":{"line":25,"column":18},"end":{"line":25,"column":19}},"loc":{"start":{"line":25,"column":45},"end":{"line":52,"column":1}},"line":25}},"branchMap":{},"s":{"0":5,"1":12},"f":{"0":12},"b":{},"_coverageSchema":"1a1c01bbd47fc00a2c39e90264f33305004495a9","hash":"c34e7843efe20e43bcb51a0c55dd47e9de04f876"}
,"/home/shaks/Desktop/final/frontend/src/components/molecules/SelectInput/index.tsx": {"path":"/home/shaks/Desktop/final/frontend/src/components/molecules/SelectInput/index.tsx","statementMap":{"0":{"start":{"line":30,"column":27},"end":{"line":61,"column":1}},"1":{"start":{"line":31,"column":2},"end":{"line":60,"column":4}},"2":{"start":{"line":42,"column":10},"end":{"line":56,"column":12}}},"fnMap":{"0":{"name":"(anonymous_0)","decl":{"start":{"line":30,"column":27},"end":{"line":30,"column":28}},"loc":{"start":{"line":30,"column":56},"end":{"line":61,"column":1}},"line":30},"1":{"name":"(anonymous_1)","decl":{"start":{"line":41,"column":30},"end":{"line":41,"column":31}},"loc":{"start":{"line":41,"column":47},"end":{"line":57,"column":9}},"line":41}},"branchMap":{"0":{"loc":{"start":{"line":40,"column":7},"end":{"line":57,"column":10}},"type":"binary-expr","locations":[{"start":{"line":40,"column":7},"end":{"line":40,"column":23}},{"start":{"line":41,"column":8},"end":{"line":57,"column":10}}],"line":40},"1":{"loc":{"start":{"line":51,"column":15},"end":{"line":53,"column":15}},"type":"cond-expr","locations":[{"start":{"line":51,"column":30},"end":{"line":51,"column":34}},{"start":{"line":52,"column":16},"end":{"line":52,"column":64}}],"line":51},"2":{"loc":{"start":{"line":58,"column":7},"end":{"line":58,"column":40}},"type":"binary-expr","locations":[{"start":{"line":58,"column":7},"end":{"line":58,"column":22}},{"start":{"line":58,"column":26},"end":{"line":58,"column":40}}],"line":58}},"s":{"0":1,"1":3,"2":3},"f":{"0":3,"1":3},"b":{"0":[2,1],"1":[0,3],"2":[2,1]},"_coverageSchema":"1a1c01bbd47fc00a2c39e90264f33305004495a9","hash":"32af044ed75e0b8bf21f3826b2ed96ed4da87bf9"}
,"/home/shaks/Desktop/final/frontend/src/components/molecules/TextButton/index.tsx": {"path":"/home/shaks/Desktop/final/frontend/src/components/molecules/TextButton/index.tsx","statementMap":{"0":{"start":{"line":14,"column":27},"end":{"line":20,"column":1}},"1":{"start":{"line":15,"column":4},"end":{"line":19,"column":5}}},"fnMap":{"0":{"name":"(anonymous_0)","decl":{"start":{"line":14,"column":27},"end":{"line":14,"column":28}},"loc":{"start":{"line":14,"column":54},"end":{"line":20,"column":1}},"line":14}},"branchMap":{},"s":{"0":4,"1":19},"f":{"0":19},"b":{},"_coverageSchema":"1a1c01bbd47fc00a2c39e90264f33305004495a9","hash":"8b92c19bc7c541314a39b47eecbe6f9305314ba6"}
,"/home/shaks/Desktop/final/frontend/src/components/molecules/TextDividerIcon/index.tsx": {"path":"/home/shaks/Desktop/final/frontend/src/components/molecules/TextDividerIcon/index.tsx","statementMap":{"0":{"start":{"line":21,"column":24},"end":{"line":50,"column":1}},"1":{"start":{"line":22,"column":2},"end":{"line":49,"column":4}}},"fnMap":{"0":{"name":"(anonymous_0)","decl":{"start":{"line":21,"column":24},"end":{"line":21,"column":25}},"loc":{"start":{"line":21,"column":57},"end":{"line":50,"column":1}},"line":21}},"branchMap":{"0":{"loc":{"start":{"line":37,"column":31},"end":{"line":37,"column":65}},"type":"cond-expr","locations":[{"start":{"line":37,"column":46},"end":{"line":37,"column":55}},{"start":{"line":37,"column":58},"end":{"line":37,"column":65}}],"line":37}},"s":{"0":3,"1":43},"f":{"0":43},"b":{"0":[14,29]},"_coverageSchema":"1a1c01bbd47fc00a2c39e90264f33305004495a9","hash":"bc7639e1056cc3497e396cb6e14fb375c036b6b1"}
,"/home/shaks/Desktop/final/frontend/src/components/organisms/AccountType/index.tsx": {"path":"/home/shaks/Desktop/final/frontend/src/components/organisms/AccountType/index.tsx","statementMap":{"0":{"start":{"line":14,"column":20},"end":{"line":57,"column":1}},"1":{"start":{"line":16,"column":2},"end":{"line":56,"column":4}},"2":{"start":{"line":28,"column":20},"end":{"line":28,"column":39}},"3":{"start":{"line":29,"column":10},"end":{"line":52,"column":12}},"4":{"start":{"line":45,"column":16},"end":{"line":45,"column":45}}},"fnMap":{"0":{"name":"(anonymous_0)","decl":{"start":{"line":14,"column":20},"end":{"line":14,"column":21}},"loc":{"start":{"line":14,"column":49},"end":{"line":57,"column":1}},"line":14},"1":{"name":"(anonymous_1)","decl":{"start":{"line":27,"column":24},"end":{"line":27,"column":25}},"loc":{"start":{"line":27,"column":56},"end":{"line":53,"column":9}},"line":27},"2":{"name":"(anonymous_2)","decl":{"start":{"line":44,"column":23},"end":{"line":44,"column":24}},"loc":{"start":{"line":44,"column":29},"end":{"line":46,"column":15}},"line":44}},"branchMap":{},"s":{"0":3,"1":15,"2":30,"3":30,"4":16},"f":{"0":15,"1":30,"2":16},"b":{},"_coverageSchema":"1a1c01bbd47fc00a2c39e90264f33305004495a9","hash":"214b56cf53bb7ec158359545c66a099e81c1db9d"}
,"/home/shaks/Desktop/final/frontend/src/components/organisms/Amount/index.tsx": {"path":"/home/shaks/Desktop/final/frontend/src/components/organisms/Amount/index.tsx","statementMap":{"0":{"start":{"line":15,"column":15},"end":{"line":131,"column":1}},"1":{"start":{"line":16,"column":30},"end":{"line":16,"column":45}},"2":{"start":{"line":17,"column":26},"end":{"line":17,"column":41}},"3":{"start":{"line":18,"column":28},"end":{"line":18,"column":40}},"4":{"start":{"line":19,"column":28},"end":{"line":19,"column":40}},"5":{"start":{"line":21,"column":28},"end":{"line":41,"column":3}},"6":{"start":{"line":24,"column":23},"end":{"line":24,"column":41}},"7":{"start":{"line":25,"column":25},"end":{"line":25,"column":54}},"8":{"start":{"line":26,"column":4},"end":{"line":26,"column":27}},"9":{"start":{"line":27,"column":4},"end":{"line":40,"column":5}},"10":{"start":{"line":28,"column":18},"end":{"line":28,"column":57}},"11":{"start":{"line":29,"column":18},"end":{"line":29,"column":40}},"12":{"start":{"line":30,"column":6},"end":{"line":37,"column":7}},"13":{"start":{"line":31,"column":8},"end":{"line":31,"column":22}},"14":{"start":{"line":32,"column":8},"end":{"line":36,"column":11}},"15":{"start":{"line":39,"column":6},"end":{"line":39,"column":19}},"16":{"start":{"line":42,"column":22},"end":{"line":44,"column":3}},"17":{"start":{"line":43,"column":4},"end":{"line":43,"column":23}},"18":{"start":{"line":45,"column":26},"end":{"line":50,"column":3}},"19":{"start":{"line":49,"column":4},"end":{"line":49,"column":25}},"20":{"start":{"line":51,"column":20},"end":{"line":53,"column":3}},"21":{"start":{"line":52,"column":4},"end":{"line":52,"column":18}},"22":{"start":{"line":54,"column":22},"end":{"line":54,"column":42}},"23":{"start":{"line":54,"column":28},"end":{"line":54,"column":42}},"24":{"start":{"line":56,"column":2},"end":{"line":130,"column":4}},"25":{"start":{"line":84,"column":33},"end":{"line":84,"column":67}},"26":{"start":{"line":85,"column":35},"end":{"line":85,"column":68}}},"fnMap":{"0":{"name":"(anonymous_0)","decl":{"start":{"line":15,"column":15},"end":{"line":15,"column":16}},"loc":{"start":{"line":15,"column":39},"end":{"line":131,"column":1}},"line":15},"1":{"name":"(anonymous_1)","decl":{"start":{"line":21,"column":28},"end":{"line":21,"column":29}},"loc":{"start":{"line":23,"column":8},"end":{"line":41,"column":3}},"line":23},"2":{"name":"(anonymous_2)","decl":{"start":{"line":42,"column":22},"end":{"line":42,"column":23}},"loc":{"start":{"line":42,"column":73},"end":{"line":44,"column":3}},"line":42},"3":{"name":"(anonymous_3)","decl":{"start":{"line":45,"column":26},"end":{"line":45,"column":27}},"loc":{"start":{"line":48,"column":7},"end":{"line":50,"column":3}},"line":48},"4":{"name":"(anonymous_4)","decl":{"start":{"line":51,"column":20},"end":{"line":51,"column":21}},"loc":{"start":{"line":51,"column":26},"end":{"line":53,"column":3}},"line":51},"5":{"name":"(anonymous_5)","decl":{"start":{"line":54,"column":22},"end":{"line":54,"column":23}},"loc":{"start":{"line":54,"column":28},"end":{"line":54,"column":42}},"line":54},"6":{"name":"(anonymous_6)","decl":{"start":{"line":84,"column":27},"end":{"line":84,"column":28}},"loc":{"start":{"line":84,"column":33},"end":{"line":84,"column":67}},"line":84},"7":{"name":"(anonymous_7)","decl":{"start":{"line":85,"column":23},"end":{"line":85,"column":24}},"loc":{"start":{"line":85,"column":35},"end":{"line":85,"column":68}},"line":85}},"branchMap":{"0":{"loc":{"start":{"line":27,"column":4},"end":{"line":40,"column":5}},"type":"if","locations":[{"start":{"line":27,"column":4},"end":{"line":40,"column":5}},{"start":{"line":38,"column":11},"end":{"line":40,"column":5}}],"line":27},"1":{"loc":{"start":{"line":30,"column":6},"end":{"line":37,"column":7}},"type":"if","locations":[{"start":{"line":30,"column":6},"end":{"line":37,"column":7}},{"start":{},"end":{}}],"line":30},"2":{"loc":{"start":{"line":88,"column":9},"end":{"line":126,"column":9}},"type":"binary-expr","locations":[{"start":{"line":88,"column":9},"end":{"line":88,"column":16}},{"start":{"line":89,"column":10},"end":{"line":125,"column":13}}],"line":88},"3":{"loc":{"start":{"line":128,"column":7},"end":{"line":128,"column":62}},"type":"binary-expr","locations":[{"start":{"line":128,"column":7},"end":{"line":128,"column":11}},{"start":{"line":128,"column":15},"end":{"line":128,"column":62}}],"line":128}},"s":{"0":2,"1":17,"2":15,"3":15,"4":15,"5":15,"6":2,"7":2,"8":2,"9":2,"10":1,"11":1,"12":1,"13":1,"14":1,"15":1,"16":15,"17":1,"18":15,"19":1,"20":15,"21":1,"22":15,"23":0,"24":15,"25":1,"26":1},"f":{"0":17,"1":2,"2":1,"3":1,"4":1,"5":0,"6":1,"7":1},"b":{"0":[1,1],"1":[1,0],"2":[15,14],"3":[15,1]},"_coverageSchema":"1a1c01bbd47fc00a2c39e90264f33305004495a9","hash":"32d6d2c79a510cd503075fc1447a0b00cb400cc2"}
,"/home/shaks/Desktop/final/frontend/src/components/organisms/AmountVerification/index.tsx": {"path":"/home/shaks/Desktop/final/frontend/src/components/organisms/AmountVerification/index.tsx","statementMap":{"0":{"start":{"line":17,"column":21},"end":{"line":19,"column":1}},"1":{"start":{"line":18,"column":2},"end":{"line":18,"column":64}},"2":{"start":{"line":21,"column":28},"end":{"line":74,"column":1}},"3":{"start":{"line":22,"column":46},"end":{"line":22,"column":58}},"4":{"start":{"line":23,"column":29},"end":{"line":26,"column":3}},"5":{"start":{"line":24,"column":4},"end":{"line":24,"column":42}},"6":{"start":{"line":25,"column":4},"end":{"line":25,"column":41}},"7":{"start":{"line":28,"column":2},"end":{"line":73,"column":4}},"8":{"start":{"line":59,"column":14},"end":{"line":67,"column":25}}},"fnMap":{"0":{"name":"(anonymous_0)","decl":{"start":{"line":17,"column":21},"end":{"line":17,"column":22}},"loc":{"start":{"line":18,"column":2},"end":{"line":18,"column":64}},"line":18},"1":{"name":"(anonymous_1)","decl":{"start":{"line":21,"column":28},"end":{"line":21,"column":29}},"loc":{"start":{"line":21,"column":58},"end":{"line":74,"column":1}},"line":21},"2":{"name":"(anonymous_2)","decl":{"start":{"line":23,"column":29},"end":{"line":23,"column":30}},"loc":{"start":{"line":23,"column":45},"end":{"line":26,"column":3}},"line":23},"3":{"name":"(anonymous_3)","decl":{"start":{"line":58,"column":37},"end":{"line":58,"column":38}},"loc":{"start":{"line":59,"column":14},"end":{"line":67,"column":25}},"line":59}},"branchMap":{"0":{"loc":{"start":{"line":38,"column":11},"end":{"line":47,"column":11}},"type":"binary-expr","locations":[{"start":{"line":38,"column":11},"end":{"line":38,"column":26}},{"start":{"line":39,"column":12},"end":{"line":46,"column":25}}],"line":38}},"s":{"0":2,"1":17,"2":2,"3":8,"4":8,"5":1,"6":1,"7":8,"8":32},"f":{"0":17,"1":8,"2":1,"3":32},"b":{"0":[8,7]},"_coverageSchema":"1a1c01bbd47fc00a2c39e90264f33305004495a9","hash":"feeb3d1d27e21cf0ab03bda456ea3d9626f5008b"}
,"/home/shaks/Desktop/final/frontend/src/components/organisms/BusinessActivity/index.tsx": {"path":"/home/shaks/Desktop/final/frontend/src/components/organisms/BusinessActivity/index.tsx","statementMap":{"0":{"start":{"line":22,"column":32},"end":{"line":140,"column":1}},"1":{"start":{"line":23,"column":21},"end":{"line":29,"column":3}},"2":{"start":{"line":31,"column":24},"end":{"line":37,"column":3}},"3":{"start":{"line":39,"column":16},"end":{"line":39,"column":69}},"4":{"start":{"line":41,"column":23},"end":{"line":41,"column":57}},"5":{"start":{"line":42,"column":17},"end":{"line":42,"column":69}},"6":{"start":{"line":43,"column":30},"end":{"line":43,"column":42}},"7":{"start":{"line":44,"column":30},"end":{"line":44,"column":42}},"8":{"start":{"line":45,"column":30},"end":{"line":45,"column":42}},"9":{"start":{"line":46,"column":17},"end":{"line":46,"column":41}},"10":{"start":{"line":47,"column":20},"end":{"line":47,"column":53}},"11":{"start":{"line":49,"column":23},"end":{"line":68,"column":3}},"12":{"start":{"line":50,"column":21},"end":{"line":50,"column":49}},"13":{"start":{"line":51,"column":4},"end":{"line":51,"column":31}},"14":{"start":{"line":52,"column":4},"end":{"line":67,"column":5}},"15":{"start":{"line":53,"column":6},"end":{"line":56,"column":9}},"16":{"start":{"line":57,"column":11},"end":{"line":67,"column":5}},"17":{"start":{"line":58,"column":6},"end":{"line":61,"column":9}},"18":{"start":{"line":62,"column":11},"end":{"line":67,"column":5}},"19":{"start":{"line":63,"column":6},"end":{"line":66,"column":9}},"20":{"start":{"line":70,"column":2},"end":{"line":72,"column":3}},"21":{"start":{"line":71,"column":4},"end":{"line":71,"column":29}},"22":{"start":{"line":74,"column":19},"end":{"line":76,"column":3}},"23":{"start":{"line":75,"column":4},"end":{"line":75,"column":72}},"24":{"start":{"line":78,"column":2},"end":{"line":139,"column":4}},"25":{"start":{"line":101,"column":14},"end":{"line":133,"column":28}},"26":{"start":{"line":116,"column":20},"end":{"line":116,"column":42}},"27":{"start":{"line":124,"column":20},"end":{"line":130,"column":31}}},"fnMap":{"0":{"name":"(anonymous_0)","decl":{"start":{"line":22,"column":32},"end":{"line":22,"column":33}},"loc":{"start":{"line":22,"column":66},"end":{"line":140,"column":1}},"line":22},"1":{"name":"(anonymous_1)","decl":{"start":{"line":49,"column":23},"end":{"line":49,"column":24}},"loc":{"start":{"line":49,"column":54},"end":{"line":68,"column":3}},"line":49},"2":{"name":"(anonymous_2)","decl":{"start":{"line":74,"column":19},"end":{"line":74,"column":20}},"loc":{"start":{"line":74,"column":25},"end":{"line":76,"column":3}},"line":74},"3":{"name":"(anonymous_3)","decl":{"start":{"line":100,"column":30},"end":{"line":100,"column":31}},"loc":{"start":{"line":101,"column":14},"end":{"line":133,"column":28}},"line":101},"4":{"name":"(anonymous_4)","decl":{"start":{"line":115,"column":28},"end":{"line":115,"column":29}},"loc":{"start":{"line":116,"column":20},"end":{"line":116,"column":42}},"line":116},"5":{"name":"(anonymous_5)","decl":{"start":{"line":123,"column":29},"end":{"line":123,"column":30}},"loc":{"start":{"line":124,"column":20},"end":{"line":130,"column":31}},"line":124}},"branchMap":{"0":{"loc":{"start":{"line":52,"column":4},"end":{"line":67,"column":5}},"type":"if","locations":[{"start":{"line":52,"column":4},"end":{"line":67,"column":5}},{"start":{"line":57,"column":11},"end":{"line":67,"column":5}}],"line":52},"1":{"loc":{"start":{"line":57,"column":11},"end":{"line":67,"column":5}},"type":"if","locations":[{"start":{"line":57,"column":11},"end":{"line":67,"column":5}},{"start":{"line":62,"column":11},"end":{"line":67,"column":5}}],"line":57},"2":{"loc":{"start":{"line":62,"column":11},"end":{"line":67,"column":5}},"type":"if","locations":[{"start":{"line":62,"column":11},"end":{"line":67,"column":5}},{"start":{},"end":{}}],"line":62},"3":{"loc":{"start":{"line":70,"column":2},"end":{"line":72,"column":3}},"type":"if","locations":[{"start":{"line":70,"column":2},"end":{"line":72,"column":3}},{"start":{},"end":{}}],"line":70},"4":{"loc":{"start":{"line":70,"column":6},"end":{"line":70,"column":32}},"type":"binary-expr","locations":[{"start":{"line":70,"column":6},"end":{"line":70,"column":12}},{"start":{"line":70,"column":16},"end":{"line":70,"column":22}},{"start":{"line":70,"column":26},"end":{"line":70,"column":32}}],"line":70},"5":{"loc":{"start":{"line":102,"column":17},"end":{"line":108,"column":17}},"type":"binary-expr","locations":[{"start":{"line":102,"column":17},"end":{"line":102,"column":31}},{"start":{"line":103,"column":18},"end":{"line":107,"column":31}}],"line":102},"6":{"loc":{"start":{"line":110,"column":22},"end":{"line":110,"column":52}},"type":"cond-expr","locations":[{"start":{"line":110,"column":32},"end":{"line":110,"column":38}},{"start":{"line":110,"column":39},"end":{"line":110,"column":52}}],"line":110},"7":{"loc":{"start":{"line":114,"column":25},"end":{"line":114,"column":59}},"type":"cond-expr","locations":[{"start":{"line":114,"column":41},"end":{"line":114,"column":54}},{"start":{"line":114,"column":57},"end":{"line":114,"column":59}}],"line":114}},"s":{"0":2,"1":12,"2":12,"3":12,"4":12,"5":12,"6":12,"7":10,"8":10,"9":10,"10":10,"11":10,"12":6,"13":6,"14":6,"15":2,"16":4,"17":2,"18":2,"19":2,"20":10,"21":3,"22":10,"23":54,"24":10,"25":30,"26":6,"27":150},"f":{"0":12,"1":6,"2":54,"3":30,"4":6,"5":150},"b":{"0":[2,4],"1":[2,2],"2":[2,0],"3":[3,7],"4":[10,7,5],"5":[30,15],"6":[10,20],"7":[15,15]},"_coverageSchema":"1a1c01bbd47fc00a2c39e90264f33305004495a9","hash":"a1ed608e1f77ccf194d9e0091465da84e62aebca"}
,"/home/shaks/Desktop/final/frontend/src/components/organisms/BusinessSearch/index.tsx": {"path":"/home/shaks/Desktop/final/frontend/src/components/organisms/BusinessSearch/index.tsx","statementMap":{"0":{"start":{"line":16,"column":23},"end":{"line":154,"column":1}},"1":{"start":{"line":17,"column":30},"end":{"line":17,"column":45}},"2":{"start":{"line":18,"column":28},"end":{"line":18,"column":40}},"3":{"start":{"line":19,"column":21},"end":{"line":24,"column":3}},"4":{"start":{"line":25,"column":22},"end":{"line":31,"column":3}},"5":{"start":{"line":26,"column":4},"end":{"line":26,"column":33}},"6":{"start":{"line":27,"column":17},"end":{"line":27,"column":45}},"7":{"start":{"line":28,"column":4},"end":{"line":30,"column":5}},"8":{"start":{"line":29,"column":6},"end":{"line":29,"column":25}},"9":{"start":{"line":32,"column":2},"end":{"line":153,"column":4}},"10":{"start":{"line":60,"column":20},"end":{"line":60,"column":39}},"11":{"start":{"line":80,"column":18},"end":{"line":80,"column":37}},"12":{"start":{"line":91,"column":18},"end":{"line":109,"column":20}},"13":{"start":{"line":102,"column":24},"end":{"line":102,"column":66}}},"fnMap":{"0":{"name":"(anonymous_0)","decl":{"start":{"line":16,"column":23},"end":{"line":16,"column":24}},"loc":{"start":{"line":16,"column":55},"end":{"line":154,"column":1}},"line":16},"1":{"name":"(anonymous_1)","decl":{"start":{"line":25,"column":22},"end":{"line":25,"column":23}},"loc":{"start":{"line":25,"column":38},"end":{"line":31,"column":3}},"line":25},"2":{"name":"(anonymous_2)","decl":{"start":{"line":59,"column":27},"end":{"line":59,"column":28}},"loc":{"start":{"line":59,"column":33},"end":{"line":61,"column":19}},"line":59},"3":{"name":"(anonymous_3)","decl":{"start":{"line":79,"column":25},"end":{"line":79,"column":26}},"loc":{"start":{"line":79,"column":31},"end":{"line":81,"column":17}},"line":79},"4":{"name":"(anonymous_4)","decl":{"start":{"line":90,"column":32},"end":{"line":90,"column":33}},"loc":{"start":{"line":90,"column":50},"end":{"line":110,"column":17}},"line":90},"5":{"name":"(anonymous_5)","decl":{"start":{"line":101,"column":31},"end":{"line":101,"column":32}},"loc":{"start":{"line":101,"column":37},"end":{"line":103,"column":23}},"line":101}},"branchMap":{"0":{"loc":{"start":{"line":28,"column":4},"end":{"line":30,"column":5}},"type":"if","locations":[{"start":{"line":28,"column":4},"end":{"line":30,"column":5}},{"start":{},"end":{}}],"line":28},"1":{"loc":{"start":{"line":28,"column":8},"end":{"line":28,"column":44}},"type":"binary-expr","locations":[{"start":{"line":28,"column":8},"end":{"line":28,"column":24}},{"start":{"line":28,"column":28},"end":{"line":28,"column":44}}],"line":28},"2":{"loc":{"start":{"line":45,"column":9},"end":{"line":67,"column":9}},"type":"binary-expr","locations":[{"start":{"line":45,"column":9},"end":{"line":45,"column":16}},{"start":{"line":46,"column":10},"end":{"line":66,"column":16}}],"line":45},"3":{"loc":{"start":{"line":68,"column":9},"end":{"line":150,"column":9}},"type":"binary-expr","locations":[{"start":{"line":68,"column":9},"end":{"line":68,"column":15}},{"start":{"line":69,"column":10},"end":{"line":149,"column":16}}],"line":68}},"s":{"0":2,"1":14,"2":12,"3":12,"4":12,"5":1,"6":1,"7":1,"8":1,"9":12,"10":4,"11":1,"12":20,"13":9},"f":{"0":14,"1":1,"2":4,"3":1,"4":20,"5":9},"b":{"0":[1,0],"1":[1,1],"2":[12,7],"3":[12,5]},"_coverageSchema":"1a1c01bbd47fc00a2c39e90264f33305004495a9","hash":"57ec9e57d98debbbb0f093644031f0417e95ca20"}
,"/home/shaks/Desktop/final/frontend/src/components/organisms/CancelModal/index.tsx": {"path":"/home/shaks/Desktop/final/frontend/src/components/organisms/CancelModal/index.tsx","statementMap":{"0":{"start":{"line":27,"column":20},"end":{"line":245,"column":1}},"1":{"start":{"line":28,"column":18},"end":{"line":28,"column":79}},"2":{"start":{"line":29,"column":15},"end":{"line":42,"column":3}},"3":{"start":{"line":43,"column":28},"end":{"line":43,"column":40}},"4":{"start":{"line":45,"column":23},"end":{"line":54,"column":3}},"5":{"start":{"line":46,"column":21},"end":{"line":46,"column":57}},"6":{"start":{"line":47,"column":4},"end":{"line":47,"column":26}},"7":{"start":{"line":48,"column":4},"end":{"line":53,"column":7}},"8":{"start":{"line":49,"column":6},"end":{"line":52,"column":7}},"9":{"start":{"line":50,"column":8},"end":{"line":50,"column":28}},"10":{"start":{"line":51,"column":8},"end":{"line":51,"column":27}},"11":{"start":{"line":56,"column":22},"end":{"line":73,"column":3}},"12":{"start":{"line":57,"column":26},"end":{"line":59,"column":5}},"13":{"start":{"line":58,"column":34},"end":{"line":58,"column":59}},"14":{"start":{"line":61,"column":4},"end":{"line":72,"column":6}},"15":{"start":{"line":75,"column":26},"end":{"line":75,"column":41}},"16":{"start":{"line":76,"column":26},"end":{"line":76,"column":40}},"17":{"start":{"line":78,"column":22},"end":{"line":78,"column":42}},"18":{"start":{"line":78,"column":28},"end":{"line":78,"column":42}},"19":{"start":{"line":79,"column":2},"end":{"line":244,"column":4}},"20":{"start":{"line":133,"column":18},"end":{"line":133,"column":33}},"21":{"start":{"line":151,"column":16},"end":{"line":221,"column":18}},"22":{"start":{"line":181,"column":26},"end":{"line":184,"column":28}},"23":{"start":{"line":190,"column":30},"end":{"line":190,"column":46}},"24":{"start":{"line":196,"column":24},"end":{"line":217,"column":26}}},"fnMap":{"0":{"name":"(anonymous_0)","decl":{"start":{"line":27,"column":20},"end":{"line":27,"column":21}},"loc":{"start":{"line":27,"column":49},"end":{"line":245,"column":1}},"line":27},"1":{"name":"(anonymous_1)","decl":{"start":{"line":45,"column":23},"end":{"line":45,"column":24}},"loc":{"start":{"line":45,"column":45},"end":{"line":54,"column":3}},"line":45},"2":{"name":"(anonymous_2)","decl":{"start":{"line":48,"column":17},"end":{"line":48,"column":18}},"loc":{"start":{"line":48,"column":26},"end":{"line":53,"column":5}},"line":48},"3":{"name":"(anonymous_3)","decl":{"start":{"line":56,"column":22},"end":{"line":56,"column":23}},"loc":{"start":{"line":56,"column":41},"end":{"line":73,"column":3}},"line":56},"4":{"name":"(anonymous_4)","decl":{"start":{"line":58,"column":6},"end":{"line":58,"column":7}},"loc":{"start":{"line":58,"column":34},"end":{"line":58,"column":59}},"line":58},"5":{"name":"(anonymous_5)","decl":{"start":{"line":78,"column":22},"end":{"line":78,"column":23}},"loc":{"start":{"line":78,"column":28},"end":{"line":78,"column":42}},"line":78},"6":{"name":"(anonymous_6)","decl":{"start":{"line":132,"column":25},"end":{"line":132,"column":26}},"loc":{"start":{"line":132,"column":31},"end":{"line":134,"column":17}},"line":132},"7":{"name":"(anonymous_7)","decl":{"start":{"line":150,"column":35},"end":{"line":150,"column":36}},"loc":{"start":{"line":150,"column":50},"end":{"line":222,"column":15}},"line":150},"8":{"name":"(anonymous_8)","decl":{"start":{"line":180,"column":39},"end":{"line":180,"column":40}},"loc":{"start":{"line":181,"column":26},"end":{"line":184,"column":28}},"line":181},"9":{"name":"(anonymous_9)","decl":{"start":{"line":189,"column":28},"end":{"line":189,"column":29}},"loc":{"start":{"line":189,"column":40},"end":{"line":191,"column":29}},"line":189},"10":{"name":"(anonymous_10)","decl":{"start":{"line":195,"column":32},"end":{"line":195,"column":33}},"loc":{"start":{"line":195,"column":39},"end":{"line":218,"column":23}},"line":195}},"branchMap":{"0":{"loc":{"start":{"line":49,"column":6},"end":{"line":52,"column":7}},"type":"if","locations":[{"start":{"line":49,"column":6},"end":{"line":52,"column":7}},{"start":{},"end":{}}],"line":49},"1":{"loc":{"start":{"line":61,"column":11},"end":{"line":72,"column":5}},"type":"cond-expr","locations":[{"start":{"line":62,"column":6},"end":{"line":69,"column":14}},{"start":{"line":71,"column":6},"end":{"line":71,"column":8}}],"line":61},"2":{"loc":{"start":{"line":109,"column":11},"end":{"line":146,"column":11}},"type":"binary-expr","locations":[{"start":{"line":109,"column":11},"end":{"line":109,"column":16}},{"start":{"line":110,"column":12},"end":{"line":145,"column":20}}],"line":109},"3":{"loc":{"start":{"line":148,"column":11},"end":{"line":240,"column":11}},"type":"binary-expr","locations":[{"start":{"line":148,"column":11},"end":{"line":148,"column":15}},{"start":{"line":149,"column":12},"end":{"line":239,"column":20}}],"line":148},"4":{"loc":{"start":{"line":157,"column":26},"end":{"line":159,"column":60}},"type":"cond-expr","locations":[{"start":{"line":158,"column":30},"end":{"line":158,"column":53}},{"start":{"line":159,"column":30},"end":{"line":159,"column":60}}],"line":157},"5":{"loc":{"start":{"line":162,"column":25},"end":{"line":166,"column":30}},"type":"cond-expr","locations":[{"start":{"line":163,"column":28},"end":{"line":163,"column":49}},{"start":{"line":164,"column":28},"end":{"line":166,"column":30}}],"line":162},"6":{"loc":{"start":{"line":164,"column":28},"end":{"line":166,"column":30}},"type":"cond-expr","locations":[{"start":{"line":165,"column":28},"end":{"line":165,"column":46}},{"start":{"line":166,"column":28},"end":{"line":166,"column":30}}],"line":164},"7":{"loc":{"start":{"line":164,"column":28},"end":{"line":164,"column":47}},"type":"binary-expr","locations":[{"start":{"line":164,"column":28},"end":{"line":164,"column":37}},{"start":{"line":164,"column":41},"end":{"line":164,"column":47}}],"line":164},"8":{"loc":{"start":{"line":170,"column":26},"end":{"line":170,"column":45}},"type":"cond-expr","locations":[{"start":{"line":170,"column":34},"end":{"line":170,"column":42}},{"start":{"line":170,"column":43},"end":{"line":170,"column":45}}],"line":170},"9":{"loc":{"start":{"line":171,"column":35},"end":{"line":171,"column":69}},"type":"cond-expr","locations":[{"start":{"line":171,"column":47},"end":{"line":171,"column":64}},{"start":{"line":171,"column":67},"end":{"line":171,"column":69}}],"line":171},"10":{"loc":{"start":{"line":179,"column":37},"end":{"line":179,"column":67}},"type":"cond-expr","locations":[{"start":{"line":179,"column":49},"end":{"line":179,"column":60}},{"start":{"line":179,"column":63},"end":{"line":179,"column":67}}],"line":179},"11":{"loc":{"start":{"line":188,"column":24},"end":{"line":192,"column":32}},"type":"cond-expr","locations":[{"start":{"line":189,"column":28},"end":{"line":191,"column":29}},{"start":{"line":192,"column":28},"end":{"line":192,"column":32}}],"line":188}},"s":{"0":3,"1":5,"2":5,"3":5,"4":4,"5":0,"6":0,"7":0,"8":0,"9":0,"10":0,"11":4,"12":0,"13":0,"14":0,"15":4,"16":4,"17":4,"18":0,"19":4,"20":1,"21":2,"22":4,"23":0,"24":3},"f":{"0":5,"1":0,"2":0,"3":0,"4":0,"5":0,"6":1,"7":2,"8":4,"9":0,"10":3},"b":{"0":[0,0],"1":[0,0],"2":[4,3],"3":[4,1],"4":[1,1],"5":[1,1],"6":[1,0],"7":[1,1],"8":[1,1],"9":[1,1],"10":[1,1],"11":[1,1]},"_coverageSchema":"1a1c01bbd47fc00a2c39e90264f33305004495a9","hash":"ad95e890c30eabfe6390f69c1fe93339671ae07a"}
,"/home/shaks/Desktop/final/frontend/src/components/organisms/CardType/index.tsx": {"path":"/home/shaks/Desktop/final/frontend/src/components/organisms/CardType/index.tsx","statementMap":{"0":{"start":{"line":23,"column":19},"end":{"line":23,"column":44}},"1":{"start":{"line":25,"column":17},"end":{"line":159,"column":1}},"2":{"start":{"line":27,"column":26},"end":{"line":27,"column":38}},"3":{"start":{"line":28,"column":26},"end":{"line":28,"column":38}},"4":{"start":{"line":29,"column":42},"end":{"line":29,"column":54}},"5":{"start":{"line":30,"column":23},"end":{"line":38,"column":3}},"6":{"start":{"line":31,"column":4},"end":{"line":31,"column":41}},"7":{"start":{"line":32,"column":4},"end":{"line":32,"column":43}},"8":{"start":{"line":33,"column":4},"end":{"line":37,"column":5}},"9":{"start":{"line":34,"column":6},"end":{"line":34,"column":18}},"10":{"start":{"line":35,"column":10},"end":{"line":37,"column":5}},"11":{"start":{"line":36,"column":6},"end":{"line":36,"column":18}},"12":{"start":{"line":40,"column":20},"end":{"line":47,"column":3}},"13":{"start":{"line":41,"column":4},"end":{"line":46,"column":5}},"14":{"start":{"line":42,"column":6},"end":{"line":42,"column":35}},"15":{"start":{"line":44,"column":9},"end":{"line":46,"column":5}},"16":{"start":{"line":45,"column":6},"end":{"line":45,"column":35}},"17":{"start":{"line":49,"column":2},"end":{"line":158,"column":4}}},"fnMap":{"0":{"name":"(anonymous_0)","decl":{"start":{"line":25,"column":17},"end":{"line":25,"column":18}},"loc":{"start":{"line":25,"column":43},"end":{"line":159,"column":1}},"line":25},"1":{"name":"(anonymous_1)","decl":{"start":{"line":30,"column":23},"end":{"line":30,"column":24}},"loc":{"start":{"line":30,"column":39},"end":{"line":38,"column":3}},"line":30},"2":{"name":"(anonymous_2)","decl":{"start":{"line":40,"column":20},"end":{"line":40,"column":21}},"loc":{"start":{"line":40,"column":36},"end":{"line":47,"column":3}},"line":40}},"branchMap":{"0":{"loc":{"start":{"line":33,"column":4},"end":{"line":37,"column":5}},"type":"if","locations":[{"start":{"line":33,"column":4},"end":{"line":37,"column":5}},{"start":{"line":35,"column":10},"end":{"line":37,"column":5}}],"line":33},"1":{"loc":{"start":{"line":35,"column":10},"end":{"line":37,"column":5}},"type":"if","locations":[{"start":{"line":35,"column":10},"end":{"line":37,"column":5}},{"start":{},"end":{}}],"line":35},"2":{"loc":{"start":{"line":41,"column":4},"end":{"line":46,"column":5}},"type":"if","locations":[{"start":{"line":41,"column":4},"end":{"line":46,"column":5}},{"start":{"line":44,"column":9},"end":{"line":46,"column":5}}],"line":41},"3":{"loc":{"start":{"line":41,"column":7},"end":{"line":41,"column":96}},"type":"binary-expr","locations":[{"start":{"line":41,"column":7},"end":{"line":41,"column":36}},{"start":{"line":41,"column":40},"end":{"line":41,"column":69}},{"start":{"line":41,"column":73},"end":{"line":41,"column":96}}],"line":41},"4":{"loc":{"start":{"line":44,"column":9},"end":{"line":46,"column":5}},"type":"if","locations":[{"start":{"line":44,"column":9},"end":{"line":46,"column":5}},{"start":{},"end":{}}],"line":44},"5":{"loc":{"start":{"line":44,"column":12},"end":{"line":44,"column":100}},"type":"binary-expr","locations":[{"start":{"line":44,"column":12},"end":{"line":44,"column":41}},{"start":{"line":44,"column":44},"end":{"line":44,"column":73}},{"start":{"line":44,"column":77},"end":{"line":44,"column":100}}],"line":44}},"s":{"0":2,"1":2,"2":3,"3":3,"4":3,"5":3,"6":2,"7":2,"8":2,"9":1,"10":1,"11":1,"12":3,"13":0,"14":0,"15":0,"16":0,"17":3},"f":{"0":3,"1":2,"2":0},"b":{"0":[1,1],"1":[1,0],"2":[0,0],"3":[0,0,0],"4":[0,0],"5":[0,0,0]},"_coverageSchema":"1a1c01bbd47fc00a2c39e90264f33305004495a9","hash":"863dd0a74a9231caeea87c4be24e4ff9aa2edd82"}
,"/home/shaks/Desktop/final/frontend/src/components/organisms/ConfirmAddress/index.tsx": {"path":"/home/shaks/Desktop/final/frontend/src/components/organisms/ConfirmAddress/index.tsx","statementMap":{"0":{"start":{"line":29,"column":23},"end":{"line":339,"column":1}},"1":{"start":{"line":31,"column":31},"end":{"line":31,"column":46}},"2":{"start":{"line":32,"column":26},"end":{"line":32,"column":41}},"3":{"start":{"line":33,"column":26},"end":{"line":33,"column":41}},"4":{"start":{"line":34,"column":26},"end":{"line":34,"column":41}},"5":{"start":{"line":35,"column":42},"end":{"line":35,"column":54}},"6":{"start":{"line":36,"column":19},"end":{"line":36,"column":62}},"7":{"start":{"line":36,"column":47},"end":{"line":36,"column":61}},"8":{"start":{"line":38,"column":23},"end":{"line":40,"column":3}},"9":{"start":{"line":39,"column":4},"end":{"line":39,"column":41}},"10":{"start":{"line":41,"column":22},"end":{"line":41,"column":42}},"11":{"start":{"line":41,"column":28},"end":{"line":41,"column":42}},"12":{"start":{"line":43,"column":24},"end":{"line":56,"column":3}},"13":{"start":{"line":44,"column":4},"end":{"line":55,"column":5}},"14":{"start":{"line":45,"column":6},"end":{"line":45,"column":52}},"15":{"start":{"line":46,"column":6},"end":{"line":49,"column":8}},"16":{"start":{"line":50,"column":11},"end":{"line":55,"column":5}},"17":{"start":{"line":51,"column":6},"end":{"line":54,"column":8}},"18":{"start":{"line":57,"column":2},"end":{"line":57,"column":35}},"19":{"start":{"line":58,"column":2},"end":{"line":66,"column":3}},"20":{"start":{"line":59,"column":4},"end":{"line":64,"column":6}},"21":{"start":{"line":65,"column":4},"end":{"line":65,"column":22}},"22":{"start":{"line":68,"column":2},"end":{"line":338,"column":4}},"23":{"start":{"line":113,"column":16},"end":{"line":118,"column":17}},"24":{"start":{"line":114,"column":18},"end":{"line":114,"column":32}},"25":{"start":{"line":115,"column":22},"end":{"line":118,"column":17}},"26":{"start":{"line":116,"column":18},"end":{"line":116,"column":32}},"27":{"start":{"line":117,"column":18},"end":{"line":117,"column":35}},"28":{"start":{"line":184,"column":18},"end":{"line":184,"column":33}},"29":{"start":{"line":185,"column":18},"end":{"line":185,"column":36}},"30":{"start":{"line":262,"column":18},"end":{"line":264,"column":19}},"31":{"start":{"line":263,"column":20},"end":{"line":263,"column":34}},"32":{"start":{"line":265,"column":18},"end":{"line":265,"column":52}},"33":{"start":{"line":329,"column":18},"end":{"line":329,"column":32}},"34":{"start":{"line":330,"column":18},"end":{"line":330,"column":32}}},"fnMap":{"0":{"name":"(anonymous_0)","decl":{"start":{"line":29,"column":23},"end":{"line":29,"column":24}},"loc":{"start":{"line":29,"column":55},"end":{"line":339,"column":1}},"line":29},"1":{"name":"(anonymous_1)","decl":{"start":{"line":36,"column":31},"end":{"line":36,"column":32}},"loc":{"start":{"line":36,"column":47},"end":{"line":36,"column":61}},"line":36},"2":{"name":"(anonymous_2)","decl":{"start":{"line":38,"column":23},"end":{"line":38,"column":24}},"loc":{"start":{"line":38,"column":39},"end":{"line":40,"column":3}},"line":38},"3":{"name":"(anonymous_3)","decl":{"start":{"line":41,"column":22},"end":{"line":41,"column":23}},"loc":{"start":{"line":41,"column":28},"end":{"line":41,"column":42}},"line":41},"4":{"name":"(anonymous_4)","decl":{"start":{"line":43,"column":24},"end":{"line":43,"column":25}},"loc":{"start":{"line":43,"column":36},"end":{"line":56,"column":3}},"line":43},"5":{"name":"(anonymous_5)","decl":{"start":{"line":112,"column":23},"end":{"line":112,"column":24}},"loc":{"start":{"line":112,"column":29},"end":{"line":119,"column":15}},"line":112},"6":{"name":"(anonymous_6)","decl":{"start":{"line":183,"column":25},"end":{"line":183,"column":26}},"loc":{"start":{"line":183,"column":31},"end":{"line":186,"column":17}},"line":183},"7":{"name":"(anonymous_7)","decl":{"start":{"line":261,"column":25},"end":{"line":261,"column":26}},"loc":{"start":{"line":261,"column":31},"end":{"line":266,"column":17}},"line":261},"8":{"name":"(anonymous_8)","decl":{"start":{"line":328,"column":25},"end":{"line":328,"column":26}},"loc":{"start":{"line":328,"column":31},"end":{"line":331,"column":17}},"line":328}},"branchMap":{"0":{"loc":{"start":{"line":44,"column":4},"end":{"line":55,"column":5}},"type":"if","locations":[{"start":{"line":44,"column":4},"end":{"line":55,"column":5}},{"start":{"line":50,"column":11},"end":{"line":55,"column":5}}],"line":44},"1":{"loc":{"start":{"line":50,"column":11},"end":{"line":55,"column":5}},"type":"if","locations":[{"start":{"line":50,"column":11},"end":{"line":55,"column":5}},{"start":{},"end":{}}],"line":50},"2":{"loc":{"start":{"line":58,"column":2},"end":{"line":66,"column":3}},"type":"if","locations":[{"start":{"line":58,"column":2},"end":{"line":66,"column":3}},{"start":{},"end":{}}],"line":58},"3":{"loc":{"start":{"line":106,"column":11},"end":{"line":123,"column":11}},"type":"binary-expr","locations":[{"start":{"line":106,"column":11},"end":{"line":106,"column":16}},{"start":{"line":107,"column":12},"end":{"line":122,"column":21}}],"line":106},"4":{"loc":{"start":{"line":113,"column":16},"end":{"line":118,"column":17}},"type":"if","locations":[{"start":{"line":113,"column":16},"end":{"line":118,"column":17}},{"start":{"line":115,"column":22},"end":{"line":118,"column":17}}],"line":113},"5":{"loc":{"start":{"line":115,"column":22},"end":{"line":118,"column":17}},"type":"if","locations":[{"start":{"line":115,"column":22},"end":{"line":118,"column":17}},{"start":{},"end":{}}],"line":115},"6":{"loc":{"start":{"line":125,"column":9},"end":{"line":190,"column":9}},"type":"binary-expr","locations":[{"start":{"line":125,"column":9},"end":{"line":125,"column":13}},{"start":{"line":126,"column":10},"end":{"line":189,"column":18}}],"line":125},"7":{"loc":{"start":{"line":127,"column":13},"end":{"line":141,"column":14}},"type":"binary-expr","locations":[{"start":{"line":127,"column":13},"end":{"line":127,"column":22}},{"start":{"line":127,"column":26},"end":{"line":141,"column":14}}],"line":127},"8":{"loc":{"start":{"line":142,"column":13},"end":{"line":156,"column":14}},"type":"binary-expr","locations":[{"start":{"line":142,"column":13},"end":{"line":142,"column":21}},{"start":{"line":142,"column":25},"end":{"line":156,"column":14}}],"line":142},"9":{"loc":{"start":{"line":191,"column":9},"end":{"line":289,"column":9}},"type":"binary-expr","locations":[{"start":{"line":191,"column":9},"end":{"line":191,"column":14}},{"start":{"line":192,"column":10},"end":{"line":288,"column":18}}],"line":191},"10":{"loc":{"start":{"line":221,"column":13},"end":{"line":249,"column":13}},"type":"binary-expr","locations":[{"start":{"line":221,"column":13},"end":{"line":221,"column":17}},{"start":{"line":222,"column":14},"end":{"line":248,"column":27}}],"line":221},"11":{"loc":{"start":{"line":262,"column":18},"end":{"line":264,"column":19}},"type":"if","locations":[{"start":{"line":262,"column":18},"end":{"line":264,"column":19}},{"start":{},"end":{}}],"line":262}},"s":{"0":2,"1":7,"2":5,"3":5,"4":5,"5":5,"6":5,"7":5,"8":5,"9":0,"10":5,"11":0,"12":5,"13":0,"14":0,"15":0,"16":0,"17":0,"18":5,"19":5,"20":2,"21":2,"22":5,"23":0,"24":0,"25":0,"26":0,"27":0,"28":0,"29":0,"30":0,"31":0,"32":0,"33":0,"34":0},"f":{"0":7,"1":5,"2":0,"3":0,"4":0,"5":0,"6":0,"7":0,"8":0},"b":{"0":[0,0],"1":[0,0],"2":[2,3],"3":[5,5],"4":[0,0],"5":[0,0],"6":[5,0],"7":[0,0],"8":[0,0],"9":[5,5],"10":[5,0],"11":[0,0]},"_coverageSchema":"1a1c01bbd47fc00a2c39e90264f33305004495a9","hash":"1899e0e612e1559227d24ae328025b26ed499106"}
,"/home/shaks/Desktop/final/frontend/src/components/organisms/ConfirmBusiness/index.tsx": {"path":"/home/shaks/Desktop/final/frontend/src/components/organisms/ConfirmBusiness/index.tsx","statementMap":{"0":{"start":{"line":24,"column":24},"end":{"line":243,"column":1}},"1":{"start":{"line":25,"column":26},"end":{"line":25,"column":41}},"2":{"start":{"line":27,"column":23},"end":{"line":44,"column":3}},"3":{"start":{"line":28,"column":4},"end":{"line":43,"column":5}},"4":{"start":{"line":29,"column":6},"end":{"line":32,"column":9}},"5":{"start":{"line":33,"column":11},"end":{"line":43,"column":5}},"6":{"start":{"line":34,"column":6},"end":{"line":37,"column":9}},"7":{"start":{"line":38,"column":11},"end":{"line":43,"column":5}},"8":{"start":{"line":39,"column":6},"end":{"line":42,"column":9}},"9":{"start":{"line":46,"column":2},"end":{"line":51,"column":3}},"10":{"start":{"line":47,"column":4},"end":{"line":50,"column":7}},"11":{"start":{"line":52,"column":2},"end":{"line":57,"column":3}},"12":{"start":{"line":53,"column":4},"end":{"line":56,"column":7}},"13":{"start":{"line":59,"column":2},"end":{"line":242,"column":4}},"14":{"start":{"line":95,"column":16},"end":{"line":95,"column":30}},"15":{"start":{"line":199,"column":18},"end":{"line":199,"column":33}}},"fnMap":{"0":{"name":"(anonymous_0)","decl":{"start":{"line":24,"column":24},"end":{"line":24,"column":25}},"loc":{"start":{"line":24,"column":57},"end":{"line":243,"column":1}},"line":24},"1":{"name":"(anonymous_1)","decl":{"start":{"line":27,"column":23},"end":{"line":27,"column":24}},"loc":{"start":{"line":27,"column":35},"end":{"line":44,"column":3}},"line":27},"2":{"name":"(anonymous_2)","decl":{"start":{"line":94,"column":23},"end":{"line":94,"column":24}},"loc":{"start":{"line":94,"column":29},"end":{"line":96,"column":15}},"line":94},"3":{"name":"(anonymous_3)","decl":{"start":{"line":198,"column":25},"end":{"line":198,"column":26}},"loc":{"start":{"line":198,"column":31},"end":{"line":200,"column":17}},"line":198}},"branchMap":{"0":{"loc":{"start":{"line":28,"column":4},"end":{"line":43,"column":5}},"type":"if","locations":[{"start":{"line":28,"column":4},"end":{"line":43,"column":5}},{"start":{"line":33,"column":11},"end":{"line":43,"column":5}}],"line":28},"1":{"loc":{"start":{"line":33,"column":11},"end":{"line":43,"column":5}},"type":"if","locations":[{"start":{"line":33,"column":11},"end":{"line":43,"column":5}},{"start":{"line":38,"column":11},"end":{"line":43,"column":5}}],"line":33},"2":{"loc":{"start":{"line":38,"column":11},"end":{"line":43,"column":5}},"type":"if","locations":[{"start":{"line":38,"column":11},"end":{"line":43,"column":5}},{"start":{},"end":{}}],"line":38},"3":{"loc":{"start":{"line":46,"column":2},"end":{"line":51,"column":3}},"type":"if","locations":[{"start":{"line":46,"column":2},"end":{"line":51,"column":3}},{"start":{},"end":{}}],"line":46},"4":{"loc":{"start":{"line":52,"column":2},"end":{"line":57,"column":3}},"type":"if","locations":[{"start":{"line":52,"column":2},"end":{"line":57,"column":3}},{"start":{},"end":{}}],"line":52},"5":{"loc":{"start":{"line":90,"column":11},"end":{"line":101,"column":11}},"type":"binary-expr","locations":[{"start":{"line":90,"column":11},"end":{"line":90,"column":16}},{"start":{"line":91,"column":12},"end":{"line":100,"column":21}}],"line":90},"6":{"loc":{"start":{"line":103,"column":9},"end":{"line":130,"column":9}},"type":"binary-expr","locations":[{"start":{"line":103,"column":9},"end":{"line":103,"column":14}},{"start":{"line":104,"column":10},"end":{"line":129,"column":18}}],"line":103},"7":{"loc":{"start":{"line":132,"column":9},"end":{"line":212,"column":9}},"type":"binary-expr","locations":[{"start":{"line":132,"column":9},"end":{"line":132,"column":13}},{"start":{"line":133,"column":10},"end":{"line":211,"column":18}}],"line":132},"8":{"loc":{"start":{"line":213,"column":9},"end":{"line":239,"column":9}},"type":"binary-expr","locations":[{"start":{"line":213,"column":9},"end":{"line":213,"column":14}},{"start":{"line":214,"column":10},"end":{"line":238,"column":18}}],"line":213}},"s":{"0":2,"1":12,"2":10,"3":3,"4":1,"5":2,"6":1,"7":1,"8":1,"9":10,"10":2,"11":10,"12":1,"13":10,"14":1,"15":1},"f":{"0":12,"1":3,"2":1,"3":1},"b":{"0":[1,2],"1":[1,1],"2":[1,0],"3":[2,8],"4":[1,9],"5":[10,6],"6":[10,6],"7":[10,4],"8":[10,6]},"_coverageSchema":"1a1c01bbd47fc00a2c39e90264f33305004495a9","hash":"56fff49efb6177b96b81f70d029e21554715d8be"}
,"/home/shaks/Desktop/final/frontend/src/components/organisms/ConfirmPurchase/index.tsx": {"path":"/home/shaks/Desktop/final/frontend/src/components/organisms/ConfirmPurchase/index.tsx","statementMap":{"0":{"start":{"line":12,"column":16},"end":{"line":12,"column":69}},"1":{"start":{"line":14,"column":2},"end":{"line":14,"column":74}},"2":{"start":{"line":16,"column":2},"end":{"line":16,"column":85}},"3":{"start":{"line":18,"column":35},"end":{"line":152,"column":1}},"4":{"start":{"line":19,"column":16},"end":{"line":19,"column":61}},"5":{"start":{"line":19,"column":44},"end":{"line":19,"column":60}},"6":{"start":{"line":20,"column":17},"end":{"line":20,"column":60}},"7":{"start":{"line":20,"column":45},"end":{"line":20,"column":59}},"8":{"start":{"line":21,"column":18},"end":{"line":21,"column":60}},"9":{"start":{"line":21,"column":46},"end":{"line":21,"column":59}},"10":{"start":{"line":22,"column":19},"end":{"line":22,"column":63}},"11":{"start":{"line":22,"column":47},"end":{"line":22,"column":62}},"12":{"start":{"line":23,"column":16},"end":{"line":23,"column":57}},"13":{"start":{"line":23,"column":44},"end":{"line":23,"column":56}},"14":{"start":{"line":24,"column":19},"end":{"line":24,"column":32}},"15":{"start":{"line":25,"column":15},"end":{"line":25,"column":55}},"16":{"start":{"line":25,"column":43},"end":{"line":25,"column":54}},"17":{"start":{"line":26,"column":2},"end":{"line":26,"column":20}},"18":{"start":{"line":27,"column":2},"end":{"line":151,"column":4}},"19":{"start":{"line":73,"column":34},"end":{"line":73,"column":44}},"20":{"start":{"line":74,"column":36},"end":{"line":76,"column":16}},"21":{"start":{"line":78,"column":34},"end":{"line":105,"column":15}},"22":{"start":{"line":107,"column":14},"end":{"line":139,"column":19}},"23":{"start":{"line":110,"column":18},"end":{"line":110,"column":60}},"24":{"start":{"line":111,"column":18},"end":{"line":111,"column":44}},"25":{"start":{"line":113,"column":18},"end":{"line":132,"column":23}},"26":{"start":{"line":121,"column":22},"end":{"line":121,"column":69}},"27":{"start":{"line":122,"column":22},"end":{"line":128,"column":24}},"28":{"start":{"line":131,"column":22},"end":{"line":131,"column":61}},"29":{"start":{"line":133,"column":20},"end":{"line":133,"column":38}},"30":{"start":{"line":137,"column":18},"end":{"line":137,"column":36}},"31":{"start":{"line":138,"column":18},"end":{"line":138,"column":46}}},"fnMap":{"0":{"name":"(anonymous_0)","decl":{"start":{"line":18,"column":35},"end":{"line":18,"column":36}},"loc":{"start":{"line":18,"column":41},"end":{"line":152,"column":1}},"line":18},"1":{"name":"(anonymous_1)","decl":{"start":{"line":19,"column":28},"end":{"line":19,"column":29}},"loc":{"start":{"line":19,"column":44},"end":{"line":19,"column":60}},"line":19},"2":{"name":"(anonymous_2)","decl":{"start":{"line":20,"column":29},"end":{"line":20,"column":30}},"loc":{"start":{"line":20,"column":45},"end":{"line":20,"column":59}},"line":20},"3":{"name":"(anonymous_3)","decl":{"start":{"line":21,"column":30},"end":{"line":21,"column":31}},"loc":{"start":{"line":21,"column":46},"end":{"line":21,"column":59}},"line":21},"4":{"name":"(anonymous_4)","decl":{"start":{"line":22,"column":31},"end":{"line":22,"column":32}},"loc":{"start":{"line":22,"column":47},"end":{"line":22,"column":62}},"line":22},"5":{"name":"(anonymous_5)","decl":{"start":{"line":23,"column":28},"end":{"line":23,"column":29}},"loc":{"start":{"line":23,"column":44},"end":{"line":23,"column":56}},"line":23},"6":{"name":"(anonymous_6)","decl":{"start":{"line":25,"column":27},"end":{"line":25,"column":28}},"loc":{"start":{"line":25,"column":43},"end":{"line":25,"column":54}},"line":25},"7":{"name":"(anonymous_7)","decl":{"start":{"line":72,"column":21},"end":{"line":72,"column":22}},"loc":{"start":{"line":72,"column":33},"end":{"line":140,"column":13}},"line":72},"8":{"name":"(anonymous_8)","decl":{"start":{"line":109,"column":22},"end":{"line":109,"column":23}},"loc":{"start":{"line":109,"column":46},"end":{"line":135,"column":17}},"line":109},"9":{"name":"(anonymous_9)","decl":{"start":{"line":120,"column":26},"end":{"line":120,"column":27}},"loc":{"start":{"line":120,"column":38},"end":{"line":129,"column":21}},"line":120},"10":{"name":"(anonymous_10)","decl":{"start":{"line":130,"column":27},"end":{"line":130,"column":28}},"loc":{"start":{"line":130,"column":33},"end":{"line":132,"column":21}},"line":130},"11":{"name":"(anonymous_11)","decl":{"start":{"line":136,"column":23},"end":{"line":136,"column":24}},"loc":{"start":{"line":136,"column":35},"end":{"line":139,"column":17}},"line":136}},"branchMap":{},"s":{"0":2,"1":2,"2":2,"3":2,"4":2,"5":2,"6":2,"7":2,"8":2,"9":2,"10":2,"11":2,"12":2,"13":2,"14":2,"15":2,"16":2,"17":2,"18":2,"19":1,"20":1,"21":1,"22":1,"23":0,"24":0,"25":0,"26":0,"27":0,"28":0,"29":0,"30":0,"31":0},"f":{"0":2,"1":2,"2":2,"3":2,"4":2,"5":2,"6":2,"7":1,"8":0,"9":0,"10":0,"11":0},"b":{},"_coverageSchema":"1a1c01bbd47fc00a2c39e90264f33305004495a9","hash":"a10615209a0a65cef4f1cebbd55c6dafd8a19725"}
,"/home/shaks/Desktop/final/frontend/src/components/organisms/ConfirmVerification/index.tsx": {"path":"/home/shaks/Desktop/final/frontend/src/components/organisms/ConfirmVerification/index.tsx","statementMap":{"0":{"start":{"line":18,"column":21},"end":{"line":20,"column":1}},"1":{"start":{"line":19,"column":2},"end":{"line":19,"column":64}},"2":{"start":{"line":34,"column":16},"end":{"line":34,"column":41}},"3":{"start":{"line":36,"column":35},"end":{"line":348,"column":1}},"4":{"start":{"line":37,"column":42},"end":{"line":37,"column":75}},"5":{"start":{"line":39,"column":27},"end":{"line":43,"column":3}},"6":{"start":{"line":40,"column":4},"end":{"line":40,"column":29}},"7":{"start":{"line":41,"column":17},"end":{"line":41,"column":53}},"8":{"start":{"line":42,"column":4},"end":{"line":42,"column":41}},"9":{"start":{"line":44,"column":30},"end":{"line":44,"column":42}},"10":{"start":{"line":45,"column":42},"end":{"line":45,"column":57}},"11":{"start":{"line":46,"column":42},"end":{"line":46,"column":57}},"12":{"start":{"line":47,"column":46},"end":{"line":47,"column":61}},"13":{"start":{"line":48,"column":32},"end":{"line":48,"column":47}},"14":{"start":{"line":49,"column":16},"end":{"line":49,"column":23}},"15":{"start":{"line":50,"column":25},"end":{"line":50,"column":51}},"16":{"start":{"line":51,"column":28},"end":{"line":55,"column":3}},"17":{"start":{"line":52,"column":4},"end":{"line":52,"column":34}},"18":{"start":{"line":53,"column":4},"end":{"line":53,"column":28}},"19":{"start":{"line":54,"column":4},"end":{"line":54,"column":67}},"20":{"start":{"line":57,"column":31},"end":{"line":71,"column":3}},"21":{"start":{"line":62,"column":29},"end":{"line":62,"column":49}},"22":{"start":{"line":64,"column":4},"end":{"line":68,"column":6}},"23":{"start":{"line":70,"column":4},"end":{"line":70,"column":41}},"24":{"start":{"line":73,"column":20},"end":{"line":75,"column":3}},"25":{"start":{"line":74,"column":4},"end":{"line":74,"column":21}},"26":{"start":{"line":76,"column":2},"end":{"line":347,"column":4}},"27":{"start":{"line":114,"column":16},"end":{"line":123,"column":17}},"28":{"start":{"line":115,"column":18},"end":{"line":115,"column":41}},"29":{"start":{"line":116,"column":23},"end":{"line":123,"column":17}},"30":{"start":{"line":117,"column":18},"end":{"line":117,"column":40}},"31":{"start":{"line":118,"column":18},"end":{"line":122,"column":20}},"32":{"start":{"line":145,"column":16},"end":{"line":151,"column":17}},"33":{"start":{"line":146,"column":18},"end":{"line":146,"column":40}},"34":{"start":{"line":147,"column":18},"end":{"line":147,"column":73}},"35":{"start":{"line":148,"column":18},"end":{"line":150,"column":19}},"36":{"start":{"line":149,"column":20},"end":{"line":149,"column":43}},"37":{"start":{"line":194,"column":16},"end":{"line":203,"column":27}},"38":{"start":{"line":232,"column":18},"end":{"line":232,"column":36}},"39":{"start":{"line":252,"column":20},"end":{"line":256,"column":21}},"40":{"start":{"line":253,"column":22},"end":{"line":253,"column":44}},"41":{"start":{"line":255,"column":22},"end":{"line":255,"column":45}},"42":{"start":{"line":278,"column":20},"end":{"line":282,"column":21}},"43":{"start":{"line":279,"column":22},"end":{"line":279,"column":44}},"44":{"start":{"line":281,"column":22},"end":{"line":281,"column":45}},"45":{"start":{"line":325,"column":20},"end":{"line":327,"column":31}}},"fnMap":{"0":{"name":"(anonymous_0)","decl":{"start":{"line":18,"column":21},"end":{"line":18,"column":22}},"loc":{"start":{"line":19,"column":2},"end":{"line":19,"column":64}},"line":19},"1":{"name":"(anonymous_1)","decl":{"start":{"line":36,"column":35},"end":{"line":36,"column":36}},"loc":{"start":{"line":36,"column":73},"end":{"line":348,"column":1}},"line":36},"2":{"name":"(anonymous_2)","decl":{"start":{"line":39,"column":27},"end":{"line":39,"column":28}},"loc":{"start":{"line":39,"column":53},"end":{"line":43,"column":3}},"line":39},"3":{"name":"(anonymous_3)","decl":{"start":{"line":51,"column":28},"end":{"line":51,"column":29}},"loc":{"start":{"line":51,"column":44},"end":{"line":55,"column":3}},"line":51},"4":{"name":"(anonymous_4)","decl":{"start":{"line":57,"column":31},"end":{"line":57,"column":32}},"loc":{"start":{"line":61,"column":7},"end":{"line":71,"column":3}},"line":61},"5":{"name":"(anonymous_5)","decl":{"start":{"line":73,"column":20},"end":{"line":73,"column":21}},"loc":{"start":{"line":73,"column":26},"end":{"line":75,"column":3}},"line":73},"6":{"name":"(anonymous_6)","decl":{"start":{"line":113,"column":24},"end":{"line":113,"column":25}},"loc":{"start":{"line":113,"column":40},"end":{"line":124,"column":15}},"line":113},"7":{"name":"(anonymous_7)","decl":{"start":{"line":144,"column":24},"end":{"line":144,"column":25}},"loc":{"start":{"line":144,"column":36},"end":{"line":152,"column":15}},"line":144},"8":{"name":"(anonymous_8)","decl":{"start":{"line":193,"column":29},"end":{"line":193,"column":30}},"loc":{"start":{"line":194,"column":16},"end":{"line":203,"column":27}},"line":194},"9":{"name":"(anonymous_9)","decl":{"start":{"line":231,"column":25},"end":{"line":231,"column":26}},"loc":{"start":{"line":231,"column":31},"end":{"line":233,"column":17}},"line":231},"10":{"name":"(anonymous_10)","decl":{"start":{"line":249,"column":28},"end":{"line":249,"column":29}},"loc":{"start":{"line":251,"column":24},"end":{"line":257,"column":19}},"line":251},"11":{"name":"(anonymous_11)","decl":{"start":{"line":277,"column":28},"end":{"line":277,"column":29}},"loc":{"start":{"line":277,"column":63},"end":{"line":283,"column":19}},"line":277},"12":{"name":"(anonymous_12)","decl":{"start":{"line":324,"column":33},"end":{"line":324,"column":34}},"loc":{"start":{"line":325,"column":20},"end":{"line":327,"column":31}},"line":325}},"branchMap":{"0":{"loc":{"start":{"line":41,"column":17},"end":{"line":41,"column":53}},"type":"cond-expr","locations":[{"start":{"line":41,"column":27},"end":{"line":41,"column":48}},{"start":{"line":41,"column":51},"end":{"line":41,"column":53}}],"line":41},"1":{"loc":{"start":{"line":101,"column":13},"end":{"line":107,"column":13}},"type":"binary-expr","locations":[{"start":{"line":101,"column":13},"end":{"line":101,"column":26}},{"start":{"line":102,"column":14},"end":{"line":106,"column":27}}],"line":101},"2":{"loc":{"start":{"line":114,"column":16},"end":{"line":123,"column":17}},"type":"if","locations":[{"start":{"line":114,"column":16},"end":{"line":123,"column":17}},{"start":{"line":116,"column":23},"end":{"line":123,"column":17}}],"line":114},"3":{"loc":{"start":{"line":116,"column":23},"end":{"line":123,"column":17}},"type":"if","locations":[{"start":{"line":116,"column":23},"end":{"line":123,"column":17}},{"start":{},"end":{}}],"line":116},"4":{"loc":{"start":{"line":116,"column":27},"end":{"line":116,"column":74}},"type":"binary-expr","locations":[{"start":{"line":116,"column":27},"end":{"line":116,"column":52}},{"start":{"line":116,"column":56},"end":{"line":116,"column":74}}],"line":116},"5":{"loc":{"start":{"line":126,"column":30},"end":{"line":126,"column":73}},"type":"cond-expr","locations":[{"start":{"line":126,"column":45},"end":{"line":126,"column":64}},{"start":{"line":126,"column":67},"end":{"line":126,"column":73}}],"line":126},"6":{"loc":{"start":{"line":127,"column":30},"end":{"line":127,"column":59}},"type":"cond-expr","locations":[{"start":{"line":127,"column":45},"end":{"line":127,"column":50}},{"start":{"line":127,"column":53},"end":{"line":127,"column":59}}],"line":127},"7":{"loc":{"start":{"line":129,"column":21},"end":{"line":129,"column":53}},"type":"cond-expr","locations":[{"start":{"line":129,"column":36},"end":{"line":129,"column":48}},{"start":{"line":129,"column":51},"end":{"line":129,"column":53}}],"line":129},"8":{"loc":{"start":{"line":133,"column":13},"end":{"line":139,"column":13}},"type":"binary-expr","locations":[{"start":{"line":133,"column":13},"end":{"line":133,"column":26}},{"start":{"line":134,"column":14},"end":{"line":138,"column":27}}],"line":133},"9":{"loc":{"start":{"line":145,"column":16},"end":{"line":151,"column":17}},"type":"if","locations":[{"start":{"line":145,"column":16},"end":{"line":151,"column":17}},{"start":{},"end":{}}],"line":145},"10":{"loc":{"start":{"line":145,"column":20},"end":{"line":145,"column":59}},"type":"binary-expr","locations":[{"start":{"line":145,"column":20},"end":{"line":145,"column":34}},{"start":{"line":145,"column":38},"end":{"line":145,"column":59}}],"line":145},"11":{"loc":{"start":{"line":148,"column":18},"end":{"line":150,"column":19}},"type":"if","locations":[{"start":{"line":148,"column":18},"end":{"line":150,"column":19}},{"start":{},"end":{}}],"line":148},"12":{"loc":{"start":{"line":153,"column":21},"end":{"line":153,"column":52}},"type":"cond-expr","locations":[{"start":{"line":153,"column":36},"end":{"line":153,"column":47}},{"start":{"line":153,"column":50},"end":{"line":153,"column":52}}],"line":153},"13":{"loc":{"start":{"line":174,"column":13},"end":{"line":180,"column":13}},"type":"binary-expr","locations":[{"start":{"line":174,"column":13},"end":{"line":174,"column":20}},{"start":{"line":175,"column":14},"end":{"line":179,"column":27}}],"line":174},"14":{"loc":{"start":{"line":184,"column":21},"end":{"line":184,"column":65}},"type":"cond-expr","locations":[{"start":{"line":184,"column":38},"end":{"line":184,"column":60}},{"start":{"line":184,"column":63},"end":{"line":184,"column":65}}],"line":184},"15":{"loc":{"start":{"line":209,"column":9},"end":{"line":218,"column":9}},"type":"binary-expr","locations":[{"start":{"line":209,"column":9},"end":{"line":209,"column":17}},{"start":{"line":210,"column":10},"end":{"line":217,"column":12}}],"line":209},"16":{"loc":{"start":{"line":219,"column":9},"end":{"line":344,"column":9}},"type":"binary-expr","locations":[{"start":{"line":219,"column":9},"end":{"line":219,"column":16}},{"start":{"line":220,"column":10},"end":{"line":343,"column":18}}],"line":219},"17":{"loc":{"start":{"line":239,"column":17},"end":{"line":245,"column":17}},"type":"binary-expr","locations":[{"start":{"line":239,"column":17},"end":{"line":239,"column":30}},{"start":{"line":240,"column":18},"end":{"line":244,"column":31}}],"line":239},"18":{"loc":{"start":{"line":252,"column":20},"end":{"line":256,"column":21}},"type":"if","locations":[{"start":{"line":252,"column":20},"end":{"line":256,"column":21}},{"start":{"line":254,"column":27},"end":{"line":256,"column":21}}],"line":252},"19":{"loc":{"start":{"line":259,"column":34},"end":{"line":259,"column":77}},"type":"cond-expr","locations":[{"start":{"line":259,"column":49},"end":{"line":259,"column":68
[...]
n":26},"end":{"line":479,"column":34}},{"start":{"line":479,"column":38},"end":{"line":479,"column":46}},{"start":{"line":480,"column":26},"end":{"line":485,"column":35}}],"line":479},"22":{"loc":{"start":{"line":487,"column":25},"end":{"line":491,"column":25}},"type":"binary-expr","locations":[{"start":{"line":487,"column":25},"end":{"line":487,"column":33}},{"start":{"line":488,"column":26},"end":{"line":490,"column":28}}],"line":487},"23":{"loc":{"start":{"line":492,"column":25},"end":{"line":492,"column":60}},"type":"binary-expr","locations":[{"start":{"line":492,"column":25},"end":{"line":492,"column":33}},{"start":{"line":492,"column":37},"end":{"line":492,"column":60}}],"line":492},"24":{"loc":{"start":{"line":495,"column":21},"end":{"line":500,"column":21}},"type":"binary-expr","locations":[{"start":{"line":495,"column":21},"end":{"line":495,"column":29}},{"start":{"line":496,"column":22},"end":{"line":499,"column":24}}],"line":495},"25":{"loc":{"start":{"line":505,"column":15},"end":{"line":513,"column":15}},"type":"binary-expr","locations":[{"start":{"line":505,"column":15},"end":{"line":505,"column":19}},{"start":{"line":506,"column":16},"end":{"line":512,"column":23}}],"line":505},"26":{"loc":{"start":{"line":515,"column":15},"end":{"line":519,"column":15}},"type":"binary-expr","locations":[{"start":{"line":515,"column":15},"end":{"line":515,"column":21}},{"start":{"line":516,"column":16},"end":{"line":518,"column":23}}],"line":515},"27":{"loc":{"start":{"line":520,"column":15},"end":{"line":603,"column":15}},"type":"binary-expr","locations":[{"start":{"line":520,"column":16},"end":{"line":520,"column":22}},{"start":{"line":521,"column":16},"end":{"line":521,"column":25}},{"start":{"line":522,"column":16},"end":{"line":522,"column":32}},{"start":{"line":523,"column":16},"end":{"line":523,"column":40}},{"start":{"line":524,"column":16},"end":{"line":524,"column":37}},{"start":{"line":525,"column":16},"end":{"line":602,"column":23}}],"line":520},"28":{"loc":{"start":{"line":544,"column":22},"end":{"line":599,"column":23}},"type":"if","locations":[{"start":{"line":544,"column":22},"end":{"line":599,"column":23}},{"start":{"line":556,"column":29},"end":{"line":599,"column":23}}],"line":544},"29":{"loc":{"start":{"line":545,"column":24},"end":{"line":547,"column":47}},"type":"binary-expr","locations":[{"start":{"line":545,"column":24},"end":{"line":545,"column":30}},{"start":{"line":546,"column":24},"end":{"line":546,"column":44}},{"start":{"line":547,"column":24},"end":{"line":547,"column":47}}],"line":545},"30":{"loc":{"start":{"line":556,"column":29},"end":{"line":599,"column":23}},"type":"if","locations":[{"start":{"line":556,"column":29},"end":{"line":599,"column":23}},{"start":{"line":571,"column":29},"end":{"line":599,"column":23}}],"line":556},"31":{"loc":{"start":{"line":557,"column":24},"end":{"line":563,"column":37}},"type":"binary-expr","locations":[{"start":{"line":557,"column":24},"end":{"line":557,"column":33}},{"start":{"line":558,"column":24},"end":{"line":558,"column":35}},{"start":{"line":559,"column":24},"end":{"line":559,"column":39}},{"start":{"line":560,"column":24},"end":{"line":560,"column":35}},{"start":{"line":561,"column":24},"end":{"line":561,"column":38}},{"start":{"line":562,"column":24},"end":{"line":562,"column":34}},{"start":{"line":563,"column":24},"end":{"line":563,"column":37}}],"line":557},"32":{"loc":{"start":{"line":571,"column":29},"end":{"line":599,"column":23}},"type":"if","locations":[{"start":{"line":571,"column":29},"end":{"line":599,"column":23}},{"start":{"line":574,"column":29},"end":{"line":599,"column":23}}],"line":571},"33":{"loc":{"start":{"line":571,"column":33},"end":{"line":571,"column":67}},"type":"binary-expr","locations":[{"start":{"line":571,"column":33},"end":{"line":571,"column":49}},{"start":{"line":571,"column":53},"end":{"line":571,"column":67}}],"line":571},"34":{"loc":{"start":{"line":574,"column":29},"end":{"line":599,"column":23}},"type":"if","locations":[{"start":{"line":574,"column":29},"end":{"line":599,"column":23}},{"start":{"line":585,"column":29},"end":{"line":599,"column":23}}],"line":574},"35":{"loc":{"start":{"line":575,"column":24},"end":{"line":580,"column":44}},"type":"binary-expr","locations":[{"start":{"line":575,"column":24},"end":{"line":575,"column":48}},{"start":{"line":576,"column":24},"end":{"line":576,"column":36}},{"start":{"line":577,"column":24},"end":{"line":577,"column":46}},{"start":{"line":578,"column":24},"end":{"line":578,"column":45}},{"start":{"line":579,"column":24},"end":{"line":579,"column":40}},{"start":{"line":580,"column":24},"end":{"line":580,"column":44}}],"line":575},"36":{"loc":{"start":{"line":585,"column":29},"end":{"line":599,"column":23}},"type":"if","locations":[{"start":{"line":585,"column":29},"end":{"line":599,"column":23}},{"start":{},"end":{}}],"line":585},"37":{"loc":{"start":{"line":586,"column":24},"end":{"line":591,"column":41}},"type":"binary-expr","locations":[{"start":{"line":586,"column":24},"end":{"line":586,"column":45}},{"start":{"line":587,"column":24},"end":{"line":587,"column":33}},{"start":{"line":588,"column":24},"end":{"line":588,"column":43}},{"start":{"line":589,"column":24},"end":{"line":589,"column":42}},{"start":{"line":590,"column":24},"end":{"line":590,"column":37}},{"start":{"line":591,"column":24},"end":{"line":591,"column":41}}],"line":586}},"s":{"0":1,"1":56,"2":56,"3":55,"4":55,"5":55,"6":55,"7":55,"8":55,"9":55,"10":55,"11":55,"12":55,"13":55,"14":55,"15":55,"16":55,"17":55,"18":55,"19":15,"20":15,"21":15,"22":15,"23":15,"24":55,"25":55,"26":55,"27":55,"28":55,"29":55,"30":55,"31":55,"32":55,"33":55,"34":55,"35":55,"36":55,"37":55,"38":55,"39":55,"40":55,"41":55,"42":55,"43":55,"44":55,"45":55,"46":0,"47":55,"48":0,"49":0,"50":55,"51":10,"52":1,"53":1,"54":1,"55":1,"56":1,"57":1,"58":1,"59":1,"60":1,"61":1,"62":1,"63":1,"64":1,"65":1,"66":1,"67":1,"68":1,"69":1,"70":1,"71":1,"72":1,"73":1,"74":1,"75":1,"76":1,"77":1,"78":1,"79":1,"80":1,"81":1,"82":1,"83":1,"84":1,"85":1,"86":1,"87":1,"88":1,"89":1,"90":1,"91":1,"92":1,"93":1,"94":1,"95":1,"96":1,"97":1,"98":1,"99":1,"100":1,"101":1,"102":1,"103":1,"104":1,"105":2,"106":2,"107":2,"108":2,"109":2,"110":2,"111":2,"112":2,"113":2,"114":2,"115":0,"116":0,"117":0,"118":0,"119":0,"120":0,"121":0,"122":0,"123":0,"124":0,"125":0,"126":0,"127":0,"128":0,"129":0,"130":0,"131":0,"132":0,"133":0,"134":0,"135":55,"136":2,"137":2,"138":0,"139":0,"140":0,"141":2,"142":0,"143":0,"144":2,"145":0,"146":0,"147":0,"148":0,"149":55,"150":5,"151":5,"152":55,"153":3,"154":3,"155":3,"156":3,"157":3,"158":3,"159":3,"160":3,"161":55,"162":14,"163":7,"164":7,"165":7,"166":55,"167":0,"168":0,"169":55,"170":1,"171":22,"172":6,"173":6,"174":6,"175":6,"176":6,"177":6,"178":6,"179":16,"180":4,"181":4,"182":4,"183":4,"184":4,"185":4,"186":12,"187":4,"188":4,"189":8,"190":4,"191":4,"192":4,"193":4,"194":4,"195":4,"196":4,"197":4,"198":4,"199":4},"f":{"0":56,"1":55,"2":55,"3":55,"4":55,"5":55,"6":15,"7":0,"8":0,"9":10,"10":2,"11":5,"12":3,"13":14,"14":0,"15":1,"16":22},"b":{"0":[1,1,1,1,1,1,1,1,2,0,0,0,0,0],"1":[0,0],"2":[0,2],"3":[0,2],"4":[0,2],"5":[7,7],"6":[55,45],"7":[3,52],"8":[3,52],"9":[3,52],"10":[3,52],"11":[55,10],"12":[55,8],"13":[55,7],"14":[55,6],"15":[55,5],"16":[55,5],"17":[55,5],"18":[55,6],"19":[55,3],"20":[3,3],"21":[3,3,0],"22":[3,0],"23":[3,0],"24":[3,3],"25":[55,0],"26":[55,0],"27":[55,47,41,36,31,29],"28":[6,16],"29":[22,6,6],"30":[4,12],"31":[16,4,4,4,4,4,4],"32":[4,8],"33":[12,4],"34":[4,4],"35":[8,4,4,4,4,4],"36":[4,0],"37":[4,4,4,4,4,4]},"_coverageSchema":"1a1c01bbd47fc00a2c39e90264f33305004495a9","hash":"4cdaaf96462642bf51142736265933f6913399f3"}
,"/home/shaks/Desktop/final/frontend/src/pages/SignupPage/index.tsx": {"path":"/home/shaks/Desktop/final/frontend/src/pages/SignupPage/index.tsx","statementMap":{"0":{"start":{"line":5,"column":19},"end":{"line":9,"column":1}},"1":{"start":{"line":6,"column":2},"end":{"line":8,"column":4}}},"fnMap":{"0":{"name":"(anonymous_0)","decl":{"start":{"line":5,"column":19},"end":{"line":5,"column":20}},"loc":{"start":{"line":5,"column":25},"end":{"line":9,"column":1}},"line":5}},"branchMap":{},"s":{"0":1,"1":3},"f":{"0":3},"b":{},"_coverageSchema":"1a1c01bbd47fc00a2c39e90264f33305004495a9","hash":"d04b67c4328f1a22b7f28270c11c8fc69efd4db7"}
,"/home/shaks/Desktop/final/frontend/src/state/reducers/index.tsx": {"path":"/home/shaks/Desktop/final/frontend/src/state/reducers/index.tsx","statementMap":{"0":{"start":{"line":3,"column":21},"end":{"line":16,"column":1}},"1":{"start":{"line":18,"column":18},"end":{"line":47,"column":2}},"2":{"start":{"line":23,"column":6},"end":{"line":23,"column":34}},"3":{"start":{"line":26,"column":6},"end":{"line":26,"column":37}},"4":{"start":{"line":29,"column":6},"end":{"line":29,"column":43}},"5":{"start":{"line":32,"column":6},"end":{"line":32,"column":40}},"6":{"start":{"line":35,"column":6},"end":{"line":35,"column":37}},"7":{"start":{"line":38,"column":6},"end":{"line":38,"column":36}},"8":{"start":{"line":41,"column":6},"end":{"line":41,"column":38}},"9":{"start":{"line":44,"column":6},"end":{"line":44,"column":35}},"10":{"start":{"line":49,"column":117},"end":{"line":49,"column":134}}},"fnMap":{"0":{"name":"(anonymous_0)","decl":{"start":{"line":22,"column":14},"end":{"line":22,"column":15}},"loc":{"start":{"line":22,"column":33},"end":{"line":24,"column":5}},"line":22},"1":{"name":"(anonymous_1)","decl":{"start":{"line":25,"column":17},"end":{"line":25,"column":18}},"loc":{"start":{"line":25,"column":36},"end":{"line":27,"column":5}},"line":25},"2":{"name":"(anonymous_2)","decl":{"start":{"line":28,"column":23},"end":{"line":28,"column":24}},"loc":{"start":{"line":28,"column":42},"end":{"line":30,"column":5}},"line":28},"3":{"name":"(anonymous_3)","decl":{"start":{"line":31,"column":19},"end":{"line":31,"column":20}},"loc":{"start":{"line":31,"column":38},"end":{"line":33,"column":5}},"line":31},"4":{"name":"(anonymous_4)","decl":{"start":{"line":34,"column":18},"end":{"line":34,"column":19}},"loc":{"start":{"line":34,"column":37},"end":{"line":36,"column":5}},"line":34},"5":{"name":"(anonymous_5)","decl":{"start":{"line":37,"column":17},"end":{"line":37,"column":18}},"loc":{"start":{"line":37,"column":36},"end":{"line":39,"column":5}},"line":37},"6":{"name":"(anonymous_6)","decl":{"start":{"line":40,"column":18},"end":{"line":40,"column":19}},"loc":{"start":{"line":40,"column":37},"end":{"line":42,"column":5}},"line":40},"7":{"name":"(anonymous_7)","decl":{"start":{"line":43,"column":15},"end":{"line":43,"column":16}},"loc":{"start":{"line":43,"column":34},"end":{"line":45,"column":5}},"line":43}},"branchMap":{},"s":{"0":9,"1":9,"2":0,"3":0,"4":0,"5":0,"6":0,"7":0,"8":0,"9":0,"10":9},"f":{"0":0,"1":0,"2":0,"3":0,"4":0,"5":0,"6":0,"7":0},"b":{},"_coverageSchema":"1a1c01bbd47fc00a2c39e90264f33305004495a9","hash":"1f7b9cdd142faeb964c4a57da60def12b3154f7a"}
,"/home/shaks/Desktop/final/frontend/src/state/store/index.tsx": {"path":"/home/shaks/Desktop/final/frontend/src/state/store/index.tsx","statementMap":{"0":{"start":{"line":7,"column":22},"end":{"line":10,"column":1}},"1":{"start":{"line":12,"column":25},"end":{"line":12,"column":67}},"2":{"start":{"line":14,"column":14},"end":{"line":16,"column":2}},"3":{"start":{"line":18,"column":18},"end":{"line":18,"column":37}}},"fnMap":{},"branchMap":{},"s":{"0":1,"1":1,"2":1,"3":1},"f":{},"b":{},"_coverageSchema":"1a1c01bbd47fc00a2c39e90264f33305004495a9","hash":"0f7599a40c1628c88d74f2b57fabf9ab0de6d43a"}
,"/home/shaks/Desktop/final/frontend/src/themes/index.tsx": {"path":"/home/shaks/Desktop/final/frontend/src/themes/index.tsx","statementMap":{"0":{"start":{"line":63,"column":21},"end":{"line":166,"column":2}}},"fnMap":{},"branchMap":{},"s":{"0":61},"f":{},"b":{},"_coverageSchema":"1a1c01bbd47fc00a2c39e90264f33305004495a9","hash":"005b15d7c235e40dcc3ed671b1869e876d46222d"}
,"/home/shaks/Desktop/final/frontend/src/utils/constants.ts": {"path":"/home/shaks/Desktop/final/frontend/src/utils/constants.ts","statementMap":{"0":{"start":{"line":1,"column":29},"end":{"line":1,"column":60}},"1":{"start":{"line":2,"column":25},"end":{"line":2,"column":42}},"2":{"start":{"line":3,"column":30},"end":{"line":3,"column":59}},"3":{"start":{"line":4,"column":36},"end":{"line":4,"column":67}},"4":{"start":{"line":5,"column":32},"end":{"line":9,"column":1}},"5":{"start":{"line":10,"column":34},"end":{"line":10,"column":51}},"6":{"start":{"line":11,"column":32},"end":{"line":16,"column":1}},"7":{"start":{"line":17,"column":34},"end":{"line":17,"column":67}},"8":{"start":{"line":18,"column":31},"end":{"line":22,"column":1}},"9":{"start":{"line":23,"column":29},"end":{"line":28,"column":1}},"10":{"start":{"line":30,"column":30},"end":{"line":34,"column":1}},"11":{"start":{"line":36,"column":37},"end":{"line":40,"column":1}},"12":{"start":{"line":41,"column":35},"end":{"line":41,"column":76}},"13":{"start":{"line":43,"column":2},"end":{"line":43,"column":93}},"14":{"start":{"line":45,"column":31},"end":{"line":45,"column":64}},"15":{"start":{"line":47,"column":2},"end":{"line":47,"column":91}},"16":{"start":{"line":48,"column":25},"end":{"line":48,"column":37}},"17":{"start":{"line":49,"column":25},"end":{"line":49,"column":37}},"18":{"start":{"line":50,"column":30},"end":{"line":50,"column":52}},"19":{"start":{"line":52,"column":28},"end":{"line":52,"column":58}},"20":{"start":{"line":54,"column":2},"end":{"line":54,"column":126}},"21":{"start":{"line":55,"column":22},"end":{"line":55,"column":31}},"22":{"start":{"line":56,"column":22},"end":{"line":56,"column":31}},"23":{"start":{"line":57,"column":27},"end":{"line":57,"column":46}},"24":{"start":{"line":60,"column":2},"end":{"line":60,"column":54}},"25":{"start":{"line":61,"column":31},"end":{"line":61,"column":75}},"26":{"start":{"line":62,"column":27},"end":{"line":73,"column":1}},"27":{"start":{"line":74,"column":33},"end":{"line":74,"column":67}},"28":{"start":{"line":75,"column":28},"end":{"line":87,"column":1}},"29":{"start":{"line":89,"column":34},"end":{"line":93,"column":1}},"30":{"start":{"line":95,"column":37},"end":{"line":101,"column":1}},"31":{"start":{"line":103,"column":24},"end":{"line":103,"column":73}},"32":{"start":{"line":105,"column":39},"end":{"line":109,"column":1}},"33":{"start":{"line":111,"column":26},"end":{"line":114,"column":1}},"34":{"start":{"line":139,"column":46},"end":{"line":249,"column":1}},"35":{"start":{"line":251,"column":23},"end":{"line":254,"column":1}},"36":{"start":{"line":256,"column":28},"end":{"line":256,"column":49}},"37":{"start":{"line":258,"column":2},"end":{"line":258,"column":68}},"38":{"start":{"line":260,"column":27},"end":{"line":260,"column":43}},"39":{"start":{"line":261,"column":24},"end":{"line":261,"column":59}},"40":{"start":{"line":263,"column":31},"end":{"line":263,"column":62}},"41":{"start":{"line":265,"column":2},"end":{"line":265,"column":68}},"42":{"start":{"line":266,"column":31},"end":{"line":266,"column":49}},"43":{"start":{"line":267,"column":28},"end":{"line":267,"column":44}},"44":{"start":{"line":268,"column":30},"end":{"line":268,"column":52}},"45":{"start":{"line":269,"column":31},"end":{"line":269,"column":53}},"46":{"start":{"line":270,"column":24},"end":{"line":270,"column":30}},"47":{"start":{"line":272,"column":25},"end":{"line":272,"column":41}},"48":{"start":{"line":273,"column":24},"end":{"line":273,"column":30}},"49":{"start":{"line":274,"column":25},"end":{"line":274,"column":32}},"50":{"start":{"line":275,"column":24},"end":{"line":275,"column":30}},"51":{"start":{"line":276,"column":25},"end":{"line":276,"column":32}},"52":{"start":{"line":277,"column":24},"end":{"line":277,"column":36}},"53":{"start":{"line":278,"column":23},"end":{"line":278,"column":33}},"54":{"start":{"line":280,"column":29},"end":{"line":280,"column":55}},"55":{"start":{"line":282,"column":2},"end":{"line":282,"column":67}},"56":{"start":{"line":284,"column":30},"end":{"line":284,"column":55}},"57":{"start":{"line":286,"column":2},"end":{"line":286,"column":140}},"58":{"start":{"line":287,"column":23},"end":{"line":287,"column":42}},"59":{"start":{"line":288,"column":22},"end":{"line":288,"column":43}},"60":{"start":{"line":289,"column":20},"end":{"line":289,"column":26}},"61":{"start":{"line":290,"column":23},"end":{"line":290,"column":32}},"62":{"start":{"line":291,"column":19},"end":{"line":291,"column":24}},"63":{"start":{"line":292,"column":22},"end":{"line":292,"column":30}},"64":{"start":{"line":293,"column":20},"end":{"line":293,"column":26}},"65":{"start":{"line":296,"column":2},"end":{"line":296,"column":63}},"66":{"start":{"line":297,"column":39},"end":{"line":297,"column":77}},"67":{"start":{"line":299,"column":2},"end":{"line":299,"column":104}},"68":{"start":{"line":300,"column":35},"end":{"line":300,"column":60}},"69":{"start":{"line":301,"column":36},"end":{"line":301,"column":51}},"70":{"start":{"line":302,"column":38},"end":{"line":302,"column":50}},"71":{"start":{"line":303,"column":39},"end":{"line":303,"column":51}},"72":{"start":{"line":304,"column":35},"end":{"line":304,"column":45}},"73":{"start":{"line":305,"column":36},"end":{"line":305,"column":48}},"74":{"start":{"line":307,"column":2},"end":{"line":307,"column":70}},"75":{"start":{"line":309,"column":27},"end":{"line":309,"column":56}},"76":{"start":{"line":310,"column":31},"end":{"line":310,"column":41}},"77":{"start":{"line":311,"column":26},"end":{"line":311,"column":37}},"78":{"start":{"line":312,"column":28},"end":{"line":312,"column":75}},"79":{"start":{"line":314,"column":2},"end":{"line":314,"column":78}},"80":{"start":{"line":315,"column":25},"end":{"line":315,"column":51}},"81":{"start":{"line":316,"column":26},"end":{"line":341,"column":1}},"82":{"start":{"line":343,"column":25},"end":{"line":360,"column":1}},"83":{"start":{"line":362,"column":35},"end":{"line":379,"column":1}},"84":{"start":{"line":381,"column":29},"end":{"line":381,"column":58}},"85":{"start":{"line":382,"column":26},"end":{"line":382,"column":72}},"86":{"start":{"line":383,"column":22},"end":{"line":383,"column":38}},"87":{"start":{"line":384,"column":22},"end":{"line":384,"column":43}},"88":{"start":{"line":385,"column":22},"end":{"line":385,"column":35}},"89":{"start":{"line":388,"column":2},"end":{"line":388,"column":109}},"90":{"start":{"line":390,"column":2},"end":{"line":390,"column":111}},"91":{"start":{"line":391,"column":21},"end":{"line":391,"column":48}},"92":{"start":{"line":392,"column":20},"end":{"line":392,"column":35}},"93":{"start":{"line":394,"column":20},"end":{"line":398,"column":1}},"94":{"start":{"line":400,"column":30},"end":{"line":400,"column":68}},"95":{"start":{"line":402,"column":30},"end":{"line":406,"column":1}},"96":{"start":{"line":408,"column":26},"end":{"line":408,"column":55}},"97":{"start":{"line":410,"column":27},"end":{"line":435,"column":1}},"98":{"start":{"line":436,"column":26},"end":{"line":436,"column":44}},"99":{"start":{"line":438,"column":33},"end":{"line":445,"column":1}}},"fnMap":{},"branchMap":{},"s":{"0":33,"1":33,"2":33,"3":33,"4":33,"5":33,"6":33,"7":33,"8":33,"9":33,"10":33,"11":33,"12":33,"13":33,"14":33,"15":33,"16":33,"17":33,"18":33,"19":33,"20":33,"21":33,"22":33,"23":33,"24":33,"25":33,"26":33,"27":33,"28":33,"29":33,"30":33,"31":33,"32":33,"33":33,"34":33,"35":33,"36":33,"37":33,"38":33,"39":33,"40":33,"41":33,"42":33,"43":33,"44":33,"45":33,"46":33,"47":33,"48":33,"49":33,"50":33,"51":33,"52":33,"53":33,"54":33,"55":33,"56":33,"57":33,"58":33,"59":33,"60":33,"61":33,"62":33,"63":33,"64":33,"65":33,"66":33,"67":33,"68":33,"69":33,"70":33,"71":33,"72":33,"73":33,"74":33,"75":33,"76":33,"77":33,"78":33,"79":33,"80":33,"81":33,"82":33,"83":33,"84":33,"85":33,"86":33,"87":33,"88":33,"89":33,"90":33,"91":33,"92":33,"93":33,"94":33,"95":33,"96":33,"97":33,"98":33,"99":33},"f":{},"b":{},"_coverageSchema":"1a1c01bbd47fc00a2c39e90264f33305004495a9","hash":"056e5f0bac8f1294cb8be8dce79eb7061e9d777b"}
}
