TN:
SF:src/components/atoms/Avatar/index.tsx
FN:13,(anonymous_0)
FNF:1
FNH:1
FNDA:11,(anonymous_0)
DA:13,3
DA:14,11
LF:2
LH:2
BRF:0
BRH:0
end_of_record
TN:
SF:src/components/atoms/Button/index.tsx
FN:23,(anonymous_0)
FNF:1
FNH:1
FNDA:263,(anonymous_0)
DA:23,23
DA:24,263
LF:2
LH:2
BRF:0
BRH:0
end_of_record
TN:
SF:src/components/atoms/CheckBox/index.tsx
FN:15,(anonymous_0)
FNF:1
FNH:1
FNDA:39,(anonymous_0)
DA:15,7
DA:16,39
LF:2
LH:2
BRF:0
BRH:0
end_of_record
TN:
SF:src/components/atoms/Chip/index.tsx
FN:14,(anonymous_0)
FNF:1
FNH:1
FNDA:13,(anonymous_0)
DA:14,5
DA:15,13
LF:2
LH:2
BRF:0
BRH:0
end_of_record
TN:
SF:src/components/atoms/Image/index.tsx
FN:16,(anonymous_0)
FNF:1
FNH:1
FNDA:1140,(anonymous_0)
DA:16,44
DA:17,1140
LF:2
LH:2
BRF:0
BRH:0
end_of_record
TN:
SF:src/components/atoms/InputField/index.tsx
FN:34,(anonymous_0)
FNF:1
FNH:1
FNDA:538,(anonymous_0)
DA:34,29
DA:35,538
LF:2
LH:2
BRDA:56,0,0,1
BRDA:56,0,1,524
BRDA:60,1,0,517
BRDA:60,1,1,8
BRDA:68,2,0,517
BRDA:68,2,1,8
BRF:6
BRH:6
end_of_record
TN:
SF:src/components/atoms/Radio/index.tsx
FN:17,(anonymous_0)
FNF:1
FNH:1
FNDA:43,(anonymous_0)
DA:17,11
DA:18,43
LF:2
LH:2
BRF:0
BRH:0
end_of_record
TN:
SF:src/components/atoms/Stepper/index.tsx
FN:25,(anonymous_0)
FN:49,(anonymous_1)
FN:68,(anonymous_2)
FN:86,(anonymous_3)
FN:90,(anonymous_4)
FNF:5
FNH:5
FNDA:355,(anonymous_0)
FNDA:444,(anonymous_1)
FNDA:444,(anonymous_2)
FNDA:93,(anonymous_3)
FNDA:444,(anonymous_4)
DA:25,355
DA:48,4
DA:49,444
DA:60,4
DA:68,4
DA:69,444
DA:70,444
DA:71,444
DA:72,255
DA:73,89
DA:77,444
DA:86,4
DA:87,93
DA:91,444
LF:14
LH:14
BRDA:71,0,0,255
BRDA:71,0,1,189
BRDA:72,1,0,89
BRDA:72,1,1,166
BRDA:95,2,0,276
BRDA:95,2,1,168
BRF:6
BRH:6
end_of_record
TN:
SF:src/components/atoms/Typography/index.tsx
FN:11,(anonymous_0)
FNF:1
FNH:1
FNDA:3185,(anonymous_0)
DA:11,50
DA:12,3185
DA:35,3185
DA:59,3185
DA:83,3185
DA:109,3185
DA:133,3185
DA:155,3185
LF:8
LH:8
BRF:0
BRH:0
end_of_record
TN:
SF:src/components/molecules/ButtonImage/index.tsx
FN:13,(anonymous_0)
FNF:1
FNH:1
FNDA:7,(anonymous_0)
DA:13,3
DA:14,7
LF:2
LH:2
BRF:0
BRH:0
end_of_record
TN:
SF:src/components/molecules/CalenderInput/index.tsx
FN:17,(anonymous_0)
FNF:1
FNH:1
FNDA:54,(anonymous_0)
DA:17,5
DA:18,54
LF:2
LH:2
BRF:0
BRH:0
end_of_record
TN:
SF:src/components/molecules/CheckBoxText/index.tsx
FN:14,(anonymous_0)
FNF:1
FNH:1
FNDA:21,(anonymous_0)
DA:14,3
DA:15,21
LF:2
LH:2
BRF:0
BRH:0
end_of_record
TN:
SF:src/components/molecules/CurrencySelect/index.tsx
FN:23,(anonymous_0)
FN:85,(anonymous_1)
FNF:2
FNH:2
FNDA:34,(anonymous_0)
FNDA:8,(anonymous_1)
DA:23,3
DA:24,34
DA:86,8
LF:3
LH:3
BRDA:26,0,0,34
BRDA:26,0,1,29
BRDA:48,1,0,14
BRDA:48,1,1,15
BRDA:57,2,0,14
BRDA:57,2,1,15
BRDA:64,3,0,31
BRDA:64,3,1,2
BRDA:97,4,0,2
BRDA:97,4,1,6
BRF:10
BRH:10
end_of_record
TN:
SF:src/components/molecules/HomeBackground/index.tsx
FN:18,(anonymous_0)
FNF:1
FNH:1
FNDA:9,(anonymous_0)
DA:18,2
DA:19,9
LF:2
LH:2
BRF:0
BRH:0
end_of_record
TN:
SF:src/components/molecules/HomeMainHeading/index.tsx
FN:18,(anonymous_0)
FNF:1
FNH:1
FNDA:2,(anonymous_0)
DA:18,2
DA:19,2
LF:2
LH:2
BRDA:50,0,0,1
BRDA:50,0,1,1
BRDA:53,1,0,1
BRDA:53,1,1,1
BRDA:58,2,0,1
BRDA:58,2,1,1
BRDA:61,3,0,1
BRDA:61,3,1,1
BRF:8
BRH:8
end_of_record
TN:
SF:src/components/molecules/IconTextRadio/index.tsx
FN:38,(anonymous_0)
FNF:1
FNH:1
FNDA:90,(anonymous_0)
DA:38,6
DA:39,90
LF:2
LH:2
BRDA:54,0,0,15
BRDA:54,0,1,75
BRDA:55,1,0,45
BRDA:55,1,1,45
BRDA:66,2,0,60
BRDA:66,2,1,30
BRDA:67,3,0,60
BRDA:67,3,1,30
BRDA:73,4,0,90
BRDA:73,4,1,62
BRDA:78,5,0,90
BRDA:78,5,1,28
BRDA:81,6,0,90
BRDA:81,6,1,30
BRF:14
BRH:14
end_of_record
TN:
SF:src/components/molecules/NavItem/index.tsx
FN:22,(anonymous_0)
FNF:1
FNH:1
FNDA:78,(anonymous_0)
DA:22,4
DA:23,78
LF:2
LH:2
BRDA:45,0,0,75
BRDA:45,0,1,9
BRF:2
BRH:2
end_of_record
TN:
SF:src/components/molecules/RadioText/index.tsx
FN:25,(anonymous_0)
FNF:1
FNH:1
FNDA:12,(anonymous_0)
DA:25,5
DA:26,12
LF:2
LH:2
BRF:0
BRH:0
end_of_record
TN:
SF:src/components/molecules/SelectInput/index.tsx
FN:30,(anonymous_0)
FN:41,(anonymous_1)
FNF:2
FNH:2
FNDA:3,(anonymous_0)
FNDA:3,(anonymous_1)
DA:30,1
DA:31,3
DA:42,3
LF:3
LH:3
BRDA:40,0,0,2
BRDA:40,0,1,1
BRDA:51,1,0,0
BRDA:51,1,1,3
BRDA:58,2,0,2
BRDA:58,2,1,1
BRF:6
BRH:5
end_of_record
TN:
SF:src/components/molecules/TextButton/index.tsx
FN:14,(anonymous_0)
FNF:1
FNH:1
FNDA:19,(anonymous_0)
DA:14,4
DA:15,19
LF:2
LH:2
BRF:0
BRH:0
end_of_record
TN:
SF:src/components/molecules/TextDividerIcon/index.tsx
FN:21,(anonymous_0)
FNF:1
FNH:1
FNDA:43,(anonymous_0)
DA:21,3
DA:22,43
LF:2
LH:2
BRDA:37,0,0,14
BRDA:37,0,1,29
BRF:2
BRH:2
end_of_record
TN:
SF:src/components/organisms/AccountType/index.tsx
FN:14,(anonymous_0)
FN:27,(anonymous_1)
FN:44,(anonymous_2)
FNF:3
FNH:3
FNDA:15,(anonymous_0)
FNDA:30,(anonymous_1)
FNDA:16,(anonymous_2)
DA:14,3
DA:16,15
DA:28,30
DA:29,30
DA:45,16
LF:5
LH:5
BRF:0
BRH:0
end_of_record
TN:
SF:src/components/organisms/Amount/index.tsx
FN:15,(anonymous_0)
FN:21,(anonymous_1)
FN:42,(anonymous_2)
FN:45,(anonymous_3)
FN:51,(anonymous_4)
FN:54,(anonymous_5)
FN:84,(anonymous_6)
FN:85,(anonymous_7)
FNF:8
FNH:7
FNDA:17,(anonymous_0)
FNDA:2,(anonymous_1)
FNDA:1,(anonymous_2)
FNDA:1,(anonymous_3)
FNDA:1,(anonymous_4)
FNDA:0,(anonymous_5)
FNDA:1,(anonymous_6)
FNDA:1,(anonymous_7)
DA:15,2
DA:16,17
DA:17,15
DA:18,15
DA:19,15
DA:21,15
DA:24,2
DA:25,2
DA:26,2
DA:27,2
DA:28,1
DA:29,1
DA:30,1
DA:31,1
DA:32,1
DA:39,1
DA:42,15
DA:43,1
DA:45,15
DA:49,1
DA:51,15
DA:52,1
DA:54,15
DA:56,15
DA:84,1
DA:85,1
LF:26
LH:26
BRDA:27,0,0,1
BRDA:27,0,1,1
BRDA:30,1,0,1
BRDA:30,1,1,0
BRDA:88,2,0,15
BRDA:88,2,1,14
BRDA:128,3,0,15
BRDA:128,3,1,1
BRF:8
BRH:7
end_of_record
TN:
SF:src/components/organisms/AmountVerification/index.tsx
FN:17,(anonymous_0)
FN:21,(anonymous_1)
FN:23,(anonymous_2)
FN:58,(anonymous_3)
FNF:4
FNH:4
FNDA:17,(anonymous_0)
FNDA:8,(anonymous_1)
FNDA:1,(anonymous_2)
FNDA:32,(anonymous_3)
DA:17,2
DA:18,17
DA:21,2
DA:22,8
DA:23,8
DA:24,1
DA:25,1
DA:28,8
DA:59,32
LF:9
LH:9
BRDA:38,0,0,8
BRDA:38,0,1,7
BRF:2
BRH:2
end_of_record
TN:
SF:src/components/organisms/BusinessActivity/index.tsx
FN:22,(anonymous_0)
FN:49,(anonymous_1)
FN:74,(anonymous_2)
FN:100,(anonymous_3)
FN:115,(anonymous_4)
FN:123,(anonymous_5)
FNF:6
FNH:6
FNDA:12,(anonymous_0)
FNDA:6,(anonymous_1)
FNDA:54,(anonymous_2)
FNDA:30,(anonymous_3)
FNDA:6,(anonymous_4)
FNDA:150,(anonymous_5)
DA:22,2
DA:23,12
DA:31,12
DA:39,12
DA:41,12
DA:42,12
DA:43,12
DA:44,10
DA:45,10
DA:46,10
DA:47,10
DA:49,10
DA:50,6
DA:51,6
DA:52,6
DA:53,2
DA:57,4
DA:58,2
DA:62,2
DA:63,2
DA:70,10
DA:71,3
DA:74,10
DA:75,54
DA:78,10
DA:101,30
DA:116,6
DA:124,150
LF:28
LH:28
BRDA:52,0,0,2
BRDA:52,0,1,4
BRDA:57,1,0,2
BRDA:57,1,1,2
BRDA:62,2,0,2
BRDA:62,2,1,0
BRDA:70,3,0,3
BRDA:70,3,1,7
BRDA:70,4,0,10
BRDA:70,4,1,7
BRDA:70,4,2,5
BRDA:102,5,0,30
BRDA:102,5,1,15
BRDA:110,6,0,10
BRDA:110,6,1,20
BRDA:114,7,0,15
BRDA:114,7,1,15
BRF:17
BRH:16
end_of_record
TN:
SF:src/components/organisms/BusinessSearch/index.tsx
FN:16,(anonymous_0)
FN:25,(anonymous_1)
FN:59,(anonymous_2)
FN:79,(anonymous_3)
FN:90,(anonymous_4)
FN:101,(anonymous_5)
FNF:6
FNH:6
FNDA:14,(anonymous_0)
FNDA:1,(anonymous_1)
FNDA:4,(anonymous_2)
FNDA:1,(anonymous_3)
FNDA:20,(anonymous_4)
FNDA:9,(anonymous_5)
DA:16,2
DA:17,14
DA:18,12
DA:19,12
DA:25,12
DA:26,1
DA:27,1
DA:28,1
DA:29,1
DA:32,12
DA:60,4
DA:80,1
DA:91,20
DA:102,9
LF:14
LH:14
BRDA:28,0,0,1
BRDA:28,0,1,0
BRDA:28,1,0,1
BRDA:28,1,1,1
BRDA:45,2,0,12
BRDA:45,2,1,7
BRDA:68,3,0,12
BRDA:68,3,1,5
BRF:8
BRH:7
end_of_record
TN:
SF:src/components/organisms/CancelModal/index.tsx
FN:27,(anonymous_0)
FN:45,(anonymous_1)
FN:48,(anonymous_2)
FN:56,(anonymous_3)
FN:58,(anonymous_4)
FN:78,(anonymous_5)
FN:132,(anonymous_6)
FN:150,(anonymous_7)
FN:180,(anonymous_8)
FN:189,(anonymous_9)
FN:195,(anonymous_10)
FNF:11
FNH:5
FNDA:5,(anonymous_0)
FNDA:0,(anonymous_1)
FNDA:0,(anonymous_2)
FNDA:0,(anonymous_3)
FNDA:0,(anonymous_4)
FNDA:0,(anonymous_5)
FNDA:1,(anonymous_6)
FNDA:2,(anonymous_7)
FNDA:4,(anonymous_8)
FNDA:0,(anonymous_9)
FNDA:3,(anonymous_10)
DA:27,3
DA:28,5
DA:29,5
DA:43,5
DA:45,4
DA:46,0
DA:47,0
DA:48,0
DA:49,0
DA:50,0
DA:51,0
DA:56,4
DA:57,0
DA:58,0
DA:61,0
DA:75,4
DA:76,4
DA:78,4
DA:79,4
DA:133,1
DA:151,2
DA:181,4
DA:190,0
DA:196,3
LF:24
LH:14
BRDA:49,0,0,0
BRDA:49,0,1,0
BRDA:61,1,0,0
BRDA:61,1,1,0
BRDA:109,2,0,4
BRDA:109,2,1,3
BRDA:148,3,0,4
BRDA:148,3,1,1
BRDA:157,4,0,1
BRDA:157,4,1,1
BRDA:162,5,0,1
BRDA:162,5,1,1
BRDA:164,6,0,1
BRDA:164,6,1,0
BRDA:164,7,0,1
BRDA:164,7,1,1
BRDA:170,8,0,1
BRDA:170,8,1,1
BRDA:171,9,0,1
BRDA:171,9,1,1
BRDA:179,10,0,1
BRDA:179,10,1,1
BRDA:188,11,0,1
BRDA:188,11,1,1
BRF:24
BRH:19
end_of_record
TN:
SF:src/components/organisms/CardType/index.tsx
FN:25,(anonymous_0)
FN:30,(anonymous_1)
FN:40,(anonymous_2)
FNF:3
FNH:2
FNDA:3,(anonymous_0)
FNDA:2,(anonymous_1)
FNDA:0,(anonymous_2)
DA:23,2
DA:25,2
DA:27,3
DA:28,3
DA:29,3
DA:30,3
DA:31,2
DA:32,2
DA:33,2
DA:34,1
DA:35,1
DA:36,1
DA:40,3
DA:41,0
DA:42,0
DA:44,0
DA:45,0
DA:49,3
LF:18
LH:14
BRDA:33,0,0,1
BRDA:33,0,1,1
BRDA:35,1,0,1
BRDA:35,1,1,0
BRDA:41,2,0,0
BRDA:41,2,1,0
BRDA:41,3,0,0
BRDA:41,3,1,0
BRDA:41,3,2,0
BRDA:44,4,0,0
BRDA:44,4,1,0
BRDA:44,5,0,0
BRDA:44,5,1,0
BRDA:44,5,2,0
BRF:14
BRH:3
end_of_record
TN:
SF:src/components/organisms/ConfirmAddress/index.tsx
FN:29,(anonymous_0)
FN:36,(anonymous_1)
FN:38,(anonymous_2)
FN:41,(anonymous_3)
FN:43,(anonymous_4)
FN:112,(anonymous_5)
FN:183,(anonymous_6)
FN:261,(anonymous_7)
FN:328,(anonymous_8)
FNF:9
FNH:2
FNDA:7,(anonymous_0)
FNDA:5,(anonymous_1)
FNDA:0,(anonymous_2)
FNDA:0,(anonymous_3)
FNDA:0,(anonymous_4)
FNDA:0,(anonymous_5)
FNDA:0,(anonymous_6)
FNDA:0,(anonymous_7)
FNDA:0,(anonymous_8)
DA:29,2
DA:31,7
DA:32,5
DA:33,5
DA:34,5
DA:35,5
DA:36,5
DA:38,5
DA:39,0
DA:41,5
DA:43,5
DA:44,0
DA:45,0
DA:46,0
DA:50,0
DA:51,0
DA:57,5
DA:58,5
DA:59,2
DA:65,2
DA:68,5
DA:113,0
DA:114,0
DA:115,0
DA:116,0
DA:117,0
DA:184,0
DA:185,0
DA:262,0
DA:263,0
DA:265,0
DA:329,0
DA:330,0
LF:33
LH:15
BRDA:44,0,0,0
BRDA:44,0,1,0
BRDA:50,1,0,0
BRDA:50,1,1,0
BRDA:58,2,0,2
BRDA:58,2,1,3
BRDA:106,3,0,5
BRDA:106,3,1,5
BRDA:113,4,0,0
BRDA:113,4,1,0
BRDA:115,5,0,0
BRDA:115,5,1,0
BRDA:125,6,0,5
BRDA:125,6,1,0
BRDA:127,7,0,0
BRDA:127,7,1,0
BRDA:142,8,0,0
BRDA:142,8,1,0
BRDA:191,9,0,5
BRDA:191,9,1,5
BRDA:221,10,0,5
BRDA:221,10,1,0
BRDA:262,11,0,0
BRDA:262,11,1,0
BRF:24
BRH:8
end_of_record
TN:
SF:src/components/organisms/ConfirmBusiness/index.tsx
FN:24,(anonymous_0)
FN:27,(anonymous_1)
FN:94,(anonymous_2)
FN:198,(anonymous_3)
FNF:4
FNH:4
FNDA:12,(anonymous_0)
FNDA:3,(anonymous_1)
FNDA:1,(anonymous_2)
FNDA:1,(anonymous_3)
DA:24,2
DA:25,12
DA:27,10
DA:28,3
DA:29,1
DA:33,2
DA:34,1
DA:38,1
DA:39,1
DA:46,10
DA:47,2
DA:52,10
DA:53,1
DA:59,10
DA:95,1
DA:199,1
LF:16
LH:16
BRDA:28,0,0,1
BRDA:28,0,1,2
BRDA:33,1,0,1
BRDA:33,1,1,1
BRDA:38,2,0,1
BRDA:38,2,1,0
BRDA:46,3,0,2
BRDA:46,3,1,8
BRDA:52,4,0,1
BRDA:52,4,1,9
BRDA:90,5,0,10
BRDA:90,5,1,6
BRDA:103,6,0,10
BRDA:103,6,1,6
BRDA:132,7,0,10
BRDA:132,7,1,4
BRDA:213,8,0,10
BRDA:213,8,1,6
BRF:18
BRH:17
end_of_record
TN:
SF:src/components/organisms/ConfirmPurchase/index.tsx
FN:18,(anonymous_0)
FN:19,(anonymous_1)
FN:20,(anonymous_2)
FN:21,(anonymous_3)
FN:22,(anonymous_4)
FN:23,(anonymous_5)
FN:25,(anonymous_6)
FN:72,(anonymous_7)
FN:109,(anonymous_8)
FN:120,(anonymous_9)
FN:130,(anonymous_10)
FN:136,(anonymous_11)
FNF:12
FNH:8
FNDA:2,(anonymous_0)
FNDA:2,(anonymous_1)
FNDA:2,(anonymous_2)
FNDA:2,(anonymous_3)
FNDA:2,(anonymous_4)
FNDA:2,(anonymous_5)
FNDA:2,(anonymous_6)
FNDA:1,(anonymous_7)
FNDA:0,(anonymous_8)
FNDA:0,(anonymous_9)
FNDA:0,(anonymous_10)
FNDA:0,(anonymous_11)
DA:12,2
DA:14,2
DA:16,2
DA:18,2
DA:19,2
DA:20,2
DA:21,2
DA:22,2
DA:23,2
DA:24,2
DA:25,2
DA:26,2
DA:27,2
DA:73,1
DA:74,1
DA:78,1
DA:107,1
DA:110,0
DA:111,0
DA:113,0
DA:121,0
DA:122,0
DA:131,0
DA:133,0
DA:137,0
DA:138,0
LF:26
LH:17
BRF:0
BRH:0
end_of_record
TN:
SF:src/components/organisms/ConfirmVerification/index.tsx
FN:18,(anonymous_0)
FN:36,(anonymous_1)
FN:39,(anonymous_2)
FN:51,(anonymous_3)
FN:57,(anonymous_4)
FN:73,(anonymous_5)
FN:113,(anonymous_6)
FN:144,(anonymous_7)
FN:193,(anonymous_8)
FN:231,(anonymous_9)
FN:249,(anonymous_10)
FN:277,(anonymous_11)
FN:324,(anonymous_12)
FNF:13
FNH:12
FNDA:49,(anonymous_0)
FNDA:24,(anonymous_1)
FNDA:0,(anonymous_2)
FNDA:1,(anonymous_3)
FNDA:4,(anonymous_4)
FNDA:2,(anonymous_5)
FNDA:2,(anonymous_6)
FNDA:2,(anonymous_7)
FNDA:96,(anonymous_8)
FNDA:1,(anonymous_9)
FNDA:2,(anonymous_10)
FNDA:2,(anonymous_11)
FNDA:24,(anonymous_12)
DA:18,2
DA:19,49
DA:34,2
DA:36,2
DA:37,24
DA:39,24
DA:40,0
DA:41,0
DA:42,0
DA:44,24
DA:45,24
DA:46,24
DA:47,24
DA:48,24
DA:49,24
DA:50,24
DA:51,24
DA:52,1
DA:53,1
DA:54,1
DA:57,24
DA:62,4
DA:64,4
DA:70,4
DA:73,24
DA:74,2
DA:76,24
DA:114,2
DA:115,1
DA:116,1
DA:117,1
DA:118,1
DA:145,2
DA:146,2
DA:147,2
DA:148,2
DA:149,1
DA:194,96
DA:232,1
DA:252,2
DA:253,1
DA:255,1
DA:278,2
DA:279,1
DA:281,1
DA:325,24
LF:46
LH:43
BRDA:41,0,0,0
BRDA:41,0,1,0
BRDA:101,1,0,24
BRDA:101,1,1,22
BRDA:114,2,0,1
BRDA:114,2,1,1
BRDA:116,3,0,1
BRDA:116,3,1,0
BRDA:116,4,0,1
BRDA:116,4,1,1
BRDA:126,5,0,2
BRDA:126,5,1,22
BRDA:127,6,0,2
BRDA:127,6,1,22
BRDA:129,7,0,2
BRDA:129,7,1,22
BRDA:133,8,0,24
BRDA:133,8,1,22
BRDA:145,9,0,2
BRDA:145,9,1,0
BRDA:145,10,0,2
BRDA:145,10,1,1
BRDA:148,11,0,1
BRDA:148,11,1,1
BRDA:153,12,0,2
BRDA:153,12,1,22
BRDA:174,13,0,24
BRDA:174,13,1,18
BRDA:184,14,0,6
BRDA:184,14,1,18
BRDA:209,15,0,24
BRDA:209,15,1,18
BRDA:219,16,0,24
BRDA:219,16,1,6
BRDA:239,17,0,6
BRDA:239,17,1,5
BRDA:252,18,0,1
BRDA:252,18,1,1
BRDA:259,19,0,1
BRDA:259,19,1,5
BRDA:260,20,0,1
BRDA:260,20,1,5
BRDA:262,21,0,1
BRDA:262,21,1,5
BRDA:267,22,0,6
BRDA:267,22,1,5
BRDA:278,23,0,1
BRDA:278,23,1,1
BRDA:284,24,0,1
BRDA:284,24,1,5
BRDA:306,25,0,6
BRDA:306,25,1,1
BRDA:315,26,0,5
BRDA:315,26,1,1
BRF:54
BRH:50
end_of_record
TN:
SF:src/components/organisms/ConformationModal/index.tsx
FN:10,(anonymous_0)
FNF:1
FNH:1
FNDA:3,(anonymous_0)
DA:10,3
DA:12,3
LF:2
LH:2
BRF:0
BRH:0
end_of_record
TN:
SF:src/components/organisms/Country/index.tsx
FN:35,(anonymous_0)
FN:38,(anonymous_1)
FN:40,(anonymous_2)
FN:71,(anonymous_3)
FNF:4
FNH:4
FNDA:12,(anonymous_0)
FNDA:5,(anonymous_1)
FNDA:1,(anonymous_2)
FNDA:20,(anonymous_3)
DA:12,2
DA:35,2
DA:36,12
DA:38,2
DA:39,5
DA:40,5
DA:41,1
DA:42,1
DA:44,5
DA:72,20
LF:10
LH:10
BRDA:48,0,0,5
BRDA:48,0,1,4
BRDA:62,1,0,1
BRDA:62,1,1,4
BRF:4
BRH:4
end_of_record
TN:
SF:src/components/organisms/DetailsFilling/index.tsx
FN:22,(anonymous_0)
FN:26,(anonymous_1)
FN:70,(anonymous_2)
FN:80,(anonymous_3)
FN:161,(anonymous_4)
FN:191,(anonymous_5)
FNF:6
FNH:6
FNDA:26,(anonymous_0)
FNDA:21,(anonymous_1)
FNDA:2,(anonymous_2)
FNDA:12,(anonymous_3)
FNDA:133,(anonymous_4)
FNDA:570,(anonymous_5)
DA:22,2
DA:23,26
DA:26,2
DA:27,21
DA:34,21
DA:43,21
DA:52,21
DA:53,19
DA:54,19
DA:55,19
DA:56,19
DA:57,19
DA:58,19
DA:59,19
DA:60,19
DA:70,19
DA:71,2
DA:72,2
DA:73,2
DA:80,19
DA:81,12
DA:82,2
DA:83,10
DA:84,2
DA:85,8
DA:86,2
DA:87,2
DA:94,6
DA:95,2
DA:96,2
DA:103,4
DA:104,2
DA:105,2
DA:112,2
DA:113,2
DA:114,2
DA:115,2
DA:126,19
DA:127,4
DA:129,15
DA:132,19
DA:133,19
DA:134,19
DA:162,133
DA:192,570
LF:45
LH:45
BRDA:81,0,0,2
BRDA:81,0,1,10
BRDA:83,1,0,2
BRDA:83,1,1,8
BRDA:85,2,0,2
BRDA:85,2,1,6
BRDA:94,3,0,2
BRDA:94,3,1,4
BRDA:103,4,0,2
BRDA:103,4,1,2
BRDA:112,5,0,2
BRDA:112,5,1,0
BRDA:113,6,0,2
BRDA:113,6,1,0
BRDA:126,7,0,4
BRDA:126,7,1,15
BRDA:126,8,0,19
BRDA:126,8,1,16
BRDA:126,8,2,14
BRDA:126,8,3,8
BRDA:126,8,4,7
BRDA:126,8,5,6
BRDA:126,8,6,5
BRDA:164,9,0,133
BRDA:164,9,1,63
BRDA:164,9,2,52
BRDA:174,10,0,133
BRDA:174,10,1,114
BRDA:181,11,0,62
BRDA:181,11,1,52
BRDA:182,12,0,19
BRDA:182,12,1,95
BRDA:184,13,0,19
BRDA:184,13,1,95
BRDA:206,14,0,133
BRDA:206,14,1,19
BRF:36
BRH:34
end_of_record
TN:
SF:src/components/organisms/HomeHeader/index.tsx
FN:14,(anonymous_0)
FNF:1
FNH:1
FNDA:10,(anonymous_0)
DA:14,2
DA:17,10
DA:19,10
LF:3
LH:3
BRDA:22,0,0,0
BRDA:22,0,1,10
BRDA:24,1,0,0
BRDA:24,1,1,10
BRDA:25,2,0,0
BRDA:25,2,1,10
BRDA:34,3,0,10
BRDA:34,3,1,10
BRDA:48,4,0,10
BRDA:48,4,1,10
BRF:10
BRH:7
end_of_record
TN:
SF:src/components/organisms/HomeMain/index.tsx
FN:26,(anonymous_0)
FN:32,(anonymous_1)
FN:42,(anonymous_2)
FN:46,(anonymous_3)
FN:127,(anonymous_4)
FN:134,(anonymous_5)
FNF:6
FNH:5
FNDA:5,(anonymous_0)
FNDA:0,(anonymous_1)
FNDA:1,(anonymous_2)
FNDA:1,(anonymous_3)
FNDA:8,(anonymous_4)
FNDA:8,(anonymous_5)
DA:26,2
DA:27,5
DA:28,5
DA:29,4
DA:30,4
DA:32,4
DA:33,0
DA:34,0
DA:35,0
DA:38,0
DA:42,4
DA:43,1
DA:46,4
DA:47,1
DA:49,4
DA:128,8
DA:135,8
LF:17
LH:13
BRDA:140,0,0,4
BRDA:140,0,1,4
BRDA:147,1,0,4
BRDA:147,1,1,2
BRDA:150,2,0,4
BRDA:150,2,1,0
BRDA:161,3,0,4
BRDA:161,3,1,2
BRDA:190,4,0,4
BRDA:190,4,1,1
BRDA:191,5,0,4
BRDA:191,5,1,1
BRF:12
BRH:11
end_of_record
TN:
SF:src/components/organisms/LloydsPayment/index.tsx
FN:21,(anonymous_0)
FNF:1
FNH:1
FNDA:6,(anonymous_0)
DA:21,3
DA:22,6
LF:2
LH:2
BRF:0
BRH:0
end_of_record
TN:
SF:src/components/organisms/LloydsPaymentDetails/index.tsx
FN:21,(anonymous_0)
FN:22,(anonymous_1)
FN:24,(anonymous_2)
FN:25,(anonymous_3)
FN:26,(anonymous_4)
FN:29,(anonymous_5)
FN:30,(anonymous_6)
FN:149,(anonymous_7)
FN:186,(anonymous_8)
FN:197,(anonymous_9)
FN:207,(anonymous_10)
FN:213,(anonymous_11)
FN:230,(anonymous_12)
FNF:13
FNH:9
FNDA:3,(anonymous_0)
FNDA:3,(anonymous_1)
FNDA:3,(anonymous_2)
FNDA:3,(anonymous_3)
FNDA:3,(anonymous_4)
FNDA:3,(anonymous_5)
FNDA:3,(anonymous_6)
FNDA:1,(anonymous_7)
FNDA:0,(anonymous_8)
FNDA:0,(anonymous_9)
FNDA:0,(anonymous_10)
FNDA:0,(anonymous_11)
FNDA:1,(anonymous_12)
DA:21,2
DA:22,3
DA:23,3
DA:24,3
DA:25,3
DA:26,3
DA:28,3
DA:29,3
DA:30,3
DA:31,3
DA:150,1
DA:151,1
DA:155,1
DA:184,1
DA:187,0
DA:188,0
DA:190,0
DA:198,0
DA:199,0
DA:208,0
DA:210,0
DA:214,0
DA:215,0
DA:231,1
LF:24
LH:15
BRF:0
BRH:0
end_of_record
TN:
SF:src/components/organisms/Login/index.tsx
FN:31,(anonymous_0)
FN:42,(anonymous_1)
FN:46,(anonymous_2)
FN:50,(anonymous_3)
FN:53,(anonymous_4)
FN:64,(anonymous_5)
FN:96,(anonymous_6)
FN:123,(anonymous_7)
FN:160,(anonymous_8)
FN:165,(anonymous_9)
FN:186,(anonymous_10)
FN:244,(anonymous_11)
FNF:12
FNH:10
FNDA:19,(anonymous_0)
FNDA:1,(anonymous_1)
FNDA:2,(anonymous_2)
FNDA:2,(anonymous_3)
FNDA:2,(anonymous_4)
FNDA:2,(anonymous_5)
FNDA:3,(anonymous_6)
FNDA:3,(anonymous_7)
FNDA:1,(anonymous_8)
FNDA:0,(anonymous_9)
FNDA:0,(anonymous_10)
FNDA:1,(anonymous_11)
DA:25,3
DA:26,3
DA:27,3
DA:28,3
DA:29,3
DA:31,3
DA:32,19
DA:33,16
DA:34,16
DA:35,16
DA:36,16
DA:37,16
DA:38,16
DA:39,16
DA:40,16
DA:41,16
DA:42,16
DA:43,1
DA:46,16
DA:47,2
DA:48,2
DA:50,16
DA:51,2
DA:53,16
DA:54,2
DA:55,2
DA:56,2
DA:58,2
DA:59,1
DA:61,1
DA:64,16
DA:65,2
DA:66,2
DA:68,2
DA:69,1
DA:71,1
DA:74,16
DA:97,3
DA:98,2
DA:99,2
DA:101,1
DA:124,3
DA:125,2
DA:126,2
DA:128,1
DA:161,1
DA:162,1
DA:163,1
DA:166,0
DA:170,0
DA:171,0
DA:179,0
DA:183,0
DA:187,0
DA:188,0
DA:245,1
LF:56
LH:49
BRDA:58,0,0,1
BRDA:58,0,1,1
BRDA:68,1,0,1
BRDA:68,1,1,1
BRDA:86,2,0,16
BRDA:86,2,1,14
BRDA:97,3,0,2
BRDA:97,3,1,1
BRDA:110,4,0,16
BRDA:110,4,1,14
BRDA:120,5,0,7
BRDA:120,5,1,9
BRDA:124,6,0,2
BRDA:124,6,1,1
BRDA:135,7,0,7
BRDA:135,7,1,9
BRDA:139,8,0,16
BRDA:139,8,1,2
BRDA:166,9,0,0
BRDA:166,9,1,0
BRDA:167,10,0,0
BRDA:167,10,1,0
BRDA:192,11,0,16
BRDA:192,11,1,0
BRF:24
BRH:19
end_of_record
TN:
SF:src/components/organisms/Logout/index.tsx
FN:17,(anonymous_0)
FN:23,(anonymous_1)
FNF:2
FNH:1
FNDA:11,(anonymous_0)
FNDA:0,(anonymous_1)
DA:17,2
DA:18,11
DA:24,0
LF:3
LH:2
BRF:0
BRH:0
end_of_record
TN:
SF:src/components/organisms/NavBar/index.tsx
FN:17,(anonymous_0)
FN:36,(anonymous_1)
FN:68,(anonymous_2)
FN:108,(anonymous_3)
FNF:4
FNH:3
FNDA:11,(anonymous_0)
FNDA:54,(anonymous_1)
FNDA:18,(anonymous_2)
FNDA:0,(anonymous_3)
DA:17,2
DA:18,11
DA:19,9
DA:37,54
DA:87,18
DA:115,0
LF:6
LH:5
BRDA:57,0,0,9
BRDA:57,0,1,45
BRDA:65,1,0,9
BRDA:65,1,1,9
BRDA:88,2,0,18
BRDA:88,2,1,0
BRF:6
BRH:5
end_of_record
TN:
SF:src/components/organisms/PaymentDetails/index.tsx
FN:14,(anonymous_0)
FN:15,(anonymous_1)
FN:16,(anonymous_2)
FN:57,(anonymous_3)
FN:79,(anonymous_4)
FNF:5
FNH:5
FNDA:7,(anonymous_0)
FNDA:6,(anonymous_1)
FNDA:6,(anonymous_2)
FNDA:18,(anonymous_3)
FNDA:24,(anonymous_4)
DA:14,2
DA:15,7
DA:16,6
DA:18,6
DA:58,18
DA:59,18
DA:80,24
DA:82,24
DA:83,6
DA:84,18
DA:85,6
DA:86,12
DA:87,6
DA:88,6
DA:89,6
DA:91,0
DA:93,24
LF:17
LH:16
BRDA:24,0,0,0
BRDA:24,0,1,6
BRDA:82,1,0,6
BRDA:82,1,1,18
BRDA:84,2,0,6
BRDA:84,2,1,12
BRDA:86,3,0,6
BRDA:86,3,1,6
BRDA:88,4,0,6
BRDA:88,4,1,0
BRDA:105,5,0,6
BRDA:105,5,1,6
BRF:12
BRH:10
end_of_record
TN:
SF:src/components/organisms/PaymentOptions/index.tsx
FN:10,(anonymous_0)
FN:14,(anonymous_1)
FNF:2
FNH:1
FNDA:7,(anonymous_0)
FNDA:0,(anonymous_1)
DA:10,2
DA:12,7
DA:14,7
DA:15,0
DA:16,0
DA:19,7
LF:6
LH:4
BRF:0
BRH:0
end_of_record
TN:
SF:src/components/organisms/Recipient/index.tsx
FN:14,(anonymous_0)
FN:30,(anonymous_1)
FNF:2
FNH:2
FNDA:10,(anonymous_0)
FNDA:30,(anonymous_1)
DA:14,2
DA:15,10
DA:31,30
LF:3
LH:3
BRF:0
BRH:0
end_of_record
TN:
SF:src/components/organisms/Review/index.tsx
FN:25,(anonymous_0)
FN:29,(anonymous_1)
FN:30,(anonymous_2)
FN:32,(anonymous_3)
FN:37,(anonymous_4)
FN:41,(anonymous_5)
FN:50,(anonymous_6)
FN:103,(anonymous_7)
FN:139,(anonymous_8)
FN:185,(anonymous_9)
FN:244,(anonymous_10)
FN:290,(anonymous_11)
FN:314,(anonymous_12)
FN:386,(anonymous_13)
FNF:14
FNH:12
FNDA:23,(anonymous_0)
FNDA:23,(anonymous_1)
FNDA:23,(anonymous_2)
FNDA:3,(anonymous_3)
FNDA:3,(anonymous_4)
FNDA:0,(anonymous_5)
FNDA:0,(anonymous_6)
FNDA:51,(anonymous_7)
FNDA:68,(anonymous_8)
FNDA:51,(anonymous_9)
FNDA:9,(anonymous_10)
FNDA:1,(anonymous_11)
FNDA:12,(anonymous_12)
FNDA:1,(anonymous_13)
DA:25,2
DA:26,23
DA:28,23
DA:29,23
DA:30,23
DA:32,23
DA:33,3
DA:34,3
DA:37,23
DA:38,3
DA:39,3
DA:41,23
DA:42,0
DA:43,0
DA:50,23
DA:51,0
DA:56,23
DA:104,51
DA:105,51
DA:140,68
DA:141,68
DA:143,68
DA:144,17
DA:145,51
DA:146,17
DA:147,34
DA:148,17
DA:149,17
DA:150,17
DA:153,68
DA:186,51
DA:187,51
DA:245,9
DA:246,9
DA:291,1
DA:315,12
DA:316,12
DA:317,12
DA:319,12
DA:321,3
DA:322,3
DA:323,3
DA:325,3
DA:326,3
DA:327,3
DA:329,3
DA:330,3
DA:331,3
DA:333,3
DA:334,3
DA:335,3
DA:337,0
DA:340,12
DA:387,1
LF:54
LH:50
BRDA:42,0,0,0
BRDA:42,0,1,0
BRDA:72,1,0,23
BRDA:72,1,1,20
BRDA:72,1,2,17
BRDA:143,2,0,17
BRDA:143,2,1,51
BRDA:145,3,0,17
BRDA:145,3,1,34
BRDA:147,4,0,17
BRDA:147,4,1,17
BRDA:149,5,0,17
BRDA:149,5,1,0
BRDA:231,6,0,23
BRDA:231,6,1,3
BRDA:305,7,0,23
BRDA:305,7,1,3
BRDA:319,8,0,3
BRDA:319,8,1,3
BRDA:319,8,2,3
BRDA:319,8,3,3
BRDA:319,8,4,0
BRF:22
BRH:18
end_of_record
TN:
SF:src/components/organisms/SelectingBank/index.tsx
FN:18,(anonymous_0)
FN:21,(anonymous_1)
FN:24,(anonymous_2)
FN:27,(anonymous_3)
FN:67,(anonymous_4)
FN:77,(anonymous_5)
FNF:6
FNH:6
FNDA:6,(anonymous_0)
FNDA:1,(anonymous_1)
FNDA:1,(anonymous_2)
FNDA:1,(anonymous_3)
FNDA:30,(anonymous_4)
FNDA:1,(anonymous_5)
DA:18,2
DA:19,6
DA:20,6
DA:21,6
DA:22,1
DA:24,6
DA:25,1
DA:27,6
DA:28,1
DA:29,1
DA:30,1
DA:33,6
DA:68,30
DA:78,1
LF:14
LH:14
BRDA:28,0,0,1
BRDA:28,0,1,0
BRDA:44,1,0,5
BRDA:44,1,1,1
BRDA:64,2,0,1
BRDA:64,2,1,4
BRF:6
BRH:5
end_of_record
TN:
SF:src/components/organisms/SendToSomeone/index.tsx
FN:15,(anonymous_0)
FN:19,(anonymous_1)
FN:31,(anonymous_2)
FN:41,(anonymous_3)
FN:49,(anonymous_4)
FN:52,(anonymous_5)
FN:56,(anonymous_6)
FN:73,(anonymous_7)
FN:169,(anonymous_8)
FN:190,(anonymous_9)
FN:217,(anonymous_10)
FNF:11
FNH:11
FNDA:30,(anonymous_0)
FNDA:20,(anonymous_1)
FNDA:80,(anonymous_2)
FNDA:1,(anonymous_3)
FNDA:1,(anonymous_4)
FNDA:2,(anonymous_5)
FNDA:2,(anonymous_6)
FNDA:5,(anonymous_7)
FNDA:72,(anonymous_8)
FNDA:5,(anonymous_9)
FNDA:36,(anonymous_10)
DA:15,2
DA:16,30
DA:19,2
DA:20,20
DA:30,20
DA:31,80
DA:33,18
DA:34,18
DA:35,18
DA:36,18
DA:37,18
DA:38,18
DA:39,18
DA:41,18
DA:42,1
DA:43,1
DA:49,18
DA:50,1
DA:52,18
DA:53,2
DA:54,1
DA:56,18
DA:57,2
DA:58,0
DA:60,2
DA:61,2
DA:62,1
DA:64,1
DA:65,1
DA:73,18
DA:74,5
DA:75,5
DA:76,4
DA:77,5
DA:78,5
DA:79,2
DA:80,1
DA:82,1
DA:87,2
DA:88,3
DA:89,1
DA:90,1
DA:94,2
DA:95,1
DA:96,1
DA:101,1
DA:102,1
DA:103,1
DA:110,18
DA:117,18
DA:170,72
DA:171,72
DA:191,5
DA:218,36
LF:54
LH:53
BRDA:53,0,0,1
BRDA:53,0,1,1
BRDA:57,1,0,0
BRDA:57,1,1,2
BRDA:61,2,0,1
BRDA:61,2,1,1
BRDA:75,3,0,1
BRDA:75,3,1,4
BRDA:78,4,0,2
BRDA:78,4,1,3
BRDA:79,5,0,1
BRDA:79,5,1,1
BRDA:79,6,0,2
BRDA:79,6,1,1
BRDA:87,7,0,1
BRDA:87,7,1,1
BRDA:88,8,0,1
BRDA:88,8,1,2
BRDA:94,9,0,1
BRDA:94,9,1,1
BRDA:101,10,0,1
BRDA:101,10,1,0
BRDA:136,11,0,11
BRDA:136,11,1,7
BRDA:179,12,0,13
BRDA:179,12,1,59
BRDA:187,13,0,13
BRDA:187,13,1,59
BRDA:200,14,0,10
BRDA:200,14,1,8
BRDA:211,15,0,10
BRDA:211,15,1,8
BRF:32
BRH:30
end_of_record
TN:
SF:src/components/organisms/SetPassword/index.tsx
FN:17,(anonymous_0)
FN:19,(anonymous_1)
FNF:2
FNH:2
FNDA:10,(anonymous_0)
FNDA:2,(anonymous_1)
DA:8,2
DA:9,2
DA:17,2
DA:18,10
DA:19,10
DA:20,2
DA:23,10
LF:7
LH:7
BRDA:31,0,0,1
BRDA:31,0,1,9
BRDA:38,1,0,1
BRDA:38,1,1,9
BRF:4
BRH:4
end_of_record
TN:
SF:src/components/organisms/SharingModal/index.tsx
FN:13,(anonymous_0)
FN:15,(anonymous_1)
FNF:2
FNH:2
FNDA:6,(anonymous_0)
FNDA:1,(anonymous_1)
DA:9,3
DA:10,3
DA:11,3
DA:13,3
DA:14,6
DA:15,6
DA:16,6
LF:7
LH:7
BRF:0
BRH:0
end_of_record
TN:
SF:src/components/organisms/SignUp/index.tsx
FN:21,(anonymous_0)
FN:22,(anonymous_1)
FN:39,(anonymous_2)
FN:43,(anonymous_3)
FN:60,(anonymous_4)
FN:77,(anonymous_5)
FN:104,(anonymous_6)
FN:159,(anonymous_7)
FNF:8
FNH:7
FNDA:12,(anonymous_0)
FNDA:10,(anonymous_1)
FNDA:2,(anonymous_2)
FNDA:2,(anonymous_3)
FNDA:8,(anonymous_4)
FNDA:3,(anonymous_5)
FNDA:0,(anonymous_6)
FNDA:1,(anonymous_7)
DA:21,2
DA:22,12
DA:23,10
DA:24,10
DA:34,10
DA:35,10
DA:36,10
DA:37,10
DA:38,10
DA:39,10
DA:40,2
DA:41,2
DA:43,10
DA:44,2
DA:45,2
DA:46,2
DA:47,2
DA:48,2
DA:53,2
DA:54,1
DA:55,1
DA:57,1
DA:60,10
DA:61,8
DA:64,10
DA:78,3
DA:79,2
DA:80,2
DA:82,1
DA:105,0
DA:160,1
LF:31
LH:30
BRDA:53,0,0,1
BRDA:53,0,1,1
BRDA:78,1,0,2
BRDA:78,1,1,1
BRF:4
BRH:4
end_of_record
TN:
SF:src/components/organisms/SureModal/index.tsx
FN:15,(anonymous_0)
FN:57,(anonymous_1)
FNF:2
FNH:2
FNDA:8,(anonymous_0)
FNDA:1,(anonymous_1)
DA:15,3
DA:16,8
DA:17,8
DA:58,1
LF:4
LH:4
BRF:0
BRH:0
end_of_record
TN:
SF:src/components/organisms/TwoFactorAuth/index.tsx
FN:25,(anonymous_0)
FN:29,(anonymous_1)
FN:33,(anonymous_2)
FN:36,(anonymous_3)
FN:64,(anonymous_4)
FN:101,(anonymous_5)
FN:165,(anonymous_6)
FNF:7
FNH:7
FNDA:27,(anonymous_0)
FNDA:2,(anonymous_1)
FNDA:3,(anonymous_2)
FNDA:7,(anonymous_3)
FNDA:5,(anonymous_4)
FNDA:12,(anonymous_5)
FNDA:8,(anonymous_6)
DA:25,2
DA:26,27
DA:27,27
DA:29,27
DA:30,2
DA:31,2
DA:33,27
DA:34,3
DA:36,27
DA:37,7
DA:38,7
DA:39,7
DA:40,4
DA:42,3
DA:43,3
DA:48,7
DA:49,4
DA:50,1
DA:51,1
DA:56,3
DA:57,3
DA:64,27
DA:65,5
DA:66,5
DA:67,5
DA:68,4
DA:69,4
DA:70,4
DA:71,2
DA:76,27
DA:102,12
DA:103,7
DA:105,5
DA:166,8
LF:34
LH:34
BRDA:39,0,0,4
BRDA:39,0,1,3
BRDA:48,1,0,4
BRDA:48,1,1,3
BRDA:49,2,0,1
BRDA:49,2,1,3
BRDA:67,3,0,4
BRDA:67,3,1,1
BRDA:70,4,0,2
BRDA:70,4,1,2
BRDA:78,5,0,27
BRDA:78,5,1,23
BRDA:85,6,0,14
BRDA:85,6,1,9
BRDA:92,7,0,14
BRDA:92,7,1,9
BRDA:100,8,0,14
BRDA:100,8,1,9
BRDA:102,9,0,7
BRDA:102,9,1,5
BRDA:108,10,0,14
BRDA:108,10,1,9
BRDA:110,11,0,14
BRDA:110,11,1,9
BRDA:132,12,0,23
BRDA:132,12,1,9
BRDA:132,12,2,9
BRDA:148,13,0,27
BRDA:148,13,1,4
BRF:29
BRH:29
end_of_record
TN:
SF:src/components/templates/Landing/index.tsx
FN:15,(anonymous_0)
FNF:1
FNH:1
FNDA:120,(anonymous_0)
DA:15,8
DA:16,120
LF:2
LH:2
BRF:0
BRH:0
end_of_record
TN:
SF:src/components/templates/LoginTemplate/index.tsx
FN:10,(anonymous_0)
FNF:1
FNH:1
FNDA:9,(anonymous_0)
DA:10,3
DA:11,9
LF:2
LH:2
BRF:0
BRH:0
end_of_record
TN:
SF:src/pages/AccountSetupPage/index.tsx
FN:22,(anonymous_0)
FN:33,(anonymous_1)
FN:47,(anonymous_2)
FN:53,(anonymous_3)
FN:107,(anonymous_4)
FN:110,(anonymous_5)
FN:147,(anonymous_6)
FN:162,(anonymous_7)
FN:166,(anonymous_8)
FNF:9
FNH:9
FNDA:22,(anonymous_0)
FNDA:21,(anonymous_1)
FNDA:6,(anonymous_2)
FNDA:7,(anonymous_3)
FNDA:1,(anonymous_4)
FNDA:5,(anonymous_5)
FNDA:2,(anonymous_6)
FNDA:2,(anonymous_7)
FNDA:2,(anonymous_8)
DA:22,1
DA:23,22
DA:24,21
DA:25,21
DA:26,21
DA:27,21
DA:28,21
DA:29,21
DA:31,21
DA:32,21
DA:33,21
DA:35,21
DA:39,21
DA:40,21
DA:41,21
DA:43,21
DA:45,21
DA:47,21
DA:48,6
DA:51,21
DA:53,21
DA:54,7
DA:56,1
DA:57,1
DA:58,1
DA:59,1
DA:60,1
DA:61,1
DA:62,1
DA:63,1
DA:66,4
DA:67,2
DA:68,2
DA:69,1
DA:70,1
DA:72,1
DA:73,1
DA:74,1
DA:75,1
DA:76,1
DA:77,1
DA:78,1
DA:80,4
DA:83,1
DA:84,1
DA:85,1
DA:86,1
DA:87,1
DA:88,1
DA:92,1
DA:93,1
DA:94,1
DA:95,1
DA:97,1
DA:101,1
DA:102,1
DA:107,21
DA:108,1
DA:110,21
DA:111,5
DA:113,1
DA:114,1
DA:115,1
DA:116,1
DA:117,1
DA:118,1
DA:119,1
DA:120,1
DA:121,1
DA:122,1
DA:125,3
DA:126,2
DA:127,2
DA:128,2
DA:130,1
DA:131,1
DA:132,1
DA:133,1
DA:134,1
DA:135,1
DA:136,1
DA:138,3
DA:141,1
DA:142,1
DA:147,21
DA:148,2
DA:149,1
DA:150,1
DA:151,1
DA:152,1
DA:153,1
DA:154,1
DA:155,1
DA:162,21
DA:163,2
DA:166,21
DA:167,2
DA:168,1
DA:169,1
DA:170,1
DA:172,1
DA:173,1
DA:174,1
DA:178,1
DA:182,21
LF:105
LH:105
BRDA:54,0,0,1
BRDA:54,0,1,4
BRDA:54,0,2,1
BRDA:54,0,3,1
BRDA:66,1,0,2
BRDA:66,1,1,2
BRDA:68,2,0,1
BRDA:68,2,1,1
BRDA:111,3,0,1
BRDA:111,3,1,3
BRDA:111,3,2,1
BRDA:125,4,0,2
BRDA:125,4,1,1
BRDA:148,5,0,1
BRDA:148,5,1,1
BRDA:167,6,0,1
BRDA:167,6,1,1
BRDA:257,7,0,21
BRDA:257,7,1,3
BRDA:267,8,0,21
BRDA:267,8,1,3
BRDA:275,9,0,21
BRDA:275,9,1,11
BRDA:290,10,0,21
BRDA:290,10,1,4
BRDA:300,11,0,21
BRDA:300,11,1,18
BRDA:300,11,2,11
BRDA:300,11,3,9
BRDA:300,11,4,16
BRDA:309,12,0,10
BRDA:309,12,1,6
BRF:32
BRH:32
end_of_record
TN:
SF:src/pages/BusinessPage/index.tsx
FN:20,(anonymous_0)
FN:28,(anonymous_1)
FN:29,(anonymous_2)
FN:30,(anonymous_3)
FN:48,(anonymous_4)
FN:94,(anonymous_5)
FN:133,(anonymous_6)
FN:153,(anonymous_7)
FN:170,(anonymous_8)
FN:181,(anonymous_9)
FN:212,(anonymous_10)
FN:235,(anonymous_11)
FN:240,(anonymous_12)
FN:244,(anonymous_13)
FN:248,(anonymous_14)
FNF:15
FNH:11
FNDA:30,(anonymous_0)
FNDA:29,(anonymous_1)
FNDA:29,(anonymous_2)
FNDA:29,(anonymous_3)
FNDA:14,(anonymous_4)
FNDA:4,(anonymous_5)
FNDA:1,(anonymous_6)
FNDA:1,(anonymous_7)
FNDA:1,(anonymous_8)
FNDA:1,(anonymous_9)
FNDA:2,(anonymous_10)
FNDA:0,(anonymous_11)
FNDA:0,(anonymous_12)
FNDA:0,(anonymous_13)
FNDA:0,(anonymous_14)
DA:20,1
DA:21,30
DA:22,29
DA:23,29
DA:24,29
DA:25,29
DA:26,29
DA:27,29
DA:28,29
DA:29,29
DA:30,29
DA:31,29
DA:32,29
DA:34,29
DA:37,29
DA:45,29
DA:46,29
DA:48,29
DA:49,14
DA:50,14
DA:51,14
DA:54,29
DA:95,4
DA:96,1
DA:97,1
DA:98,3
DA:99,1
DA:100,1
DA:101,1
DA:102,2
DA:103,1
DA:104,1
DA:105,1
DA:106,1
DA:107,1
DA:108,1
DA:109,1
DA:110,1
DA:111,1
DA:112,1
DA:134,1
DA:154,1
DA:155,1
DA:156,1
DA:157,1
DA:171,1
DA:172,1
DA:182,1
DA:183,1
DA:184,1
DA:185,1
DA:213,2
DA:214,1
DA:215,1
DA:216,1
DA:217,1
DA:218,1
DA:219,1
DA:220,1
DA:221,1
DA:222,1
DA:229,1
DA:230,1
DA:231,1
DA:236,0
DA:237,0
DA:238,0
DA:241,0
DA:242,0
DA:245,0
DA:249,0
DA:251,0
DA:257,0
LF:73
LH:64
BRDA:87,0,0,29
BRDA:87,0,1,27
BRDA:95,1,0,1
BRDA:95,1,1,3
BRDA:98,2,0,1
BRDA:98,2,1,2
BRDA:102,3,0,1
BRDA:102,3,1,1
BRDA:107,4,0,1
BRDA:107,4,1,0
BRDA:150,5,0,29
BRDA:150,5,1,2
BRDA:165,6,0,29
BRDA:165,6,1,4
BRDA:177,7,0,29
BRDA:177,7,1,3
BRDA:189,8,0,29
BRDA:189,8,1,7
BRDA:198,9,0,29
BRDA:198,9,1,13
BRDA:207,10,0,29
BRDA:207,10,1,22
BRDA:207,10,2,20
BRDA:213,11,0,1
BRDA:213,11,1,1
BRDA:221,12,0,1
BRDA:221,12,1,0
BRDA:261,13,0,16
BRDA:261,13,1,4
BRF:29
BRH:27
end_of_record
TN:
SF:src/pages/HomePage/index.tsx
FN:24,(anonymous_0)
FN:25,(anonymous_1)
FN:32,(anonymous_2)
FN:36,(anonymous_3)
FN:40,(anonymous_4)
FN:48,(anonymous_5)
FN:49,(anonymous_6)
FN:58,(anonymous_7)
FN:60,(anonymous_8)
FN:67,(anonymous_9)
FN:72,(anonymous_10)
FN:128,(anonymous_11)
FN:150,(anonymous_12)
FN:151,(anonymous_13)
FN:161,(anonymous_14)
FN:162,(anonymous_15)
FN:163,(anonymous_16)
FNF:17
FNH:11
FNDA:10,(anonymous_0)
FNDA:9,(anonymous_1)
FNDA:4,(anonymous_2)
FNDA:1,(anonymous_3)
FNDA:1,(anonymous_4)
FNDA:4,(anonymous_5)
FNDA:4,(anonymous_6)
FNDA:4,(anonymous_7)
FNDA:0,(anonymous_8)
FNDA:2,(anonymous_9)
FNDA:1,(anonymous_10)
FNDA:1,(anonymous_11)
FNDA:0,(anonymous_12)
FNDA:0,(anonymous_13)
FNDA:0,(anonymous_14)
FNDA:0,(anonymous_15)
FNDA:0,(anonymous_16)
DA:24,1
DA:25,10
DA:26,9
DA:28,9
DA:29,9
DA:30,9
DA:31,9
DA:32,9
DA:33,4
DA:34,4
DA:37,1
DA:38,1
DA:39,1
DA:40,1
DA:43,1
DA:45,3
DA:48,9
DA:49,4
DA:50,4
DA:51,4
DA:53,0
DA:57,4
DA:59,4
DA:61,0
DA:63,4
DA:65,9
DA:66,9
DA:67,9
DA:68,2
DA:69,2
DA:70,2
DA:72,9
DA:73,1
DA:75,9
DA:129,1
DA:151,0
DA:153,0
DA:162,0
DA:163,0
DA:164,0
LF:40
LH:33
BRDA:39,0,0,1
BRDA:39,0,1,0
BRDA:133,1,0,9
BRDA:133,1,1,9
BRDA:148,2,0,9
BRDA:148,2,1,9
BRDA:151,3,0,0
BRDA:151,3,1,0
BRDA:151,4,0,0
BRDA:151,4,1,0
BRDA:154,5,0,0
BRDA:154,5,1,0
BRDA:155,6,0,0
BRDA:155,6,1,0
BRDA:163,7,0,0
BRDA:163,7,1,0
BRDA:168,8,0,0
BRDA:168,8,1,0
BRDA:173,9,0,0
BRDA:173,9,1,0
BRF:20
BRH:5
end_of_record
TN:
SF:src/pages/LoginPage/index.tsx
FN:5,(anonymous_0)
FNF:1
FNH:1
FNDA:5,(anonymous_0)
DA:5,2
DA:6,5
LF:2
LH:2
BRF:0
BRH:0
end_of_record
TN:
SF:src/pages/SendMoneyPage/index.tsx
FN:47,(anonymous_0)
FN:63,(anonymous_1)
FN:64,(anonymous_2)
FN:65,(anonymous_3)
FN:66,(anonymous_4)
FN:67,(anonymous_5)
FN:70,(anonymous_6)
FN:108,(anonymous_7)
FN:111,(anonymous_8)
FN:115,(anonymous_9)
FN:249,(anonymous_10)
FN:265,(anonymous_11)
FN:270,(anonymous_12)
FN:281,(anonymous_13)
FN:289,(anonymous_14)
FN:364,(anonymous_15)
FN:543,(anonymous_16)
FNF:17
FNH:14
FNDA:56,(anonymous_0)
FNDA:55,(anonymous_1)
FNDA:55,(anonymous_2)
FNDA:55,(anonymous_3)
FNDA:55,(anonymous_4)
FNDA:55,(anonymous_5)
FNDA:15,(anonymous_6)
FNDA:0,(anonymous_7)
FNDA:0,(anonymous_8)
FNDA:10,(anonymous_9)
FNDA:2,(anonymous_10)
FNDA:5,(anonymous_11)
FNDA:3,(anonymous_12)
FNDA:14,(anonymous_13)
FNDA:0,(anonymous_14)
FNDA:1,(anonymous_15)
FNDA:22,(anonymous_16)
DA:47,1
DA:48,56
DA:50,56
DA:58,55
DA:59,55
DA:60,55
DA:61,55
DA:63,55
DA:64,55
DA:65,55
DA:66,55
DA:67,55
DA:68,55
DA:70,55
DA:71,15
DA:72,15
DA:73,15
DA:74,15
DA:75,15
DA:78,55
DA:79,55
DA:80,55
DA:81,55
DA:82,55
DA:83,55
DA:84,55
DA:85,55
DA:86,55
DA:87,55
DA:89,55
DA:90,55
DA:91,55
DA:92,55
DA:93,55
DA:94,55
DA:95,55
DA:96,55
DA:97,55
DA:98,55
DA:99,55
DA:108,55
DA:109,0
DA:111,55
DA:112,0
DA:113,0
DA:115,55
DA:116,10
DA:118,1
DA:119,1
DA:122,1
DA:123,1
DA:124,1
DA:127,1
DA:128,1
DA:129,1
DA:130,1
DA:131,1
DA:132,1
DA:133,1
DA:134,1
DA:136,1
DA:139,1
DA:147,1
DA:148,1
DA:149,1
DA:152,1
DA:160,1
DA:161,1
DA:162,1
DA:163,1
DA:164,1
DA:166,1
DA:167,1
DA:168,1
DA:171,1
DA:172,1
DA:173,1
DA:174,1
DA:175,1
DA:176,1
DA:177,1
DA:180,1
DA:181,1
DA:182,1
DA:183,1
DA:184,1
DA:185,1
DA:186,1
DA:187,1
DA:188,1
DA:191,1
DA:192,1
DA:193,1
DA:194,1
DA:195,1
DA:196,1
DA:197,1
DA:198,1
DA:200,1
DA:201,1
DA:204,2
DA:205,2
DA:206,2
DA:207,2
DA:208,2
DA:209,2
DA:210,2
DA:211,2
DA:212,2
DA:213,2
DA:216,0
DA:217,0
DA:218,0
DA:219,0
DA:222,0
DA:223,0
DA:224,0
DA:227,0
DA:228,0
DA:230,0
DA:231,0
DA:232,0
DA:233,0
DA:234,0
DA:236,0
DA:239,0
DA:240,0
DA:241,0
DA:242,0
DA:245,0
DA:249,55
DA:250,2
DA:251,2
DA:252,0
DA:253,0
DA:254,0
DA:255,2
DA:256,0
DA:257,0
DA:258,2
DA:259,0
DA:260,0
DA:261,0
DA:262,0
DA:265,55
DA:266,5
DA:267,5
DA:270,55
DA:271,3
DA:272,3
DA:273,3
DA:274,3
DA:275,3
DA:276,3
DA:277,3
DA:278,3
DA:281,55
DA:282,14
DA:283,7
DA:284,7
DA:285,7
DA:289,55
DA:290,0
DA:291,0
DA:294,55
DA:365,1
DA:544,22
DA:549,6
DA:550,6
DA:551,6
DA:552,6
DA:553,6
DA:554,6
DA:555,6
DA:556,16
DA:565,4
DA:566,4
DA:567,4
DA:568,4
DA:569,4
DA:570,4
DA:571,12
DA:572,4
DA:573,4
DA:574,8
DA:582,4
DA:583,4
DA:584,4
DA:585,4
DA:593,4
DA:594,4
DA:595,4
DA:596,4
DA:597,4
DA:598,4
LF:195
LH:161
BRDA:116,0,0,1
BRDA:116,0,1,1
BRDA:116,0,2,1
BRDA:116,0,3,1
BRDA:116,0,4,1
BRDA:116,0,5,1
BRDA:116,0,6,1
BRDA:116,0,7,1
BRDA:116,0,8,2
BRDA:116,0,9,0
BRDA:116,0,10,0
BRDA:116,0,11,0
BRDA:116,0,12,0
BRDA:116,0,13,0
BRDA:227,1,0,0
BRDA:227,1,1,0
BRDA:251,2,0,0
BRDA:251,2,1,2
BRDA:255,3,0,0
BRDA:255,3,1,2
BRDA:258,4,0,0
BRDA:258,4,1,2
BRDA:282,5,0,7
BRDA:282,5,1,7
BRDA:313,6,0,55
BRDA:313,6,1,45
BRDA:331,7,0,3
BRDA:331,7,1,52
BRDA:332,8,0,3
BRDA:332,8,1,52
BRDA:333,9,0,3
BRDA:333,9,1,52
BRDA:379,10,0,3
BRDA:379,10,1,52
BRDA:384,11,0,55
BRDA:384,11,1,10
BRDA:395,12,0,55
BRDA:395,12,1,8
BRDA:400,13,0,55
BRDA:400,13,1,7
BRDA:405,14,0,55
BRDA:405,14,1,6
BRDA:413,15,0,55
BRDA:413,15,1,5
BRDA:418,16,0,55
BRDA:418,16,1,5
BRDA:432,17,0,55
BRDA:432,17,1,5
BRDA:446,18,0,55
BRDA:446,18,1,6
BRDA:458,19,0,55
BRDA:458,19,1,3
BRDA:474,20,0,3
BRDA:474,20,1,3
BRDA:479,21,0,3
BRDA:479,21,1,3
BRDA:479,21,2,0
BRDA:487,22,0,3
BRDA:487,22,1,0
BRDA:492,23,0,3
BRDA:492,23,1,0
BRDA:495,24,0,3
BRDA:495,24,1,3
BRDA:505,25,0,55
BRDA:505,25,1,0
BRDA:515,26,0,55
BRDA:515,26,1,0
BRDA:520,27,0,55
BRDA:520,27,1,47
BRDA:520,27,2,41
BRDA:520,27,3,36
BRDA:520,27,4,31
BRDA:520,27,5,29
BRDA:544,28,0,6
BRDA:544,28,1,16
BRDA:545,29,0,22
BRDA:545,29,1,6
BRDA:545,29,2,6
BRDA:556,30,0,4
BRDA:556,30,1,12
BRDA:557,31,0,16
BRDA:557,31,1,4
BRDA:557,31,2,4
BRDA:557,31,3,4
BRDA:557,31,4,4
BRDA:557,31,5,4
BRDA:557,31,6,4
BRDA:571,32,0,4
BRDA:571,32,1,8
BRDA:571,33,0,12
BRDA:571,33,1,4
BRDA:574,34,0,4
BRDA:574,34,1,4
BRDA:575,35,0,8
BRDA:575,35,1,4
BRDA:575,35,2,4
BRDA:575,35,3,4
BRDA:575,35,4,4
BRDA:575,35,5,4
BRDA:585,36,0,4
BRDA:585,36,1,0
BRDA:586,37,0,4
BRDA:586,37,1,4
BRDA:586,37,2,4
BRDA:586,37,3,4
BRDA:586,37,4,4
BRDA:586,37,5,4
BRF:107
BRH:91
end_of_record
TN:
SF:src/pages/SignupPage/index.tsx
FN:5,(anonymous_0)
FNF:1
FNH:1
FNDA:3,(anonymous_0)
DA:5,1
DA:6,3
LF:2
LH:2
BRF:0
BRH:0
end_of_record
TN:
SF:src/state/reducers/index.tsx
FN:22,(anonymous_0)
FN:25,(anonymous_1)
FN:28,(anonymous_2)
FN:31,(anonymous_3)
FN:34,(anonymous_4)
FN:37,(anonymous_5)
FN:40,(anonymous_6)
FN:43,(anonymous_7)
FNF:8
FNH:0
FNDA:0,(anonymous_0)
FNDA:0,(anonymous_1)
FNDA:0,(anonymous_2)
FNDA:0,(anonymous_3)
FNDA:0,(anonymous_4)
FNDA:0,(anonymous_5)
FNDA:0,(anonymous_6)
FNDA:0,(anonymous_7)
DA:3,9
DA:18,9
DA:23,0
DA:26,0
DA:29,0
DA:32,0
DA:35,0
DA:38,0
DA:41,0
DA:44,0
DA:49,9
LF:11
LH:3
BRF:0
BRH:0
end_of_record
TN:
SF:src/state/store/index.tsx
FNF:0
FNH:0
DA:7,1
DA:12,1
DA:14,1
DA:18,1
LF:4
LH:4
BRF:0
BRH:0
end_of_record
TN:
SF:src/themes/index.tsx
FNF:0
FNH:0
DA:63,61
LF:1
LH:1
BRF:0
BRH:0
end_of_record
TN:
SF:src/utils/constants.ts
FNF:0
FNH:0
DA:1,33
DA:2,33
DA:3,33
DA:4,33
DA:5,33
DA:10,33
DA:11,33
DA:17,33
DA:18,33
DA:23,33
DA:30,33
DA:36,33
DA:41,33
DA:43,33
DA:45,33
DA:47,33
DA:48,33
DA:49,33
DA:50,33
DA:52,33
DA:54,33
DA:55,33
DA:56,33
DA:57,33
DA:60,33
DA:61,33
DA:62,33
DA:74,33
DA:75,33
DA:89,33
DA:95,33
DA:103,33
DA:105,33
DA:111,33
DA:139,33
DA:251,33
DA:256,33
DA:258,33
DA:260,33
DA:261,33
DA:263,33
DA:265,33
DA:266,33
DA:267,33
DA:268,33
DA:269,33
DA:270,33
DA:272,33
DA:273,33
DA:274,33
DA:275,33
DA:276,33
DA:277,33
DA:278,33
DA:280,33
DA:282,33
DA:284,33
DA:286,33
DA:287,33
DA:288,33
DA:289,33
DA:290,33
DA:291,33
DA:292,33
DA:293,33
DA:296,33
DA:297,33
DA:299,33
DA:300,33
DA:301,33
DA:302,33
DA:303,33
DA:304,33
DA:305,33
DA:307,33
DA:309,33
DA:310,33
DA:311,33
DA:312,33
DA:314,33
DA:315,33
DA:316,33
DA:343,33
DA:362,33
DA:381,33
DA:382,33
DA:383,33
DA:384,33
DA:385,33
DA:388,33
DA:390,33
DA:391,33
DA:392,33
DA:394,33
DA:400,33
DA:402,33
DA:408,33
DA:410,33
DA:436,33
DA:438,33
LF:100
LH:100
BRF:0
BRH:0
end_of_record
